---------------------------------------------------------------
[ 2018-06-01T10:49:19+08:00 ] 127.0.0.1 127.0.0.1 GET /admin.php/user/test?ref=addtabs
[ info ] fire.cc/admin.php/user/test?ref=addtabs [运行时间：0.083818s][吞吐率：11.93req/s] [内存消耗：1,816.41kb] [文件加载：74]
[ info ] [ BEHAVIOR ] Run Closure @app_init [ RunTime:0.000191s ]
[ info ] [ CACHE ] INIT File
[ info ] [ BEHAVIOR ] Run Closure @app_init [ RunTime:0.004718s ]
[ info ] [ LANG ] D:\phpStudy\WWW\fire\thinkphp\lang\zh-cn.php
[ info ] [ BIND ] 'admin'
[ info ] [ ROUTE ] array (
  'type' => 'module',
  'module' => 
  array (
    0 => 'admin',
    1 => 'user',
    2 => 'test',
  ),
)
[ info ] [ HEADER ] array (
  'accept-language' => 'zh-CN,zh;q=0.9',
  'accept-encoding' => 'gzip, deflate',
  'accept' => 'text/html,application/xhtml+xml,application/xml;q=0.9,image/webp,image/apng,*/*;q=0.8',
  'user-agent' => 'Mozilla/5.0 (Windows NT 10.0; WOW64) AppleWebKit/537.36 (KHTML, like Gecko) Chrome/63.0.3223.0 Safari/537.36',
  'upgrade-insecure-requests' => '1',
  'connection' => 'keep-alive',
  'host' => 'fire.cc',
  'content-length' => '',
  'content-type' => '',
)
[ info ] [ PARAM ] array (
  'ref' => 'addtabs',
)
[ info ] [ LANG ] D:\phpStudy\WWW\fire\public/../application/admin\lang\zh-cn.php
[ info ] [ BEHAVIOR ] Run app\common\behavior\Common @module_init [ RunTime:0.001981s ]
[ info ] [ SESSION ] INIT array (
  'id' => '',
  'var_session_id' => '',
  'prefix' => 'think',
  'type' => '',
  'auto_start' => true,
)
[ info ] [ VIEW ] D:\phpStudy\WWW\fire\public/../application/common\view\tpl\dispatch_jump.tpl [ array (
  0 => 'code',
  1 => 'msg',
  2 => 'data',
  3 => 'url',
  4 => 'wait',
) ]
[ info ] [ BEHAVIOR ] Run app\admin\behavior\AdminLog @app_end [ RunTime:0.000542s ]
[ info ] [ LOG ] INIT File
---------------------------------------------------------------
[ 2018-06-01T10:49:22+08:00 ] 127.0.0.1 127.0.0.1 GET /admin.php/index/login?url=%2Fadmin.php%2Fuser%2Ftest%3Fref%3Daddtabs
[ info ] fire.cc/admin.php/index/login?url=%2Fadmin.php%2Fuser%2Ftest%3Fref%3Daddtabs [运行时间：0.053442s][吞吐率：18.71req/s] [内存消耗：2,109.45kb] [文件加载：77]
[ info ] [ BEHAVIOR ] Run Closure @app_init [ RunTime:0.000043s ]
[ info ] [ CACHE ] INIT File
[ info ] [ BEHAVIOR ] Run Closure @app_init [ RunTime:0.002296s ]
[ info ] [ LANG ] D:\phpStudy\WWW\fire\thinkphp\lang\zh-cn.php
[ info ] [ BIND ] 'admin'
[ info ] [ ROUTE ] array (
  'type' => 'module',
  'module' => 
  array (
    0 => 'admin',
    1 => 'index',
    2 => 'login',
  ),
)
[ info ] [ HEADER ] array (
  'cookie' => 'PHPSESSID=ricitiku7a0o5fkhq82sfous66',
  'accept-language' => 'zh-CN,zh;q=0.9',
  'accept-encoding' => 'gzip, deflate',
  'referer' => 'http://fire.cc/admin.php/user/test?ref=addtabs',
  'accept' => 'text/html,application/xhtml+xml,application/xml;q=0.9,image/webp,image/apng,*/*;q=0.8',
  'user-agent' => 'Mozilla/5.0 (Windows NT 10.0; WOW64) AppleWebKit/537.36 (KHTML, like Gecko) Chrome/63.0.3223.0 Safari/537.36',
  'upgrade-insecure-requests' => '1',
  'connection' => 'keep-alive',
  'host' => 'fire.cc',
  'content-length' => '',
  'content-type' => '',
)
[ info ] [ PARAM ] array (
  'url' => '/admin.php/user/test?ref=addtabs',
)
[ info ] [ LANG ] D:\phpStudy\WWW\fire\public/../application/admin\lang\zh-cn.php
[ info ] [ BEHAVIOR ] Run app\common\behavior\Common @module_init [ RunTime:0.000473s ]
[ info ] [ SESSION ] INIT array (
  'id' => '',
  'var_session_id' => '',
  'prefix' => 'think',
  'type' => '',
  'auto_start' => true,
)
[ info ] [ LANG ] D:\phpStudy\WWW\fire\public/../application/admin/lang/zh-cn/index.php
[ info ] [ RUN ] app\admin\controller\Index->login[ D:\phpStudy\WWW\fire\application\admin\controller\Index.php ]
[ info ] [ VIEW ] D:\phpStudy\WWW\fire\public/../application/admin\view\index\login.html [ array (
  0 => 'breadcrumb',
  1 => 'site',
  2 => 'config',
  3 => 'auth',
  4 => 'admin',
  5 => 'background',
) ]
[ info ] [ BEHAVIOR ] Run app\admin\behavior\AdminLog @app_end [ RunTime:0.000520s ]
[ info ] [ LOG ] INIT File
---------------------------------------------------------------
[ 2018-06-01T10:49:23+08:00 ] 127.0.0.1 127.0.0.1 GET /admin.php/ajax/lang?callback=define&controllername=index&v=1527821362
[ info ] fire.cc/admin.php/ajax/lang?callback=define&controllername=index&v=1527821362 [运行时间：0.110847s][吞吐率：9.02req/s] [内存消耗：2,118.32kb] [文件加载：76]
[ info ] [ BEHAVIOR ] Run Closure @app_init [ RunTime:0.000054s ]
[ info ] [ CACHE ] INIT File
[ info ] [ BEHAVIOR ] Run Closure @app_init [ RunTime:0.002302s ]
[ info ] [ LANG ] D:\phpStudy\WWW\fire\thinkphp\lang\zh-cn.php
[ info ] [ BIND ] 'admin'
[ info ] [ ROUTE ] array (
  'type' => 'module',
  'module' => 
  array (
    0 => 'admin',
    1 => 'ajax',
    2 => 'lang',
  ),
)
[ info ] [ HEADER ] array (
  'cookie' => 'PHPSESSID=ricitiku7a0o5fkhq82sfous66',
  'accept-language' => 'zh-CN,zh;q=0.9',
  'accept-encoding' => 'gzip, deflate',
  'referer' => 'http://fire.cc/admin.php/index/login?url=%2Fadmin.php%2Fuser%2Ftest%3Fref%3Daddtabs',
  'accept' => '*/*',
  'user-agent' => 'Mozilla/5.0 (Windows NT 10.0; WOW64) AppleWebKit/537.36 (KHTML, like Gecko) Chrome/63.0.3223.0 Safari/537.36',
  'connection' => 'keep-alive',
  'host' => 'fire.cc',
  'content-length' => '',
  'content-type' => '',
)
[ info ] [ PARAM ] array (
  'callback' => 'define',
  'controllername' => 'index',
  'v' => '1527821362',
)
[ info ] [ LANG ] D:\phpStudy\WWW\fire\public/../application/admin\lang\zh-cn.php
[ info ] [ BEHAVIOR ] Run app\common\behavior\Common @module_init [ RunTime:0.003875s ]
[ info ] [ SESSION ] INIT array (
  'id' => '',
  'var_session_id' => '',
  'prefix' => 'think',
  'type' => '',
  'auto_start' => true,
)
[ info ] [ RUN ] app\admin\controller\Ajax->lang[ D:\phpStudy\WWW\fire\application\admin\controller\Ajax.php ]
[ info ] [ LANG ] D:\phpStudy\WWW\fire\public/../application/admin/lang/zh-cn/index.php
[ info ] [ BEHAVIOR ] Run app\admin\behavior\AdminLog @app_end [ RunTime:0.000496s ]
[ info ] [ LOG ] INIT File
---------------------------------------------------------------
[ 2018-06-01T10:49:26+08:00 ] 127.0.0.1 127.0.0.1 GET /assets/css/backend.css.map
[ info ] fire.cc/assets/css/backend.css.map [运行时间：0.037895s][吞吐率：26.39req/s] [内存消耗：1,362.31kb] [文件加载：58]
[ info ] [ BEHAVIOR ] Run Closure @app_init [ RunTime:0.000042s ]
[ info ] [ CACHE ] INIT File
[ info ] [ BEHAVIOR ] Run Closure @app_init [ RunTime:0.002309s ]
[ info ] [ LANG ] D:\phpStudy\WWW\fire\thinkphp\lang\zh-cn.php
[ info ] [ ROUTE ] array (
  'type' => 'module',
  'module' => 
  array (
    0 => 'assets',
    1 => 'css',
    2 => 'backend.css.map',
  ),
)
[ info ] [ HEADER ] array (
  'cookie' => 'PHPSESSID=ricitiku7a0o5fkhq82sfous66',
  'accept-language' => 'zh-CN,zh;q=0.9',
  'accept-encoding' => 'gzip, deflate',
  'user-agent' => 'Mozilla/5.0 (Windows NT 10.0; WOW64) AppleWebKit/537.36 (KHTML, like Gecko) Chrome/63.0.3223.0 Safari/537.36',
  'connection' => 'keep-alive',
  'host' => 'fire.cc',
  'content-length' => '',
  'content-type' => '',
)
[ info ] [ PARAM ] array (
)
[ info ] [ LOG ] INIT File
---------------------------------------------------------------
[ 2018-06-01T10:49:26+08:00 ] 127.0.0.1 127.0.0.1 GET /assets/css/fastadmin.min.css.map
[ info ] fire.cc/assets/css/fastadmin.min.css.map [运行时间：0.041612s][吞吐率：24.03req/s] [内存消耗：1,362.35kb] [文件加载：58]
[ info ] [ BEHAVIOR ] Run Closure @app_init [ RunTime:0.000043s ]
[ info ] [ CACHE ] INIT File
[ info ] [ BEHAVIOR ] Run Closure @app_init [ RunTime:0.003082s ]
[ info ] [ LANG ] D:\phpStudy\WWW\fire\thinkphp\lang\zh-cn.php
[ info ] [ ROUTE ] array (
  'type' => 'module',
  'module' => 
  array (
    0 => 'assets',
    1 => 'css',
    2 => 'fastadmin.min.css.map',
  ),
)
[ info ] [ HEADER ] array (
  'cookie' => 'PHPSESSID=ricitiku7a0o5fkhq82sfous66',
  'accept-language' => 'zh-CN,zh;q=0.9',
  'accept-encoding' => 'gzip, deflate',
  'user-agent' => 'Mozilla/5.0 (Windows NT 10.0; WOW64) AppleWebKit/537.36 (KHTML, like Gecko) Chrome/63.0.3223.0 Safari/537.36',
  'connection' => 'keep-alive',
  'host' => 'fire.cc',
  'content-length' => '',
  'content-type' => '',
)
[ info ] [ PARAM ] array (
)
[ info ] [ LOG ] INIT File
---------------------------------------------------------------
[ 2018-06-01T10:49:26+08:00 ] 127.0.0.1 127.0.0.1 GET /assets/css/skins/skin-green.css.map
[ info ] fire.cc/assets/css/skins/skin-green.css.map [运行时间：0.049684s][吞吐率：20.13req/s] [内存消耗：1,362.30kb] [文件加载：58]
[ info ] [ BEHAVIOR ] Run Closure @app_init [ RunTime:0.000043s ]
[ info ] [ CACHE ] INIT File
[ info ] [ BEHAVIOR ] Run Closure @app_init [ RunTime:0.002724s ]
[ info ] [ LANG ] D:\phpStudy\WWW\fire\thinkphp\lang\zh-cn.php
[ info ] [ ROUTE ] array (
  'type' => 'module',
  'module' => 
  array (
    0 => 'assets',
    1 => 'css',
    2 => 'skins',
  ),
)
[ info ] [ HEADER ] array (
  'cookie' => 'PHPSESSID=ricitiku7a0o5fkhq82sfous66',
  'accept-language' => 'zh-CN,zh;q=0.9',
  'accept-encoding' => 'gzip, deflate',
  'user-agent' => 'Mozilla/5.0 (Windows NT 10.0; WOW64) AppleWebKit/537.36 (KHTML, like Gecko) Chrome/63.0.3223.0 Safari/537.36',
  'connection' => 'keep-alive',
  'host' => 'fire.cc',
  'content-length' => '',
  'content-type' => '',
)
[ info ] [ PARAM ] array (
)
[ info ] [ LOG ] INIT File
---------------------------------------------------------------
[ 2018-06-01T10:49:26+08:00 ] 127.0.0.1 127.0.0.1 GET /assets/css/bootstrap.min.css.map
[ info ] fire.cc/assets/css/bootstrap.min.css.map [运行时间：0.037876s][吞吐率：26.40req/s] [内存消耗：1,362.35kb] [文件加载：58]
[ info ] [ BEHAVIOR ] Run Closure @app_init [ RunTime:0.000047s ]
[ info ] [ CACHE ] INIT File
[ info ] [ BEHAVIOR ] Run Closure @app_init [ RunTime:0.003022s ]
[ info ] [ LANG ] D:\phpStudy\WWW\fire\thinkphp\lang\zh-cn.php
[ info ] [ ROUTE ] array (
  'type' => 'module',
  'module' => 
  array (
    0 => 'assets',
    1 => 'css',
    2 => 'bootstrap.min.css.map',
  ),
)
[ info ] [ HEADER ] array (
  'cookie' => 'PHPSESSID=ricitiku7a0o5fkhq82sfous66',
  'accept-language' => 'zh-CN,zh;q=0.9',
  'accept-encoding' => 'gzip, deflate',
  'user-agent' => 'Mozilla/5.0 (Windows NT 10.0; WOW64) AppleWebKit/537.36 (KHTML, like Gecko) Chrome/63.0.3223.0 Safari/537.36',
  'connection' => 'keep-alive',
  'host' => 'fire.cc',
  'content-length' => '',
  'content-type' => '',
)
[ info ] [ PARAM ] array (
)
[ info ] [ LOG ] INIT File
---------------------------------------------------------------
[ 2018-06-01T10:51:34+08:00 ] 127.0.0.1 127.0.0.1 GET /admin.php/user/test?ref=addtabs
[ info ] fire.cc/admin.php/user/test?ref=addtabs [运行时间：0.050549s][吞吐率：19.78req/s] [内存消耗：1,816.79kb] [文件加载：74]
[ info ] [ BEHAVIOR ] Run Closure @app_init [ RunTime:0.000041s ]
[ info ] [ CACHE ] INIT File
[ info ] [ BEHAVIOR ] Run Closure @app_init [ RunTime:0.002416s ]
[ info ] [ LANG ] D:\phpStudy\WWW\fire\thinkphp\lang\zh-cn.php
[ info ] [ BIND ] 'admin'
[ info ] [ ROUTE ] array (
  'type' => 'module',
  'module' => 
  array (
    0 => 'admin',
    1 => 'user',
    2 => 'test',
  ),
)
[ info ] [ HEADER ] array (
  'cookie' => 'PHPSESSID=ricitiku7a0o5fkhq82sfous66',
  'accept-language' => 'zh-CN,zh;q=0.9',
  'accept-encoding' => 'gzip, deflate',
  'accept' => 'text/html,application/xhtml+xml,application/xml;q=0.9,image/webp,image/apng,*/*;q=0.8',
  'user-agent' => 'Mozilla/5.0 (Windows NT 10.0; WOW64) AppleWebKit/537.36 (KHTML, like Gecko) Chrome/63.0.3223.0 Safari/537.36',
  'upgrade-insecure-requests' => '1',
  'connection' => 'keep-alive',
  'host' => 'fire.cc',
  'content-length' => '',
  'content-type' => '',
)
[ info ] [ PARAM ] array (
  'ref' => 'addtabs',
)
[ info ] [ LANG ] D:\phpStudy\WWW\fire\public/../application/admin\lang\zh-cn.php
[ info ] [ BEHAVIOR ] Run app\common\behavior\Common @module_init [ RunTime:0.000776s ]
[ info ] [ SESSION ] INIT array (
  'id' => '',
  'var_session_id' => '',
  'prefix' => 'think',
  'type' => '',
  'auto_start' => true,
)
[ info ] [ VIEW ] D:\phpStudy\WWW\fire\public/../application/common\view\tpl\dispatch_jump.tpl [ array (
  0 => 'code',
  1 => 'msg',
  2 => 'data',
  3 => 'url',
  4 => 'wait',
) ]
[ info ] [ BEHAVIOR ] Run app\admin\behavior\AdminLog @app_end [ RunTime:0.000546s ]
[ info ] [ LOG ] INIT File
---------------------------------------------------------------
[ 2018-06-01T10:51:38+08:00 ] 127.0.0.1 127.0.0.1 GET /admin.php/index/login?url=%2Fadmin.php%2Fuser%2Ftest%3Fref%3Daddtabs
[ info ] fire.cc/admin.php/index/login?url=%2Fadmin.php%2Fuser%2Ftest%3Fref%3Daddtabs [运行时间：0.050186s][吞吐率：19.93req/s] [内存消耗：2,109.47kb] [文件加载：77]
[ info ] [ BEHAVIOR ] Run Closure @app_init [ RunTime:0.000037s ]
[ info ] [ CACHE ] INIT File
[ info ] [ BEHAVIOR ] Run Closure @app_init [ RunTime:0.002270s ]
[ info ] [ LANG ] D:\phpStudy\WWW\fire\thinkphp\lang\zh-cn.php
[ info ] [ BIND ] 'admin'
[ info ] [ ROUTE ] array (
  'type' => 'module',
  'module' => 
  array (
    0 => 'admin',
    1 => 'index',
    2 => 'login',
  ),
)
[ info ] [ HEADER ] array (
  'cookie' => 'PHPSESSID=ricitiku7a0o5fkhq82sfous66',
  'accept-language' => 'zh-CN,zh;q=0.9',
  'accept-encoding' => 'gzip, deflate',
  'referer' => 'http://fire.cc/admin.php/user/test?ref=addtabs',
  'accept' => 'text/html,application/xhtml+xml,application/xml;q=0.9,image/webp,image/apng,*/*;q=0.8',
  'user-agent' => 'Mozilla/5.0 (Windows NT 10.0; WOW64) AppleWebKit/537.36 (KHTML, like Gecko) Chrome/63.0.3223.0 Safari/537.36',
  'upgrade-insecure-requests' => '1',
  'connection' => 'keep-alive',
  'host' => 'fire.cc',
  'content-length' => '',
  'content-type' => '',
)
[ info ] [ PARAM ] array (
  'url' => '/admin.php/user/test?ref=addtabs',
)
[ info ] [ LANG ] D:\phpStudy\WWW\fire\public/../application/admin\lang\zh-cn.php
[ info ] [ BEHAVIOR ] Run app\common\behavior\Common @module_init [ RunTime:0.000484s ]
[ info ] [ SESSION ] INIT array (
  'id' => '',
  'var_session_id' => '',
  'prefix' => 'think',
  'type' => '',
  'auto_start' => true,
)
[ info ] [ LANG ] D:\phpStudy\WWW\fire\public/../application/admin/lang/zh-cn/index.php
[ info ] [ RUN ] app\admin\controller\Index->login[ D:\phpStudy\WWW\fire\application\admin\controller\Index.php ]
[ info ] [ VIEW ] D:\phpStudy\WWW\fire\public/../application/admin\view\index\login.html [ array (
  0 => 'breadcrumb',
  1 => 'site',
  2 => 'config',
  3 => 'auth',
  4 => 'admin',
  5 => 'background',
) ]
[ info ] [ BEHAVIOR ] Run app\admin\behavior\AdminLog @app_end [ RunTime:0.000483s ]
[ info ] [ LOG ] INIT File
---------------------------------------------------------------
[ 2018-06-01T10:51:38+08:00 ] 127.0.0.1 127.0.0.1 GET /admin.php/ajax/lang?callback=define&controllername=index&v=1527821498
[ info ] fire.cc/admin.php/ajax/lang?callback=define&controllername=index&v=1527821498 [运行时间：0.047417s][吞吐率：21.09req/s] [内存消耗：2,118.32kb] [文件加载：76]
[ info ] [ BEHAVIOR ] Run Closure @app_init [ RunTime:0.000038s ]
[ info ] [ CACHE ] INIT File
[ info ] [ BEHAVIOR ] Run Closure @app_init [ RunTime:0.002182s ]
[ info ] [ LANG ] D:\phpStudy\WWW\fire\thinkphp\lang\zh-cn.php
[ info ] [ BIND ] 'admin'
[ info ] [ ROUTE ] array (
  'type' => 'module',
  'module' => 
  array (
    0 => 'admin',
    1 => 'ajax',
    2 => 'lang',
  ),
)
[ info ] [ HEADER ] array (
  'cookie' => 'PHPSESSID=ricitiku7a0o5fkhq82sfous66',
  'accept-language' => 'zh-CN,zh;q=0.9',
  'accept-encoding' => 'gzip, deflate',
  'referer' => 'http://fire.cc/admin.php/index/login?url=%2Fadmin.php%2Fuser%2Ftest%3Fref%3Daddtabs',
  'accept' => '*/*',
  'user-agent' => 'Mozilla/5.0 (Windows NT 10.0; WOW64) AppleWebKit/537.36 (KHTML, like Gecko) Chrome/63.0.3223.0 Safari/537.36',
  'connection' => 'keep-alive',
  'host' => 'fire.cc',
  'content-length' => '',
  'content-type' => '',
)
[ info ] [ PARAM ] array (
  'callback' => 'define',
  'controllername' => 'index',
  'v' => '1527821498',
)
[ info ] [ LANG ] D:\phpStudy\WWW\fire\public/../application/admin\lang\zh-cn.php
[ info ] [ BEHAVIOR ] Run app\common\behavior\Common @module_init [ RunTime:0.000510s ]
[ info ] [ SESSION ] INIT array (
  'id' => '',
  'var_session_id' => '',
  'prefix' => 'think',
  'type' => '',
  'auto_start' => true,
)
[ info ] [ RUN ] app\admin\controller\Ajax->lang[ D:\phpStudy\WWW\fire\application\admin\controller\Ajax.php ]
[ info ] [ LANG ] D:\phpStudy\WWW\fire\public/../application/admin/lang/zh-cn/index.php
[ info ] [ BEHAVIOR ] Run app\admin\behavior\AdminLog @app_end [ RunTime:0.000563s ]
[ info ] [ LOG ] INIT File
---------------------------------------------------------------
[ 2018-06-01T10:51:41+08:00 ] 127.0.0.1 127.0.0.1 GET /assets/css/backend.css.map
[ info ] fire.cc/assets/css/backend.css.map [运行时间：0.034975s][吞吐率：28.59req/s] [内存消耗：1,362.31kb] [文件加载：58]
[ info ] [ BEHAVIOR ] Run Closure @app_init [ RunTime:0.000042s ]
[ info ] [ CACHE ] INIT File
[ info ] [ BEHAVIOR ] Run Closure @app_init [ RunTime:0.002324s ]
[ info ] [ LANG ] D:\phpStudy\WWW\fire\thinkphp\lang\zh-cn.php
[ info ] [ ROUTE ] array (
  'type' => 'module',
  'module' => 
  array (
    0 => 'assets',
    1 => 'css',
    2 => 'backend.css.map',
  ),
)
[ info ] [ HEADER ] array (
  'cookie' => 'PHPSESSID=ricitiku7a0o5fkhq82sfous66',
  'accept-language' => 'zh-CN,zh;q=0.9',
  'accept-encoding' => 'gzip, deflate',
  'user-agent' => 'Mozilla/5.0 (Windows NT 10.0; WOW64) AppleWebKit/537.36 (KHTML, like Gecko) Chrome/63.0.3223.0 Safari/537.36',
  'connection' => 'keep-alive',
  'host' => 'fire.cc',
  'content-length' => '',
  'content-type' => '',
)
[ info ] [ PARAM ] array (
)
[ info ] [ LOG ] INIT File
---------------------------------------------------------------
[ 2018-06-01T10:51:41+08:00 ] 127.0.0.1 127.0.0.1 GET /assets/css/bootstrap.min.css.map
[ info ] fire.cc/assets/css/bootstrap.min.css.map [运行时间：0.043094s][吞吐率：23.21req/s] [内存消耗：1,362.35kb] [文件加载：58]
[ info ] [ BEHAVIOR ] Run Closure @app_init [ RunTime:0.000056s ]
[ info ] [ CACHE ] INIT File
[ info ] [ BEHAVIOR ] Run Closure @app_init [ RunTime:0.004673s ]
[ info ] [ LANG ] D:\phpStudy\WWW\fire\thinkphp\lang\zh-cn.php
[ info ] [ ROUTE ] array (
  'type' => 'module',
  'module' => 
  array (
    0 => 'assets',
    1 => 'css',
    2 => 'bootstrap.min.css.map',
  ),
)
[ info ] [ HEADER ] array (
  'cookie' => 'PHPSESSID=ricitiku7a0o5fkhq82sfous66',
  'accept-language' => 'zh-CN,zh;q=0.9',
  'accept-encoding' => 'gzip, deflate',
  'user-agent' => 'Mozilla/5.0 (Windows NT 10.0; WOW64) AppleWebKit/537.36 (KHTML, like Gecko) Chrome/63.0.3223.0 Safari/537.36',
  'connection' => 'keep-alive',
  'host' => 'fire.cc',
  'content-length' => '',
  'content-type' => '',
)
[ info ] [ PARAM ] array (
)
[ info ] [ LOG ] INIT File
---------------------------------------------------------------
[ 2018-06-01T10:51:42+08:00 ] 127.0.0.1 127.0.0.1 GET /assets/css/fastadmin.min.css.map
[ info ] fire.cc/assets/css/fastadmin.min.css.map [运行时间：0.042301s][吞吐率：23.64req/s] [内存消耗：1,362.35kb] [文件加载：58]
[ info ] [ BEHAVIOR ] Run Closure @app_init [ RunTime:0.000046s ]
[ info ] [ CACHE ] INIT File
[ info ] [ BEHAVIOR ] Run Closure @app_init [ RunTime:0.002189s ]
[ info ] [ LANG ] D:\phpStudy\WWW\fire\thinkphp\lang\zh-cn.php
[ info ] [ ROUTE ] array (
  'type' => 'module',
  'module' => 
  array (
    0 => 'assets',
    1 => 'css',
    2 => 'fastadmin.min.css.map',
  ),
)
[ info ] [ HEADER ] array (
  'cookie' => 'PHPSESSID=ricitiku7a0o5fkhq82sfous66',
  'accept-language' => 'zh-CN,zh;q=0.9',
  'accept-encoding' => 'gzip, deflate',
  'user-agent' => 'Mozilla/5.0 (Windows NT 10.0; WOW64) AppleWebKit/537.36 (KHTML, like Gecko) Chrome/63.0.3223.0 Safari/537.36',
  'connection' => 'keep-alive',
  'host' => 'fire.cc',
  'content-length' => '',
  'content-type' => '',
)
[ info ] [ PARAM ] array (
)
[ info ] [ LOG ] INIT File
---------------------------------------------------------------
[ 2018-06-01T10:51:42+08:00 ] 127.0.0.1 127.0.0.1 GET /assets/css/skins/skin-green.css.map
[ info ] fire.cc/assets/css/skins/skin-green.css.map [运行时间：0.045262s][吞吐率：22.09req/s] [内存消耗：1,362.30kb] [文件加载：58]
[ info ] [ BEHAVIOR ] Run Closure @app_init [ RunTime:0.000044s ]
[ info ] [ CACHE ] INIT File
[ info ] [ BEHAVIOR ] Run Closure @app_init [ RunTime:0.003779s ]
[ info ] [ LANG ] D:\phpStudy\WWW\fire\thinkphp\lang\zh-cn.php
[ info ] [ ROUTE ] array (
  'type' => 'module',
  'module' => 
  array (
    0 => 'assets',
    1 => 'css',
    2 => 'skins',
  ),
)
[ info ] [ HEADER ] array (
  'cookie' => 'PHPSESSID=ricitiku7a0o5fkhq82sfous66',
  'accept-language' => 'zh-CN,zh;q=0.9',
  'accept-encoding' => 'gzip, deflate',
  'user-agent' => 'Mozilla/5.0 (Windows NT 10.0; WOW64) AppleWebKit/537.36 (KHTML, like Gecko) Chrome/63.0.3223.0 Safari/537.36',
  'connection' => 'keep-alive',
  'host' => 'fire.cc',
  'content-length' => '',
  'content-type' => '',
)
[ info ] [ PARAM ] array (
)
[ info ] [ LOG ] INIT File
---------------------------------------------------------------
[ 2018-06-01T10:51:59+08:00 ] 127.0.0.1 127.0.0.1 GET /favicon.ico
[ info ] fire.cc/favicon.ico [运行时间：0.034214s][吞吐率：29.23req/s] [内存消耗：1,362.93kb] [文件加载：58]
[ info ] [ BEHAVIOR ] Run Closure @app_init [ RunTime:0.000041s ]
[ info ] [ CACHE ] INIT File
[ info ] [ BEHAVIOR ] Run Closure @app_init [ RunTime:0.002180s ]
[ info ] [ LANG ] D:\phpStudy\WWW\fire\thinkphp\lang\zh-cn.php
[ info ] [ ROUTE ] array (
  'type' => 'module',
  'module' => 
  array (
    0 => 'favicon.ico',
    1 => NULL,
    2 => NULL,
  ),
)
[ info ] [ HEADER ] array (
  'cookie' => 'PHPSESSID=ricitiku7a0o5fkhq82sfous66',
  'accept-language' => 'zh-CN,zh;q=0.9',
  'accept-encoding' => 'gzip, deflate',
  'referer' => 'http://fire.cc/assets/img/loginbg.jpg',
  'accept' => 'image/webp,image/apng,image/*,*/*;q=0.8',
  'user-agent' => 'Mozilla/5.0 (Windows NT 10.0; WOW64) AppleWebKit/537.36 (KHTML, like Gecko) Chrome/63.0.3223.0 Safari/537.36',
  'connection' => 'keep-alive',
  'host' => 'fire.cc',
  'content-length' => '',
  'content-type' => '',
)
[ info ] [ PARAM ] array (
)
[ info ] [ LOG ] INIT File
---------------------------------------------------------------
[ 2018-06-01T10:56:30+08:00 ] 127.0.0.1 127.0.0.1 GET /admin.php/index/login?url=%2Fadmin.php%2Fuser%2Ftest%3Fref%3Daddtabs
[ info ] fire.cc/admin.php/index/login?url=%2Fadmin.php%2Fuser%2Ftest%3Fref%3Daddtabs [运行时间：0.055983s][吞吐率：17.86req/s] [内存消耗：2,109.93kb] [文件加载：77]
[ info ] [ BEHAVIOR ] Run Closure @app_init [ RunTime:0.000045s ]
[ info ] [ CACHE ] INIT File
[ info ] [ BEHAVIOR ] Run Closure @app_init [ RunTime:0.002616s ]
[ info ] [ LANG ] D:\phpStudy\WWW\fire\thinkphp\lang\zh-cn.php
[ info ] [ BIND ] 'admin'
[ info ] [ ROUTE ] array (
  'type' => 'module',
  'module' => 
  array (
    0 => 'admin',
    1 => 'index',
    2 => 'login',
  ),
)
[ info ] [ HEADER ] array (
  'cookie' => 'PHPSESSID=ricitiku7a0o5fkhq82sfous66',
  'accept-language' => 'zh-CN,zh;q=0.9',
  'accept-encoding' => 'gzip, deflate',
  'referer' => 'http://fire.cc/admin.php/user/test?ref=addtabs',
  'accept' => 'text/html,application/xhtml+xml,application/xml;q=0.9,image/webp,image/apng,*/*;q=0.8',
  'upgrade-insecure-requests' => '1',
  'user-agent' => 'Mozilla/5.0 (Windows NT 10.0; WOW64) AppleWebKit/537.36 (KHTML, like Gecko) Chrome/63.0.3223.0 Safari/537.36',
  'cache-control' => 'no-cache',
  'pragma' => 'no-cache',
  'connection' => 'keep-alive',
  'host' => 'fire.cc',
  'content-length' => '',
  'content-type' => '',
)
[ info ] [ PARAM ] array (
  'url' => '/admin.php/user/test?ref=addtabs',
)
[ info ] [ LANG ] D:\phpStudy\WWW\fire\public/../application/admin\lang\zh-cn.php
[ info ] [ BEHAVIOR ] Run app\common\behavior\Common @module_init [ RunTime:0.000630s ]
[ info ] [ SESSION ] INIT array (
  'id' => '',
  'var_session_id' => '',
  'prefix' => 'think',
  'type' => '',
  'auto_start' => true,
)
[ info ] [ LANG ] D:\phpStudy\WWW\fire\public/../application/admin/lang/zh-cn/index.php
[ info ] [ RUN ] app\admin\controller\Index->login[ D:\phpStudy\WWW\fire\application\admin\controller\Index.php ]
[ info ] [ VIEW ] D:\phpStudy\WWW\fire\public/../application/admin\view\index\login.html [ array (
  0 => 'breadcrumb',
  1 => 'site',
  2 => 'config',
  3 => 'auth',
  4 => 'admin',
  5 => 'background',
) ]
[ info ] [ BEHAVIOR ] Run app\admin\behavior\AdminLog @app_end [ RunTime:0.000470s ]
[ info ] [ LOG ] INIT File
---------------------------------------------------------------
[ 2018-06-01T10:56:31+08:00 ] 127.0.0.1 127.0.0.1 GET /assets/css/backend.css.map
[ info ] fire.cc/assets/css/backend.css.map [运行时间：0.038274s][吞吐率：26.13req/s] [内存消耗：1,362.31kb] [文件加载：58]
[ info ] [ BEHAVIOR ] Run Closure @app_init [ RunTime:0.000041s ]
[ info ] [ CACHE ] INIT File
[ info ] [ BEHAVIOR ] Run Closure @app_init [ RunTime:0.002412s ]
[ info ] [ LANG ] D:\phpStudy\WWW\fire\thinkphp\lang\zh-cn.php
[ info ] [ ROUTE ] array (
  'type' => 'module',
  'module' => 
  array (
    0 => 'assets',
    1 => 'css',
    2 => 'backend.css.map',
  ),
)
[ info ] [ HEADER ] array (
  'cookie' => 'PHPSESSID=ricitiku7a0o5fkhq82sfous66',
  'accept-language' => 'zh-CN,zh;q=0.9',
  'accept-encoding' => 'gzip, deflate',
  'user-agent' => 'Mozilla/5.0 (Windows NT 10.0; WOW64) AppleWebKit/537.36 (KHTML, like Gecko) Chrome/63.0.3223.0 Safari/537.36',
  'connection' => 'keep-alive',
  'host' => 'fire.cc',
  'content-length' => '',
  'content-type' => '',
)
[ info ] [ PARAM ] array (
)
[ info ] [ LOG ] INIT File
---------------------------------------------------------------
[ 2018-06-01T10:56:31+08:00 ] 127.0.0.1 127.0.0.1 GET /assets/css/fastadmin.min.css.map
[ info ] fire.cc/assets/css/fastadmin.min.css.map [运行时间：0.069343s][吞吐率：14.42req/s] [内存消耗：1,362.35kb] [文件加载：58]
[ info ] [ BEHAVIOR ] Run Closure @app_init [ RunTime:0.000048s ]
[ info ] [ CACHE ] INIT File
[ info ] [ BEHAVIOR ] Run Closure @app_init [ RunTime:0.002319s ]
[ info ] [ LANG ] D:\phpStudy\WWW\fire\thinkphp\lang\zh-cn.php
[ info ] [ ROUTE ] array (
  'type' => 'module',
  'module' => 
  array (
    0 => 'assets',
    1 => 'css',
    2 => 'fastadmin.min.css.map',
  ),
)
[ info ] [ HEADER ] array (
  'cookie' => 'PHPSESSID=ricitiku7a0o5fkhq82sfous66',
  'accept-language' => 'zh-CN,zh;q=0.9',
  'accept-encoding' => 'gzip, deflate',
  'user-agent' => 'Mozilla/5.0 (Windows NT 10.0; WOW64) AppleWebKit/537.36 (KHTML, like Gecko) Chrome/63.0.3223.0 Safari/537.36',
  'connection' => 'keep-alive',
  'host' => 'fire.cc',
  'content-length' => '',
  'content-type' => '',
)
[ info ] [ PARAM ] array (
)
[ info ] [ LOG ] INIT File
---------------------------------------------------------------
[ 2018-06-01T10:56:31+08:00 ] 127.0.0.1 127.0.0.1 GET /assets/css/bootstrap.min.css.map
[ info ] fire.cc/assets/css/bootstrap.min.css.map [运行时间：0.042797s][吞吐率：23.37req/s] [内存消耗：1,362.35kb] [文件加载：58]
[ info ] [ BEHAVIOR ] Run Closure @app_init [ RunTime:0.000045s ]
[ info ] [ CACHE ] INIT File
[ info ] [ BEHAVIOR ] Run Closure @app_init [ RunTime:0.002427s ]
[ info ] [ LANG ] D:\phpStudy\WWW\fire\thinkphp\lang\zh-cn.php
[ info ] [ ROUTE ] array (
  'type' => 'module',
  'module' => 
  array (
    0 => 'assets',
    1 => 'css',
    2 => 'bootstrap.min.css.map',
  ),
)
[ info ] [ HEADER ] array (
  'cookie' => 'PHPSESSID=ricitiku7a0o5fkhq82sfous66',
  'accept-language' => 'zh-CN,zh;q=0.9',
  'accept-encoding' => 'gzip, deflate',
  'user-agent' => 'Mozilla/5.0 (Windows NT 10.0; WOW64) AppleWebKit/537.36 (KHTML, like Gecko) Chrome/63.0.3223.0 Safari/537.36',
  'connection' => 'keep-alive',
  'host' => 'fire.cc',
  'content-length' => '',
  'content-type' => '',
)
[ info ] [ PARAM ] array (
)
[ info ] [ LOG ] INIT File
---------------------------------------------------------------
[ 2018-06-01T10:56:31+08:00 ] 127.0.0.1 127.0.0.1 GET /assets/css/skins/skin-green.css.map
[ info ] fire.cc/assets/css/skins/skin-green.css.map [运行时间：0.047411s][吞吐率：21.09req/s] [内存消耗：1,362.30kb] [文件加载：58]
[ info ] [ BEHAVIOR ] Run Closure @app_init [ RunTime:0.000035s ]
[ info ] [ CACHE ] INIT File
[ info ] [ BEHAVIOR ] Run Closure @app_init [ RunTime:0.004252s ]
[ info ] [ LANG ] D:\phpStudy\WWW\fire\thinkphp\lang\zh-cn.php
[ info ] [ ROUTE ] array (
  'type' => 'module',
  'module' => 
  array (
    0 => 'assets',
    1 => 'css',
    2 => 'skins',
  ),
)
[ info ] [ HEADER ] array (
  'cookie' => 'PHPSESSID=ricitiku7a0o5fkhq82sfous66',
  'accept-language' => 'zh-CN,zh;q=0.9',
  'accept-encoding' => 'gzip, deflate',
  'user-agent' => 'Mozilla/5.0 (Windows NT 10.0; WOW64) AppleWebKit/537.36 (KHTML, like Gecko) Chrome/63.0.3223.0 Safari/537.36',
  'connection' => 'keep-alive',
  'host' => 'fire.cc',
  'content-length' => '',
  'content-type' => '',
)
[ info ] [ PARAM ] array (
)
[ info ] [ LOG ] INIT File
---------------------------------------------------------------
[ 2018-06-01T10:56:31+08:00 ] 127.0.0.1 127.0.0.1 GET /admin.php/ajax/lang?callback=define&controllername=index&v=1527821790
[ info ] fire.cc/admin.php/ajax/lang?callback=define&controllername=index&v=1527821790 [运行时间：0.048617s][吞吐率：20.57req/s] [内存消耗：2,118.32kb] [文件加载：76]
[ info ] [ BEHAVIOR ] Run Closure @app_init [ RunTime:0.000033s ]
[ info ] [ CACHE ] INIT File
[ info ] [ BEHAVIOR ] Run Closure @app_init [ RunTime:0.002029s ]
[ info ] [ LANG ] D:\phpStudy\WWW\fire\thinkphp\lang\zh-cn.php
[ info ] [ BIND ] 'admin'
[ info ] [ ROUTE ] array (
  'type' => 'module',
  'module' => 
  array (
    0 => 'admin',
    1 => 'ajax',
    2 => 'lang',
  ),
)
[ info ] [ HEADER ] array (
  'cookie' => 'PHPSESSID=ricitiku7a0o5fkhq82sfous66',
  'accept-language' => 'zh-CN,zh;q=0.9',
  'accept-encoding' => 'gzip, deflate',
  'referer' => 'http://fire.cc/admin.php/index/login?url=%2Fadmin.php%2Fuser%2Ftest%3Fref%3Daddtabs',
  'accept' => '*/*',
  'user-agent' => 'Mozilla/5.0 (Windows NT 10.0; WOW64) AppleWebKit/537.36 (KHTML, like Gecko) Chrome/63.0.3223.0 Safari/537.36',
  'connection' => 'keep-alive',
  'host' => 'fire.cc',
  'content-length' => '',
  'content-type' => '',
)
[ info ] [ PARAM ] array (
  'callback' => 'define',
  'controllername' => 'index',
  'v' => '1527821790',
)
[ info ] [ LANG ] D:\phpStudy\WWW\fire\public/../application/admin\lang\zh-cn.php
[ info ] [ BEHAVIOR ] Run app\common\behavior\Common @module_init [ RunTime:0.000662s ]
[ info ] [ SESSION ] INIT array (
  'id' => '',
  'var_session_id' => '',
  'prefix' => 'think',
  'type' => '',
  'auto_start' => true,
)
[ info ] [ RUN ] app\admin\controller\Ajax->lang[ D:\phpStudy\WWW\fire\application\admin\controller\Ajax.php ]
[ info ] [ LANG ] D:\phpStudy\WWW\fire\public/../application/admin/lang/zh-cn/index.php
[ info ] [ BEHAVIOR ] Run app\admin\behavior\AdminLog @app_end [ RunTime:0.000689s ]
[ info ] [ LOG ] INIT File
---------------------------------------------------------------
[ 2018-06-01T10:56:31+08:00 ] 127.0.0.1 127.0.0.1 GET /admin.php/index/login?url=%2Fadmin.php%2Fuser%2Ftest%3Fref%3Daddtabs
[ info ] fire.cc/admin.php/index/login?url=%2Fadmin.php%2Fuser%2Ftest%3Fref%3Daddtabs [运行时间：0.047075s][吞吐率：21.24req/s] [内存消耗：2,109.93kb] [文件加载：77]
[ info ] [ BEHAVIOR ] Run Closure @app_init [ RunTime:0.000045s ]
[ info ] [ CACHE ] INIT File
[ info ] [ BEHAVIOR ] Run Closure @app_init [ RunTime:0.002367s ]
[ info ] [ LANG ] D:\phpStudy\WWW\fire\thinkphp\lang\zh-cn.php
[ info ] [ BIND ] 'admin'
[ info ] [ ROUTE ] array (
  'type' => 'module',
  'module' => 
  array (
    0 => 'admin',
    1 => 'index',
    2 => 'login',
  ),
)
[ info ] [ HEADER ] array (
  'cookie' => 'PHPSESSID=ricitiku7a0o5fkhq82sfous66',
  'accept-language' => 'zh-CN,zh;q=0.9',
  'accept-encoding' => 'gzip, deflate',
  'referer' => 'http://fire.cc/admin.php/user/test?ref=addtabs',
  'accept' => 'text/html,application/xhtml+xml,application/xml;q=0.9,image/webp,image/apng,*/*;q=0.8',
  'upgrade-insecure-requests' => '1',
  'user-agent' => 'Mozilla/5.0 (Windows NT 10.0; WOW64) AppleWebKit/537.36 (KHTML, like Gecko) Chrome/63.0.3223.0 Safari/537.36',
  'cache-control' => 'no-cache',
  'pragma' => 'no-cache',
  'connection' => 'keep-alive',
  'host' => 'fire.cc',
  'content-length' => '',
  'content-type' => '',
)
[ info ] [ PARAM ] array (
  'url' => '/admin.php/user/test?ref=addtabs',
)
[ info ] [ LANG ] D:\phpStudy\WWW\fire\public/../application/admin\lang\zh-cn.php
[ info ] [ BEHAVIOR ] Run app\common\behavior\Common @module_init [ RunTime:0.000431s ]
[ info ] [ SESSION ] INIT array (
  'id' => '',
  'var_session_id' => '',
  'prefix' => 'think',
  'type' => '',
  'auto_start' => true,
)
[ info ] [ LANG ] D:\phpStudy\WWW\fire\public/../application/admin/lang/zh-cn/index.php
[ info ] [ RUN ] app\admin\controller\Index->login[ D:\phpStudy\WWW\fire\application\admin\controller\Index.php ]
[ info ] [ VIEW ] D:\phpStudy\WWW\fire\public/../application/admin\view\index\login.html [ array (
  0 => 'breadcrumb',
  1 => 'site',
  2 => 'config',
  3 => 'auth',
  4 => 'admin',
  5 => 'background',
) ]
[ info ] [ BEHAVIOR ] Run app\admin\behavior\AdminLog @app_end [ RunTime:0.000461s ]
[ info ] [ LOG ] INIT File
---------------------------------------------------------------
[ 2018-06-01T10:56:32+08:00 ] 127.0.0.1 127.0.0.1 GET /assets/css/backend.css.map
[ info ] fire.cc/assets/css/backend.css.map [运行时间：0.036953s][吞吐率：27.06req/s] [内存消耗：1,362.31kb] [文件加载：58]
[ info ] [ BEHAVIOR ] Run Closure @app_init [ RunTime:0.000043s ]
[ info ] [ CACHE ] INIT File
[ info ] [ BEHAVIOR ] Run Closure @app_init [ RunTime:0.002367s ]
[ info ] [ LANG ] D:\phpStudy\WWW\fire\thinkphp\lang\zh-cn.php
[ info ] [ ROUTE ] array (
  'type' => 'module',
  'module' => 
  array (
    0 => 'assets',
    1 => 'css',
    2 => 'backend.css.map',
  ),
)
[ info ] [ HEADER ] array (
  'cookie' => 'PHPSESSID=ricitiku7a0o5fkhq82sfous66',
  'accept-language' => 'zh-CN,zh;q=0.9',
  'accept-encoding' => 'gzip, deflate',
  'user-agent' => 'Mozilla/5.0 (Windows NT 10.0; WOW64) AppleWebKit/537.36 (KHTML, like Gecko) Chrome/63.0.3223.0 Safari/537.36',
  'connection' => 'keep-alive',
  'host' => 'fire.cc',
  'content-length' => '',
  'content-type' => '',
)
[ info ] [ PARAM ] array (
)
[ info ] [ LOG ] INIT File
---------------------------------------------------------------
[ 2018-06-01T10:56:32+08:00 ] 127.0.0.1 127.0.0.1 GET /assets/css/bootstrap.min.css.map
[ info ] fire.cc/assets/css/bootstrap.min.css.map [运行时间：0.038980s][吞吐率：25.65req/s] [内存消耗：1,362.35kb] [文件加载：58]
[ info ] [ BEHAVIOR ] Run Closure @app_init [ RunTime:0.000054s ]
[ info ] [ CACHE ] INIT File
[ info ] [ BEHAVIOR ] Run Closure @app_init [ RunTime:0.002239s ]
[ info ] [ LANG ] D:\phpStudy\WWW\fire\thinkphp\lang\zh-cn.php
[ info ] [ ROUTE ] array (
  'type' => 'module',
  'module' => 
  array (
    0 => 'assets',
    1 => 'css',
    2 => 'bootstrap.min.css.map',
  ),
)
[ info ] [ HEADER ] array (
  'cookie' => 'PHPSESSID=ricitiku7a0o5fkhq82sfous66',
  'accept-language' => 'zh-CN,zh;q=0.9',
  'accept-encoding' => 'gzip, deflate',
  'user-agent' => 'Mozilla/5.0 (Windows NT 10.0; WOW64) AppleWebKit/537.36 (KHTML, like Gecko) Chrome/63.0.3223.0 Safari/537.36',
  'connection' => 'keep-alive',
  'host' => 'fire.cc',
  'content-length' => '',
  'content-type' => '',
)
[ info ] [ PARAM ] array (
)
[ info ] [ LOG ] INIT File
---------------------------------------------------------------
[ 2018-06-01T10:56:32+08:00 ] 127.0.0.1 127.0.0.1 GET /assets/css/fastadmin.min.css.map
[ info ] fire.cc/assets/css/fastadmin.min.css.map [运行时间：0.060974s][吞吐率：16.40req/s] [内存消耗：1,362.35kb] [文件加载：58]
[ info ] [ BEHAVIOR ] Run Closure @app_init [ RunTime:0.000055s ]
[ info ] [ CACHE ] INIT File
[ info ] [ BEHAVIOR ] Run Closure @app_init [ RunTime:0.006024s ]
[ info ] [ LANG ] D:\phpStudy\WWW\fire\thinkphp\lang\zh-cn.php
[ info ] [ ROUTE ] array (
  'type' => 'module',
  'module' => 
  array (
    0 => 'assets',
    1 => 'css',
    2 => 'fastadmin.min.css.map',
  ),
)
[ info ] [ HEADER ] array (
  'cookie' => 'PHPSESSID=ricitiku7a0o5fkhq82sfous66',
  'accept-language' => 'zh-CN,zh;q=0.9',
  'accept-encoding' => 'gzip, deflate',
  'user-agent' => 'Mozilla/5.0 (Windows NT 10.0; WOW64) AppleWebKit/537.36 (KHTML, like Gecko) Chrome/63.0.3223.0 Safari/537.36',
  'connection' => 'keep-alive',
  'host' => 'fire.cc',
  'content-length' => '',
  'content-type' => '',
)
[ info ] [ PARAM ] array (
)
[ info ] [ LOG ] INIT File
---------------------------------------------------------------
[ 2018-06-01T10:56:32+08:00 ] 127.0.0.1 127.0.0.1 GET /assets/css/skins/skin-green.css.map
[ info ] fire.cc/assets/css/skins/skin-green.css.map [运行时间：0.050413s][吞吐率：19.84req/s] [内存消耗：1,362.30kb] [文件加载：58]
[ info ] [ BEHAVIOR ] Run Closure @app_init [ RunTime:0.000301s ]
[ info ] [ CACHE ] INIT File
[ info ] [ BEHAVIOR ] Run Closure @app_init [ RunTime:0.002217s ]
[ info ] [ LANG ] D:\phpStudy\WWW\fire\thinkphp\lang\zh-cn.php
[ info ] [ ROUTE ] array (
  'type' => 'module',
  'module' => 
  array (
    0 => 'assets',
    1 => 'css',
    2 => 'skins',
  ),
)
[ info ] [ HEADER ] array (
  'cookie' => 'PHPSESSID=ricitiku7a0o5fkhq82sfous66',
  'accept-language' => 'zh-CN,zh;q=0.9',
  'accept-encoding' => 'gzip, deflate',
  'user-agent' => 'Mozilla/5.0 (Windows NT 10.0; WOW64) AppleWebKit/537.36 (KHTML, like Gecko) Chrome/63.0.3223.0 Safari/537.36',
  'connection' => 'keep-alive',
  'host' => 'fire.cc',
  'content-length' => '',
  'content-type' => '',
)
[ info ] [ PARAM ] array (
)
[ info ] [ LOG ] INIT File
---------------------------------------------------------------
[ 2018-06-01T10:56:32+08:00 ] 127.0.0.1 127.0.0.1 GET /admin.php/ajax/lang?callback=define&controllername=index&v=1527821791
[ info ] fire.cc/admin.php/ajax/lang?callback=define&controllername=index&v=1527821791 [运行时间：0.050679s][吞吐率：19.73req/s] [内存消耗：2,118.32kb] [文件加载：76]
[ info ] [ BEHAVIOR ] Run Closure @app_init [ RunTime:0.000036s ]
[ info ] [ CACHE ] INIT File
[ info ] [ BEHAVIOR ] Run Closure @app_init [ RunTime:0.002031s ]
[ info ] [ LANG ] D:\phpStudy\WWW\fire\thinkphp\lang\zh-cn.php
[ info ] [ BIND ] 'admin'
[ info ] [ ROUTE ] array (
  'type' => 'module',
  'module' => 
  array (
    0 => 'admin',
    1 => 'ajax',
    2 => 'lang',
  ),
)
[ info ] [ HEADER ] array (
  'cookie' => 'PHPSESSID=ricitiku7a0o5fkhq82sfous66',
  'accept-language' => 'zh-CN,zh;q=0.9',
  'accept-encoding' => 'gzip, deflate',
  'referer' => 'http://fire.cc/admin.php/index/login?url=%2Fadmin.php%2Fuser%2Ftest%3Fref%3Daddtabs',
  'accept' => '*/*',
  'user-agent' => 'Mozilla/5.0 (Windows NT 10.0; WOW64) AppleWebKit/537.36 (KHTML, like Gecko) Chrome/63.0.3223.0 Safari/537.36',
  'connection' => 'keep-alive',
  'host' => 'fire.cc',
  'content-length' => '',
  'content-type' => '',
)
[ info ] [ PARAM ] array (
  'callback' => 'define',
  'controllername' => 'index',
  'v' => '1527821791',
)
[ info ] [ LANG ] D:\phpStudy\WWW\fire\public/../application/admin\lang\zh-cn.php
[ info ] [ BEHAVIOR ] Run app\common\behavior\Common @module_init [ RunTime:0.000465s ]
[ info ] [ SESSION ] INIT array (
  'id' => '',
  'var_session_id' => '',
  'prefix' => 'think',
  'type' => '',
  'auto_start' => true,
)
[ info ] [ RUN ] app\admin\controller\Ajax->lang[ D:\phpStudy\WWW\fire\application\admin\controller\Ajax.php ]
[ info ] [ LANG ] D:\phpStudy\WWW\fire\public/../application/admin/lang/zh-cn/index.php
[ info ] [ BEHAVIOR ] Run app\admin\behavior\AdminLog @app_end [ RunTime:0.000537s ]
[ info ] [ LOG ] INIT File
---------------------------------------------------------------
[ 2018-06-01T10:56:34+08:00 ] 127.0.0.1 127.0.0.1 GET /admin.php/index/login?url=%2Fadmin.php%2Fuser%2Ftest%3Fref%3Daddtabs
[ info ] fire.cc/admin.php/index/login?url=%2Fadmin.php%2Fuser%2Ftest%3Fref%3Daddtabs [运行时间：0.048207s][吞吐率：20.74req/s] [内存消耗：2,109.93kb] [文件加载：77]
[ info ] [ BEHAVIOR ] Run Closure @app_init [ RunTime:0.000038s ]
[ info ] [ CACHE ] INIT File
[ info ] [ BEHAVIOR ] Run Closure @app_init [ RunTime:0.002431s ]
[ info ] [ LANG ] D:\phpStudy\WWW\fire\thinkphp\lang\zh-cn.php
[ info ] [ BIND ] 'admin'
[ info ] [ ROUTE ] array (
  'type' => 'module',
  'module' => 
  array (
    0 => 'admin',
    1 => 'index',
    2 => 'login',
  ),
)
[ info ] [ HEADER ] array (
  'cookie' => 'PHPSESSID=ricitiku7a0o5fkhq82sfous66',
  'accept-language' => 'zh-CN,zh;q=0.9',
  'accept-encoding' => 'gzip, deflate',
  'referer' => 'http://fire.cc/admin.php/user/test?ref=addtabs',
  'accept' => 'text/html,application/xhtml+xml,application/xml;q=0.9,image/webp,image/apng,*/*;q=0.8',
  'upgrade-insecure-requests' => '1',
  'user-agent' => 'Mozilla/5.0 (Windows NT 10.0; WOW64) AppleWebKit/537.36 (KHTML, like Gecko) Chrome/63.0.3223.0 Safari/537.36',
  'cache-control' => 'no-cache',
  'pragma' => 'no-cache',
  'connection' => 'keep-alive',
  'host' => 'fire.cc',
  'content-length' => '',
  'content-type' => '',
)
[ info ] [ PARAM ] array (
  'url' => '/admin.php/user/test?ref=addtabs',
)
[ info ] [ LANG ] D:\phpStudy\WWW\fire\public/../application/admin\lang\zh-cn.php
[ info ] [ BEHAVIOR ] Run app\common\behavior\Common @module_init [ RunTime:0.000473s ]
[ info ] [ SESSION ] INIT array (
  'id' => '',
  'var_session_id' => '',
  'prefix' => 'think',
  'type' => '',
  'auto_start' => true,
)
[ info ] [ LANG ] D:\phpStudy\WWW\fire\public/../application/admin/lang/zh-cn/index.php
[ info ] [ RUN ] app\admin\controller\Index->login[ D:\phpStudy\WWW\fire\application\admin\controller\Index.php ]
[ info ] [ VIEW ] D:\phpStudy\WWW\fire\public/../application/admin\view\index\login.html [ array (
  0 => 'breadcrumb',
  1 => 'site',
  2 => 'config',
  3 => 'auth',
  4 => 'admin',
  5 => 'background',
) ]
[ info ] [ BEHAVIOR ] Run app\admin\behavior\AdminLog @app_end [ RunTime:0.000499s ]
[ info ] [ LOG ] INIT File
---------------------------------------------------------------
[ 2018-06-01T10:56:34+08:00 ] 127.0.0.1 127.0.0.1 GET /admin.php/ajax/lang?callback=define&controllername=index&v=1527821794
[ info ] fire.cc/admin.php/ajax/lang?callback=define&controllername=index&v=1527821794 [运行时间：0.047549s][吞吐率：21.03req/s] [内存消耗：2,118.32kb] [文件加载：76]
[ info ] [ BEHAVIOR ] Run Closure @app_init [ RunTime:0.000044s ]
[ info ] [ CACHE ] INIT File
[ info ] [ BEHAVIOR ] Run Closure @app_init [ RunTime:0.002406s ]
[ info ] [ LANG ] D:\phpStudy\WWW\fire\thinkphp\lang\zh-cn.php
[ info ] [ BIND ] 'admin'
[ info ] [ ROUTE ] array (
  'type' => 'module',
  'module' => 
  array (
    0 => 'admin',
    1 => 'ajax',
    2 => 'lang',
  ),
)
[ info ] [ HEADER ] array (
  'cookie' => 'PHPSESSID=ricitiku7a0o5fkhq82sfous66',
  'accept-language' => 'zh-CN,zh;q=0.9',
  'accept-encoding' => 'gzip, deflate',
  'referer' => 'http://fire.cc/admin.php/index/login?url=%2Fadmin.php%2Fuser%2Ftest%3Fref%3Daddtabs',
  'accept' => '*/*',
  'user-agent' => 'Mozilla/5.0 (Windows NT 10.0; WOW64) AppleWebKit/537.36 (KHTML, like Gecko) Chrome/63.0.3223.0 Safari/537.36',
  'connection' => 'keep-alive',
  'host' => 'fire.cc',
  'content-length' => '',
  'content-type' => '',
)
[ info ] [ PARAM ] array (
  'callback' => 'define',
  'controllername' => 'index',
  'v' => '1527821794',
)
[ info ] [ LANG ] D:\phpStudy\WWW\fire\public/../application/admin\lang\zh-cn.php
[ info ] [ BEHAVIOR ] Run app\common\behavior\Common @module_init [ RunTime:0.000471s ]
[ info ] [ SESSION ] INIT array (
  'id' => '',
  'var_session_id' => '',
  'prefix' => 'think',
  'type' => '',
  'auto_start' => true,
)
[ info ] [ RUN ] app\admin\controller\Ajax->lang[ D:\phpStudy\WWW\fire\application\admin\controller\Ajax.php ]
[ info ] [ LANG ] D:\phpStudy\WWW\fire\public/../application/admin/lang/zh-cn/index.php
[ info ] [ BEHAVIOR ] Run app\admin\behavior\AdminLog @app_end [ RunTime:0.000465s ]
[ info ] [ LOG ] INIT File
---------------------------------------------------------------
[ 2018-06-01T11:12:15+08:00 ] 127.0.0.1 127.0.0.1 GET /favicon.ico
[ info ] fire.cc/favicon.ico [运行时间：0.051258s][吞吐率：19.51req/s] [内存消耗：1,362.93kb] [文件加载：58]
[ info ] [ BEHAVIOR ] Run Closure @app_init [ RunTime:0.000053s ]
[ info ] [ CACHE ] INIT File
[ info ] [ BEHAVIOR ] Run Closure @app_init [ RunTime:0.003066s ]
[ info ] [ LANG ] D:\phpStudy\WWW\fire\thinkphp\lang\zh-cn.php
[ info ] [ ROUTE ] array (
  'type' => 'module',
  'module' => 
  array (
    0 => 'favicon.ico',
    1 => NULL,
    2 => NULL,
  ),
)
[ info ] [ HEADER ] array (
  'cookie' => 'PHPSESSID=ricitiku7a0o5fkhq82sfous66',
  'accept-language' => 'zh-CN,zh;q=0.9',
  'accept-encoding' => 'gzip, deflate',
  'referer' => 'http://fire.cc/assets/img/loginbg.jpg',
  'accept' => 'image/webp,image/apng,image/*,*/*;q=0.8',
  'user-agent' => 'Mozilla/5.0 (Windows NT 10.0; WOW64) AppleWebKit/537.36 (KHTML, like Gecko) Chrome/63.0.3223.0 Safari/537.36',
  'connection' => 'keep-alive',
  'host' => 'fire.cc',
  'content-length' => '',
  'content-type' => '',
)
[ info ] [ PARAM ] array (
)
[ info ] [ LOG ] INIT File
---------------------------------------------------------------
[ 2018-06-01T11:12:32+08:00 ] 127.0.0.1 127.0.0.1 GET /assets/css/backend.css.map
[ info ] fire.cc/assets/css/backend.css.map [运行时间：0.032096s][吞吐率：31.16req/s] [内存消耗：1,362.31kb] [文件加载：58]
[ info ] [ BEHAVIOR ] Run Closure @app_init [ RunTime:0.000035s ]
[ info ] [ CACHE ] INIT File
[ info ] [ BEHAVIOR ] Run Closure @app_init [ RunTime:0.002153s ]
[ info ] [ LANG ] D:\phpStudy\WWW\fire\thinkphp\lang\zh-cn.php
[ info ] [ ROUTE ] array (
  'type' => 'module',
  'module' => 
  array (
    0 => 'assets',
    1 => 'css',
    2 => 'backend.css.map',
  ),
)
[ info ] [ HEADER ] array (
  'cookie' => 'PHPSESSID=ricitiku7a0o5fkhq82sfous66',
  'accept-language' => 'zh-CN,zh;q=0.9',
  'accept-encoding' => 'gzip, deflate',
  'user-agent' => 'Mozilla/5.0 (Windows NT 10.0; WOW64) AppleWebKit/537.36 (KHTML, like Gecko) Chrome/63.0.3223.0 Safari/537.36',
  'connection' => 'keep-alive',
  'host' => 'fire.cc',
  'content-length' => '',
  'content-type' => '',
)
[ info ] [ PARAM ] array (
)
[ info ] [ LOG ] INIT File
---------------------------------------------------------------
[ 2018-06-01T11:12:32+08:00 ] 127.0.0.1 127.0.0.1 GET /assets/css/bootstrap.min.css.map
[ info ] fire.cc/assets/css/bootstrap.min.css.map [运行时间：0.035636s][吞吐率：28.06req/s] [内存消耗：1,362.35kb] [文件加载：58]
[ info ] [ BEHAVIOR ] Run Closure @app_init [ RunTime:0.000034s ]
[ info ] [ CACHE ] INIT File
[ info ] [ BEHAVIOR ] Run Closure @app_init [ RunTime:0.002131s ]
[ info ] [ LANG ] D:\phpStudy\WWW\fire\thinkphp\lang\zh-cn.php
[ info ] [ ROUTE ] array (
  'type' => 'module',
  'module' => 
  array (
    0 => 'assets',
    1 => 'css',
    2 => 'bootstrap.min.css.map',
  ),
)
[ info ] [ HEADER ] array (
  'cookie' => 'PHPSESSID=ricitiku7a0o5fkhq82sfous66',
  'accept-language' => 'zh-CN,zh;q=0.9',
  'accept-encoding' => 'gzip, deflate',
  'user-agent' => 'Mozilla/5.0 (Windows NT 10.0; WOW64) AppleWebKit/537.36 (KHTML, like Gecko) Chrome/63.0.3223.0 Safari/537.36',
  'connection' => 'keep-alive',
  'host' => 'fire.cc',
  'content-length' => '',
  'content-type' => '',
)
[ info ] [ PARAM ] array (
)
[ info ] [ LOG ] INIT File
---------------------------------------------------------------
[ 2018-06-01T11:12:32+08:00 ] 127.0.0.1 127.0.0.1 GET /assets/css/fastadmin.min.css.map
[ info ] fire.cc/assets/css/fastadmin.min.css.map [运行时间：0.042667s][吞吐率：23.44req/s] [内存消耗：1,362.35kb] [文件加载：58]
[ info ] [ BEHAVIOR ] Run Closure @app_init [ RunTime:0.000052s ]
[ info ] [ CACHE ] INIT File
[ info ] [ BEHAVIOR ] Run Closure @app_init [ RunTime:0.002985s ]
[ info ] [ LANG ] D:\phpStudy\WWW\fire\thinkphp\lang\zh-cn.php
[ info ] [ ROUTE ] array (
  'type' => 'module',
  'module' => 
  array (
    0 => 'assets',
    1 => 'css',
    2 => 'fastadmin.min.css.map',
  ),
)
[ info ] [ HEADER ] array (
  'cookie' => 'PHPSESSID=ricitiku7a0o5fkhq82sfous66',
  'accept-language' => 'zh-CN,zh;q=0.9',
  'accept-encoding' => 'gzip, deflate',
  'user-agent' => 'Mozilla/5.0 (Windows NT 10.0; WOW64) AppleWebKit/537.36 (KHTML, like Gecko) Chrome/63.0.3223.0 Safari/537.36',
  'connection' => 'keep-alive',
  'host' => 'fire.cc',
  'content-length' => '',
  'content-type' => '',
)
[ info ] [ PARAM ] array (
)
[ info ] [ LOG ] INIT File
---------------------------------------------------------------
[ 2018-06-01T11:12:32+08:00 ] 127.0.0.1 127.0.0.1 GET /assets/css/skins/skin-green.css.map
[ info ] fire.cc/assets/css/skins/skin-green.css.map [运行时间：0.034165s][吞吐率：29.27req/s] [内存消耗：1,362.30kb] [文件加载：58]
[ info ] [ BEHAVIOR ] Run Closure @app_init [ RunTime:0.000034s ]
[ info ] [ CACHE ] INIT File
[ info ] [ BEHAVIOR ] Run Closure @app_init [ RunTime:0.002961s ]
[ info ] [ LANG ] D:\phpStudy\WWW\fire\thinkphp\lang\zh-cn.php
[ info ] [ ROUTE ] array (
  'type' => 'module',
  'module' => 
  array (
    0 => 'assets',
    1 => 'css',
    2 => 'skins',
  ),
)
[ info ] [ HEADER ] array (
  'cookie' => 'PHPSESSID=ricitiku7a0o5fkhq82sfous66',
  'accept-language' => 'zh-CN,zh;q=0.9',
  'accept-encoding' => 'gzip, deflate',
  'user-agent' => 'Mozilla/5.0 (Windows NT 10.0; WOW64) AppleWebKit/537.36 (KHTML, like Gecko) Chrome/63.0.3223.0 Safari/537.36',
  'connection' => 'keep-alive',
  'host' => 'fire.cc',
  'content-length' => '',
  'content-type' => '',
)
[ info ] [ PARAM ] array (
)
[ info ] [ LOG ] INIT File
