---------------------------------------------------------------
[ 2018-06-02T11:56:55+08:00 ] 172.16.125.100 87.240.61.85 GET /admin/videos/index?ref=addtabs
[ info ] yingshi.oyaoyin.com/admin/videos/index?ref=addtabs [运行时间：0.020886s][吞吐率：47.88req/s] [内存消耗：2,158.65kb] [文件加载：68]
[ info ] [ BEHAVIOR ] Run Closure @app_init [ RunTime:0.000020s ]
[ info ] [ CACHE ] INIT File
[ info ] [ BEHAVIOR ] Run Closure @app_init [ RunTime:0.000809s ]
[ info ] [ ROUTE ] array (
  'type' => 'module',
  'module' => 
  array (
    0 => 'admin',
    1 => 'videos',
    2 => 'index',
  ),
)
[ info ] [ HEADER ] array (
  'connection' => 'close',
  'pragma' => 'no-cache',
  'host' => 'yingshi.oyaoyin.com',
  'accept-encoding' => 'gzip, deflate',
  'user-agent' => 'Mozilla/4.0 (compatible; MSIE 8.0; Windows NT 6.1; WOW64; Trident/4.0; SLCC2; .NET CLR 2.0.50727; .NET CLR 3.5.30729; .NET CLR 3.0.30729; Media Center PC 6.0)',
  'referer' => 'http://yandex.ru/clck/jsredir?from=yandex.ru%3Bsearch%3Bweb%3B%3B&text=&etext=1806.tLfReUevuy_YHVx5qkdqUH-pzT076DZHHKCtWm9uehmV2q7-PhfGA7wFU0FyXgyi.02df51da5a5cb5c5f782a1250b5407eae916a72c&uuid=&state=_BLhILn4SxNIvvL0W45KSic66uCIg23qh8iRG98qeIXmeppkgUc0YLeQVNu7TCjFWhspMNrg36Y&data=UlNrNmk5WktYejR0eWJFYk1LdmtxdWZBbUZra2s3SHpxcHBEMlR6VnRicmY4dHZtV0VWUWY1QXRPV2prZllHMG1DVUozMVd0eFhibDM3aDhfb0M5dHBmZGEzMWFlXzZ5Z0ZHXzhWV0NqNG5senowQnl5U1owc0JyN1FfWWktaXEyUWFWazBjTXdKbG5La3FPYzh4UEFrUXBMRTVEem56NQ&b64e=2&sign=ae8b1676acb2597a5bd729591d859f49&keyno=0&cst=AiuY0DBWFJ7IXge4WdYJQYpgPUyh7uQlntKjEPpAKaamCgq0xVmnAl4dIRkFnGxuCdIiL1JAzvxelnsOxK2JU9VExJxKmPL2nAmgeC4RcbPnHdzT2XcBYeRMDcn458A07YbXEDZQQFRG-hwcQwACiFWKiukVc3yv&ref=orjY4mGPRjk5boDnW0uvlrrd71vZw9kp5uQozpMtKCWAB4NbWhozjr4R87_bQbjDO8VJZiMffKHFrDg9rx0UHzYyXhFrkQBnSRmRdk_NLhRBoKqTtAZ1oX1-nNIyIrIX&l10n=ru&cts=1527907159650&mc=1.96058139966',
  'accept-language' => 'en-US',
  'accept' => '*/*',
  'content-type' => '',
  'content-length' => '',
)
[ info ] [ PARAM ] array (
  'ref' => 'addtabs',
)
[ info ] [ BEHAVIOR ] Run app\common\behavior\Common @module_init [ RunTime:0.000166s ]
[ info ] [ SESSION ] INIT array (
  'id' => '',
  'var_session_id' => '',
  'prefix' => 'think',
  'type' => '',
  'auto_start' => true,
)
[ info ] [ VIEW ] /home/wwwroot/yingshi.oyaoyin.com/public/../application/common/view/tpl/dispatch_jump.tpl [ array (
  0 => 'code',
  1 => 'msg',
  2 => 'data',
  3 => 'url',
  4 => 'wait',
) ]
[ info ] [ BEHAVIOR ] Run app\admin\behavior\AdminLog @app_end [ RunTime:0.000057s ]
[ info ] [ LOG ] INIT File
---------------------------------------------------------------
[ 2018-06-02T11:57:01+08:00 ] 172.16.125.100 87.240.61.85 GET /admin/index/login?url=%2Fadmin%2Fvideos%2Findex%3Fref%3Daddtabs
[ info ] yingshi.oyaoyin.com/admin/index/login?url=%2Fadmin%2Fvideos%2Findex%3Fref%3Daddtabs [运行时间：0.024191s][吞吐率：41.34req/s] [内存消耗：2,423.90kb] [文件加载：70]
[ info ] [ BEHAVIOR ] Run Closure @app_init [ RunTime:0.000023s ]
[ info ] [ CACHE ] INIT File
[ info ] [ BEHAVIOR ] Run Closure @app_init [ RunTime:0.000825s ]
[ info ] [ ROUTE ] array (
  'type' => 'module',
  'module' => 
  array (
    0 => 'admin',
    1 => 'index',
    2 => 'login',
  ),
)
[ info ] [ HEADER ] array (
  'connection' => 'close',
  'cookie' => 'PHPSESSID=q4ietibe945vvc9724sj1q67h6',
  'pragma' => 'no-cache',
  'host' => 'yingshi.oyaoyin.com',
  'accept-encoding' => 'gzip, deflate',
  'user-agent' => 'Mozilla/4.0 (compatible; MSIE 8.0; Windows NT 6.1; WOW64; Trident/4.0; SLCC2; .NET CLR 2.0.50727; .NET CLR 3.5.30729; .NET CLR 3.0.30729; Media Center PC 6.0)',
  'accept-language' => 'en-US',
  'referer' => 'http://yingshi.oyaoyin.com/admin/videos/index?ref=addtabs',
  'accept' => 'image/jpeg, application/x-ms-application, image/gif, application/xaml+xml, image/pjpeg, application/x-ms-xbap, */*',
  'content-type' => '',
  'content-length' => '',
)
[ info ] [ PARAM ] array (
  'url' => '/admin/videos/index?ref=addtabs',
)
[ info ] [ BEHAVIOR ] Run app\common\behavior\Common @module_init [ RunTime:0.000150s ]
[ info ] [ SESSION ] INIT array (
  'id' => '',
  'var_session_id' => '',
  'prefix' => 'think',
  'type' => '',
  'auto_start' => true,
)
[ info ] [ RUN ] app\admin\controller\Index->login[ /home/wwwroot/yingshi.oyaoyin.com/application/admin/controller/Index.php ]
[ info ] [ VIEW ] /home/wwwroot/yingshi.oyaoyin.com/public/../application/admin/view/index/login.html [ array (
  0 => 'breadcrumb',
  1 => 'site',
  2 => 'config',
  3 => 'auth',
  4 => 'admin',
  5 => 'background',
) ]
[ info ] [ BEHAVIOR ] Run app\admin\behavior\AdminLog @app_end [ RunTime:0.000090s ]
[ info ] [ LOG ] INIT File
---------------------------------------------------------------
[ 2018-06-02T15:20:20+08:00 ] 172.16.125.100 139.224.238.50 GET /
[ info ] yingshi.oyaoyin.com/ [运行时间：0.021421s][吞吐率：46.68req/s] [内存消耗：2,182.43kb] [文件加载：64]
[ info ] [ BEHAVIOR ] Run Closure @app_init [ RunTime:0.000021s ]
[ info ] [ CACHE ] INIT File
[ info ] [ BEHAVIOR ] Run Closure @app_init [ RunTime:0.000805s ]
[ info ] [ LANG ] /home/wwwroot/yingshi.oyaoyin.com/thinkphp/lang/zh-cn.php
[ info ] [ ROUTE ] array (
  'type' => 'module',
  'module' => 
  array (
    0 => '',
    1 => NULL,
    2 => NULL,
  ),
)
[ info ] [ HEADER ] array (
  'connection' => 'keep-alive',
  'accept' => 'text/html, image/gif, image/jpeg, *; q=.2, */*; q=.2',
  'host' => 'yingshi.oyaoyin.com',
  'user-agent' => 'Mozilla/5.0 (X11; Ubuntu; Linux x86_64; rv:36.0) Gecko/20100101 Firefox/36.0',
  'content-type' => '',
  'content-length' => '',
)
[ info ] [ PARAM ] array (
)
[ info ] [ LANG ] /home/wwwroot/yingshi.oyaoyin.com/public/../application/index/lang/zh-cn.php
[ info ] [ BEHAVIOR ] Run app\common\behavior\Common @module_init [ RunTime:0.000157s ]
[ info ] [ LANG ] /home/wwwroot/yingshi.oyaoyin.com/public/../application/index/lang/zh-cn/index.php
[ info ] [ RUN ] app\index\controller\Index->index[ /home/wwwroot/yingshi.oyaoyin.com/application/index/controller/Index.php ]
[ info ] [ VIEW ] /home/wwwroot/yingshi.oyaoyin.com/public/../application/index/view/index/index.html [ array (
  0 => 'site',
  1 => 'config',
) ]
[ info ] [ LOG ] INIT File
---------------------------------------------------------------
[ 2018-06-02T15:35:53+08:00 ] 172.16.125.100 106.11.225.15 GET /
[ info ] yingshi.oyaoyin.com/ [运行时间：0.022374s][吞吐率：44.69req/s] [内存消耗：2,182.98kb] [文件加载：64]
[ info ] [ BEHAVIOR ] Run Closure @app_init [ RunTime:0.000021s ]
[ info ] [ CACHE ] INIT File
[ info ] [ BEHAVIOR ] Run Closure @app_init [ RunTime:0.000851s ]
[ info ] [ LANG ] /home/wwwroot/yingshi.oyaoyin.com/thinkphp/lang/zh-cn.php
[ info ] [ ROUTE ] array (
  'type' => 'module',
  'module' => 
  array (
    0 => '',
    1 => NULL,
    2 => NULL,
  ),
)
[ info ] [ HEADER ] array (
  'connection' => 'keep-alive',
  'accept' => 'text/html, image/gif, image/jpeg, *; q=.2, */*; q=.2',
  'host' => 'yingshi.oyaoyin.com',
  'pragma' => 'no-cache',
  'cache-control' => 'no-cache',
  'user-agent' => 'Mozilla/5.0 (iPad; CPU OS 9_1 like Mac OS X) AppleWebKit/601.1.46 (KHTML, like Gecko) Version/9.0 Mobile/13B143 Safari/601.1',
  'accept-encoding' => 'gzip',
  'content-type' => '',
  'content-length' => '',
)
[ info ] [ PARAM ] array (
)
[ info ] [ LANG ] /home/wwwroot/yingshi.oyaoyin.com/public/../application/index/lang/zh-cn.php
[ info ] [ BEHAVIOR ] Run app\common\behavior\Common @module_init [ RunTime:0.000197s ]
[ info ] [ LANG ] /home/wwwroot/yingshi.oyaoyin.com/public/../application/index/lang/zh-cn/index.php
[ info ] [ RUN ] app\index\controller\Index->index[ /home/wwwroot/yingshi.oyaoyin.com/application/index/controller/Index.php ]
[ info ] [ VIEW ] /home/wwwroot/yingshi.oyaoyin.com/public/../application/index/view/index/index.html [ array (
  0 => 'site',
  1 => 'config',
) ]
[ info ] [ LOG ] INIT File
