---------------------------------------------------------------
[ 2018-06-03T09:53:21+08:00 ] 172.16.125.100 37.110.110.118 GET /
[ info ] yingshi.oyaoyin.com/ [运行时间：0.020792s][吞吐率：48.10req/s] [内存消耗：2,154.52kb] [文件加载：61]
[ info ] [ BEHAVIOR ] Run Closure @app_init [ RunTime:0.000019s ]
[ info ] [ CACHE ] INIT File
[ info ] [ BEHAVIOR ] Run Closure @app_init [ RunTime:0.000816s ]
[ info ] [ ROUTE ] array (
  'type' => 'module',
  'module' => 
  array (
    0 => '',
    1 => NULL,
    2 => NULL,
  ),
)
[ info ] [ HEADER ] array (
  'connection' => 'close',
  'pragma' => 'no-cache',
  'host' => 'yingshi.oyaoyin.com',
  'accept-encoding' => 'gzip, deflate',
  'user-agent' => 'Mozilla/5.0 (compatible; MSIE 10.0; Windows NT 6.1; WOW64; Trident/6.0; MDDCJS)',
  'referer' => 'http://yandex.ru/clck/jsredir?from=yandex.ru%3Bsearch%3Bweb%3B%3B&text=&etext=1807.q6NkTf85CMDfXOZHbSNpuL6JHHplAbsnG5adLO3s2W-0vjhjr6FBdffwtZvBcQ6W.6861a500c7e10b228243241998c4adee7479a17d&uuid=&state=_BLhILn4SxNIvvL0W45KSic66uCIg23qh8iRG98qeIXmeppkgUc0YMIVJNtoWDTa6Ctl47TPu5I&data=UlNrNmk5WktYejR0eWJFYk1LdmtxdWZBbUZra2s3SHpxcHBEMlR6VnRicVBjVVRaNFJqb2VLdnBENkVxZnpNZ3lYU3dFTTZ3b2pCcktyWk5zbWk3d3I3WWNmbUhpaGdaS19pVlV4dWd4MVk&b64e=2&sign=f8e79073d19c4dd644766b10902e6b4a&keyno=0&cst=AiuY0DBWFJ7IXge4WdYJQXbYQp9t5VF6pqD4PXiNeEEcGlnHPSWb8KKtGce_T7nUMXgLb2zLZPsYztFynZBTAW2oPKjvtntl4RoIrNsfjQRG-D1Ms3kXTWwHmjdf9_4-L3BKbyqUB9w72YtfMMlVzg&ref=orjY4mGPRjk5boDnW0uvlrrd71vZw9kp5uQozpMtKCXdCnh-_wii4SC0hvPzrZG-iL3rDglj3vwRYRLjHbDdwwOqHULV2DPVYhd8LlpbPK3wLHY_TZp2t8pcNmyX6vEk&l10n=ru&cts=1527990613125&mc=4.45275872512',
  'accept-language' => 'en-US',
  'accept' => '*/*',
  'content-type' => '',
  'content-length' => '',
)
[ info ] [ PARAM ] array (
)
[ info ] [ BEHAVIOR ] Run app\common\behavior\Common @module_init [ RunTime:0.000157s ]
[ info ] [ RUN ] app\index\controller\Index->index[ /home/wwwroot/yingshi.oyaoyin.com/application/index/controller/Index.php ]
[ info ] [ VIEW ] /home/wwwroot/yingshi.oyaoyin.com/public/../application/index/view/index/index.html [ array (
  0 => 'site',
  1 => 'config',
) ]
[ info ] [ LOG ] INIT File
---------------------------------------------------------------
[ 2018-06-03T11:39:06+08:00 ] 172.16.125.100 106.14.215.243 GET /
[ info ] yingshi.oyaoyin.com/ [运行时间：0.021161s][吞吐率：47.26req/s] [内存消耗：2,182.43kb] [文件加载：64]
[ info ] [ BEHAVIOR ] Run Closure @app_init [ RunTime:0.000021s ]
[ info ] [ CACHE ] INIT File
[ info ] [ BEHAVIOR ] Run Closure @app_init [ RunTime:0.000829s ]
[ info ] [ LANG ] /home/wwwroot/yingshi.oyaoyin.com/thinkphp/lang/zh-cn.php
[ info ] [ ROUTE ] array (
  'type' => 'module',
  'module' => 
  array (
    0 => '',
    1 => NULL,
    2 => NULL,
  ),
)
[ info ] [ HEADER ] array (
  'connection' => 'keep-alive',
  'accept' => 'text/html, image/gif, image/jpeg, *; q=.2, */*; q=.2',
  'host' => 'yingshi.oyaoyin.com',
  'user-agent' => 'Mozilla/5.0 (X11; Ubuntu; Linux x86_64; rv:36.0) Gecko/20100101 Firefox/36.0',
  'content-type' => '',
  'content-length' => '',
)
[ info ] [ PARAM ] array (
)
[ info ] [ LANG ] /home/wwwroot/yingshi.oyaoyin.com/public/../application/index/lang/zh-cn.php
[ info ] [ BEHAVIOR ] Run app\common\behavior\Common @module_init [ RunTime:0.000177s ]
[ info ] [ LANG ] /home/wwwroot/yingshi.oyaoyin.com/public/../application/index/lang/zh-cn/index.php
[ info ] [ RUN ] app\index\controller\Index->index[ /home/wwwroot/yingshi.oyaoyin.com/application/index/controller/Index.php ]
[ info ] [ VIEW ] /home/wwwroot/yingshi.oyaoyin.com/public/../application/index/view/index/index.html [ array (
  0 => 'site',
  1 => 'config',
) ]
[ info ] [ LOG ] INIT File
---------------------------------------------------------------
[ 2018-06-03T14:03:49+08:00 ] 172.16.125.100 140.205.205.24 GET /
[ info ] yingshi.oyaoyin.com/ [运行时间：0.022152s][吞吐率：45.14req/s] [内存消耗：2,181.81kb] [文件加载：64]
[ info ] [ BEHAVIOR ] Run Closure @app_init [ RunTime:0.000020s ]
[ info ] [ CACHE ] INIT File
[ info ] [ BEHAVIOR ] Run Closure @app_init [ RunTime:0.000869s ]
[ info ] [ LANG ] /home/wwwroot/yingshi.oyaoyin.com/thinkphp/lang/zh-cn.php
[ info ] [ ROUTE ] array (
  'type' => 'module',
  'module' => 
  array (
    0 => '',
    1 => NULL,
    2 => NULL,
  ),
)
[ info ] [ HEADER ] array (
  'connection' => 'close',
  'accept-encoding' => 'gzip',
  'user-agent' => 'Go-http-client/1.1',
  'host' => 'yingshi.oyaoyin.com',
  'content-type' => '',
  'content-length' => '',
)
[ info ] [ PARAM ] array (
)
[ info ] [ LANG ] /home/wwwroot/yingshi.oyaoyin.com/public/../application/index/lang/zh-cn.php
[ info ] [ BEHAVIOR ] Run app\common\behavior\Common @module_init [ RunTime:0.000186s ]
[ info ] [ LANG ] /home/wwwroot/yingshi.oyaoyin.com/public/../application/index/lang/zh-cn/index.php
[ info ] [ RUN ] app\index\controller\Index->index[ /home/wwwroot/yingshi.oyaoyin.com/application/index/controller/Index.php ]
[ info ] [ VIEW ] /home/wwwroot/yingshi.oyaoyin.com/public/../application/index/view/index/index.html [ array (
  0 => 'site',
  1 => 'config',
) ]
[ info ] [ LOG ] INIT File
---------------------------------------------------------------
[ 2018-06-03T14:07:18+08:00 ] 172.16.125.100 141.8.132.1 GET /
[ info ] yingshi.oyaoyin.com/ [运行时间：0.021097s][吞吐率：47.40req/s] [内存消耗：2,182.50kb] [文件加载：64]
[ info ] [ BEHAVIOR ] Run Closure @app_init [ RunTime:0.000018s ]
[ info ] [ CACHE ] INIT File
[ info ] [ BEHAVIOR ] Run Closure @app_init [ RunTime:0.000814s ]
[ info ] [ LANG ] /home/wwwroot/yingshi.oyaoyin.com/thinkphp/lang/zh-cn.php
[ info ] [ ROUTE ] array (
  'type' => 'module',
  'module' => 
  array (
    0 => '',
    1 => NULL,
    2 => NULL,
  ),
)
[ info ] [ HEADER ] array (
  'accept' => '*/*',
  'accept-encoding' => 'gzip,deflate',
  'from' => 'support@search.yandex.ru',
  'user-agent' => 'Mozilla/5.0 (compatible; YandexBot/3.0; +http://yandex.com/bots)',
  'connection' => 'Keep-Alive',
  'host' => 'yingshi.oyaoyin.com',
  'content-type' => '',
  'content-length' => '',
)
[ info ] [ PARAM ] array (
)
[ info ] [ LANG ] /home/wwwroot/yingshi.oyaoyin.com/public/../application/index/lang/zh-cn.php
[ info ] [ BEHAVIOR ] Run app\common\behavior\Common @module_init [ RunTime:0.000151s ]
[ info ] [ LANG ] /home/wwwroot/yingshi.oyaoyin.com/public/../application/index/lang/zh-cn/index.php
[ info ] [ RUN ] app\index\controller\Index->index[ /home/wwwroot/yingshi.oyaoyin.com/application/index/controller/Index.php ]
[ info ] [ VIEW ] /home/wwwroot/yingshi.oyaoyin.com/public/../application/index/view/index/index.html [ array (
  0 => 'site',
  1 => 'config',
) ]
[ info ] [ LOG ] INIT File
---------------------------------------------------------------
[ 2018-06-03T15:39:59+08:00 ] 172.16.125.100 106.11.225.39 GET /
[ info ] yingshi.oyaoyin.com/ [运行时间：0.021306s][吞吐率：46.94req/s] [内存消耗：2,182.98kb] [文件加载：64]
[ info ] [ BEHAVIOR ] Run Closure @app_init [ RunTime:0.000018s ]
[ info ] [ CACHE ] INIT File
[ info ] [ BEHAVIOR ] Run Closure @app_init [ RunTime:0.000808s ]
[ info ] [ LANG ] /home/wwwroot/yingshi.oyaoyin.com/thinkphp/lang/zh-cn.php
[ info ] [ ROUTE ] array (
  'type' => 'module',
  'module' => 
  array (
    0 => '',
    1 => NULL,
    2 => NULL,
  ),
)
[ info ] [ HEADER ] array (
  'connection' => 'keep-alive',
  'accept' => 'text/html, image/gif, image/jpeg, *; q=.2, */*; q=.2',
  'host' => 'yingshi.oyaoyin.com',
  'pragma' => 'no-cache',
  'cache-control' => 'no-cache',
  'user-agent' => 'Mozilla/5.0 (iPad; CPU OS 9_1 like Mac OS X) AppleWebKit/601.1.46 (KHTML, like Gecko) Version/9.0 Mobile/13B143 Safari/601.1',
  'accept-encoding' => 'gzip',
  'content-type' => '',
  'content-length' => '',
)
[ info ] [ PARAM ] array (
)
[ info ] [ LANG ] /home/wwwroot/yingshi.oyaoyin.com/public/../application/index/lang/zh-cn.php
[ info ] [ BEHAVIOR ] Run app\common\behavior\Common @module_init [ RunTime:0.000171s ]
[ info ] [ LANG ] /home/wwwroot/yingshi.oyaoyin.com/public/../application/index/lang/zh-cn/index.php
[ info ] [ RUN ] app\index\controller\Index->index[ /home/wwwroot/yingshi.oyaoyin.com/application/index/controller/Index.php ]
[ info ] [ VIEW ] /home/wwwroot/yingshi.oyaoyin.com/public/../application/index/view/index/index.html [ array (
  0 => 'site',
  1 => 'config',
) ]
[ info ] [ LOG ] INIT File
