---------------------------------------------------------------
[ 2018-06-07T09:08:41+08:00 ] 172.16.125.100 222.129.49.127 GET /
[ info ] yingshi.oyaoyin.com/ [运行时间：0.021387s][吞吐率：46.76req/s] [内存消耗：2,183.18kb] [文件加载：64]
[ info ] [ BEHAVIOR ] Run Closure @app_init [ RunTime:0.000021s ]
[ info ] [ CACHE ] INIT File
[ info ] [ BEHAVIOR ] Run Closure @app_init [ RunTime:0.000820s ]
[ info ] [ LANG ] /home/wwwroot/yingshi.oyaoyin.com/thinkphp/lang/zh-cn.php
[ info ] [ ROUTE ] array (
  'type' => 'module',
  'module' => 
  array (
    0 => '',
    1 => NULL,
    2 => NULL,
  ),
)
[ info ] [ HEADER ] array (
  'accept-language' => 'zh-CN,zh;q=0.9',
  'accept-encoding' => 'gzip, deflate',
  'accept' => 'text/html,application/xhtml+xml,application/xml;q=0.9,image/webp,image/apng,*/*;q=0.8',
  'user-agent' => 'Mozilla/5.0 (Windows NT 10.0; WOW64) AppleWebKit/537.36 (KHTML, like Gecko) Chrome/63.0.3223.0 Safari/537.36',
  'upgrade-insecure-requests' => '1',
  'connection' => 'keep-alive',
  'host' => 'yingshi.oyaoyin.com',
  'content-type' => '',
  'content-length' => '',
)
[ info ] [ PARAM ] array (
)
[ info ] [ LANG ] /home/wwwroot/yingshi.oyaoyin.com/public/../application/index/lang/zh-cn.php
[ info ] [ BEHAVIOR ] Run app\common\behavior\Common @module_init [ RunTime:0.000158s ]
[ info ] [ LANG ] /home/wwwroot/yingshi.oyaoyin.com/public/../application/index/lang/zh-cn/index.php
[ info ] [ RUN ] app\index\controller\Index->index[ /home/wwwroot/yingshi.oyaoyin.com/application/index/controller/Index.php ]
[ info ] [ VIEW ] /home/wwwroot/yingshi.oyaoyin.com/public/../application/index/view/index/index.html [ array (
  0 => 'site',
  1 => 'config',
) ]
[ info ] [ LOG ] INIT File
---------------------------------------------------------------
[ 2018-06-07T09:08:41+08:00 ] 172.16.125.100 222.129.49.127 GET /favicon.ico
[ info ] yingshi.oyaoyin.com/favicon.ico [运行时间：0.016342s][吞吐率：61.19req/s] [内存消耗：1,638.41kb] [文件加载：53]
[ info ] [ BEHAVIOR ] Run Closure @app_init [ RunTime:0.000019s ]
[ info ] [ CACHE ] INIT File
[ info ] [ BEHAVIOR ] Run Closure @app_init [ RunTime:0.000815s ]
[ info ] [ LANG ] /home/wwwroot/yingshi.oyaoyin.com/thinkphp/lang/zh-cn.php
[ info ] [ ROUTE ] array (
  'type' => 'module',
  'module' => 
  array (
    0 => 'favicon.ico',
    1 => NULL,
    2 => NULL,
  ),
)
[ info ] [ HEADER ] array (
  'accept-language' => 'zh-CN,zh;q=0.9',
  'accept-encoding' => 'gzip, deflate',
  'referer' => 'http://yingshi.oyaoyin.com/',
  'accept' => 'image/webp,image/apng,image/*,*/*;q=0.8',
  'user-agent' => 'Mozilla/5.0 (Windows NT 10.0; WOW64) AppleWebKit/537.36 (KHTML, like Gecko) Chrome/63.0.3223.0 Safari/537.36',
  'connection' => 'keep-alive',
  'host' => 'yingshi.oyaoyin.com',
  'content-type' => '',
  'content-length' => '',
)
[ info ] [ PARAM ] array (
)
[ info ] [ LOG ] INIT File
---------------------------------------------------------------
[ 2018-06-07T09:08:42+08:00 ] 172.16.125.100 222.129.49.127 GET /admin/index/login.html
[ info ] yingshi.oyaoyin.com/admin/index/login.html [运行时间：0.024128s][吞吐率：41.45req/s] [内存消耗：2,474.69kb] [文件加载：73]
[ info ] [ BEHAVIOR ] Run Closure @app_init [ RunTime:0.000019s ]
[ info ] [ CACHE ] INIT File
[ info ] [ BEHAVIOR ] Run Closure @app_init [ RunTime:0.000819s ]
[ info ] [ LANG ] /home/wwwroot/yingshi.oyaoyin.com/thinkphp/lang/zh-cn.php
[ info ] [ ROUTE ] array (
  'type' => 'module',
  'module' => 
  array (
    0 => 'admin',
    1 => 'index',
    2 => 'login',
  ),
)
[ info ] [ HEADER ] array (
  'accept-language' => 'zh-CN,zh;q=0.9',
  'accept-encoding' => 'gzip, deflate',
  'referer' => 'http://yingshi.oyaoyin.com/',
  'accept' => 'text/html,application/xhtml+xml,application/xml;q=0.9,image/webp,image/apng,*/*;q=0.8',
  'user-agent' => 'Mozilla/5.0 (Windows NT 10.0; WOW64) AppleWebKit/537.36 (KHTML, like Gecko) Chrome/63.0.3223.0 Safari/537.36',
  'upgrade-insecure-requests' => '1',
  'connection' => 'keep-alive',
  'host' => 'yingshi.oyaoyin.com',
  'content-type' => '',
  'content-length' => '',
)
[ info ] [ PARAM ] array (
)
[ info ] [ LANG ] /home/wwwroot/yingshi.oyaoyin.com/public/../application/admin/lang/zh-cn.php
[ info ] [ BEHAVIOR ] Run app\common\behavior\Common @module_init [ RunTime:0.000191s ]
[ info ] [ SESSION ] INIT array (
  'id' => '',
  'var_session_id' => '',
  'prefix' => 'think',
  'type' => '',
  'auto_start' => true,
)
[ info ] [ LANG ] /home/wwwroot/yingshi.oyaoyin.com/public/../application/admin/lang/zh-cn/index.php
[ info ] [ RUN ] app\admin\controller\Index->login[ /home/wwwroot/yingshi.oyaoyin.com/application/admin/controller/Index.php ]
[ info ] [ VIEW ] /home/wwwroot/yingshi.oyaoyin.com/public/../application/admin/view/index/login.html [ array (
  0 => 'breadcrumb',
  1 => 'site',
  2 => 'config',
  3 => 'auth',
  4 => 'admin',
  5 => 'background',
) ]
[ info ] [ BEHAVIOR ] Run app\admin\behavior\AdminLog @app_end [ RunTime:0.000079s ]
[ info ] [ LOG ] INIT File
---------------------------------------------------------------
[ 2018-06-07T09:08:43+08:00 ] 172.16.125.100 222.129.49.127 GET /admin/ajax/lang?callback=define&controllername=index&v=1528333722
[ info ] yingshi.oyaoyin.com/admin/ajax/lang?callback=define&controllername=index&v=1528333722 [运行时间：0.024228s][吞吐率：41.27req/s] [内存消耗：2,482.47kb] [文件加载：72]
[ info ] [ BEHAVIOR ] Run Closure @app_init [ RunTime:0.000020s ]
[ info ] [ CACHE ] INIT File
[ info ] [ BEHAVIOR ] Run Closure @app_init [ RunTime:0.000814s ]
[ info ] [ LANG ] /home/wwwroot/yingshi.oyaoyin.com/thinkphp/lang/zh-cn.php
[ info ] [ ROUTE ] array (
  'type' => 'module',
  'module' => 
  array (
    0 => 'admin',
    1 => 'ajax',
    2 => 'lang',
  ),
)
[ info ] [ HEADER ] array (
  'cookie' => 'PHPSESSID=b9jvh7r42seksrrkrb6ljq1u37',
  'accept-language' => 'zh-CN,zh;q=0.9',
  'accept-encoding' => 'gzip, deflate',
  'referer' => 'http://yingshi.oyaoyin.com/admin/index/login.html',
  'accept' => '*/*',
  'user-agent' => 'Mozilla/5.0 (Windows NT 10.0; WOW64) AppleWebKit/537.36 (KHTML, like Gecko) Chrome/63.0.3223.0 Safari/537.36',
  'connection' => 'keep-alive',
  'host' => 'yingshi.oyaoyin.com',
  'content-type' => '',
  'content-length' => '',
)
[ info ] [ PARAM ] array (
  'callback' => 'define',
  'controllername' => 'index',
  'v' => '1528333722',
)
[ info ] [ LANG ] /home/wwwroot/yingshi.oyaoyin.com/public/../application/admin/lang/zh-cn.php
[ info ] [ BEHAVIOR ] Run app\common\behavior\Common @module_init [ RunTime:0.000168s ]
[ info ] [ SESSION ] INIT array (
  'id' => '',
  'var_session_id' => '',
  'prefix' => 'think',
  'type' => '',
  'auto_start' => true,
)
[ info ] [ RUN ] app\admin\controller\Ajax->lang[ /home/wwwroot/yingshi.oyaoyin.com/application/admin/controller/Ajax.php ]
[ info ] [ LANG ] /home/wwwroot/yingshi.oyaoyin.com/public/../application/admin/lang/zh-cn/index.php
[ info ] [ BEHAVIOR ] Run app\admin\behavior\AdminLog @app_end [ RunTime:0.000057s ]
[ info ] [ LOG ] INIT File
---------------------------------------------------------------
[ 2018-06-07T09:08:44+08:00 ] 172.16.125.100 222.129.49.127 POST /admin/index/login.html
[ info ] yingshi.oyaoyin.com/admin/index/login.html [运行时间：0.042263s][吞吐率：23.66req/s] [内存消耗：3,165.50kb] [文件加载：82]
[ info ] [ BEHAVIOR ] Run Closure @app_init [ RunTime:0.000020s ]
[ info ] [ CACHE ] INIT File
[ info ] [ BEHAVIOR ] Run Closure @app_init [ RunTime:0.000813s ]
[ info ] [ LANG ] /home/wwwroot/yingshi.oyaoyin.com/thinkphp/lang/zh-cn.php
[ info ] [ ROUTE ] array (
  'type' => 'module',
  'module' => 
  array (
    0 => 'admin',
    1 => 'index',
    2 => 'login',
  ),
)
[ info ] [ HEADER ] array (
  'cookie' => 'PHPSESSID=b9jvh7r42seksrrkrb6ljq1u37',
  'accept-language' => 'zh-CN,zh;q=0.9',
  'accept-encoding' => 'gzip, deflate',
  'referer' => 'http://yingshi.oyaoyin.com/admin/index/login.html',
  'content-type' => 'application/x-www-form-urlencoded; charset=UTF-8',
  'user-agent' => 'Mozilla/5.0 (Windows NT 10.0; WOW64) AppleWebKit/537.36 (KHTML, like Gecko) Chrome/63.0.3223.0 Safari/537.36',
  'x-requested-with' => 'XMLHttpRequest',
  'origin' => 'http://yingshi.oyaoyin.com',
  'accept' => 'application/json, text/javascript, */*; q=0.01',
  'content-length' => '74',
  'connection' => 'keep-alive',
  'host' => 'yingshi.oyaoyin.com',
)
[ info ] [ PARAM ] array (
  '__token__' => 'e874648293061a63c8ff2a1f1de31433',
  'username' => 'admin',
  'password' => '123456',
)
[ info ] [ LANG ] /home/wwwroot/yingshi.oyaoyin.com/public/../application/admin/lang/zh-cn.php
[ info ] [ BEHAVIOR ] Run app\common\behavior\Common @module_init [ RunTime:0.000151s ]
[ info ] [ SESSION ] INIT array (
  'id' => '',
  'var_session_id' => '',
  'prefix' => 'think',
  'type' => '',
  'auto_start' => true,
)
[ info ] [ LANG ] /home/wwwroot/yingshi.oyaoyin.com/public/../application/admin/lang/zh-cn/index.php
[ info ] [ RUN ] app\admin\controller\Index->login[ /home/wwwroot/yingshi.oyaoyin.com/application/admin/controller/Index.php ]
[ info ] [ DB ] INIT mysql
[ info ] [ BEHAVIOR ] Run app\admin\behavior\AdminLog @app_end [ RunTime:0.004398s ]
[ info ] [ LOG ] INIT File
[ sql ] [ DB ] CONNECT:[ UseTime:0.000533s ] mysql:host=127.0.0.1;dbname=zgys;charset=utf8
[ sql ] [ SQL ] SHOW COLUMNS FROM `fa_admin` [ RunTime:0.000723s ]
[ sql ] [ SQL ] SELECT * FROM `fa_admin` WHERE  `username` = 'admin' LIMIT 1 [ RunTime:0.000291s ]
[ sql ] [ SQL ] UPDATE `fa_admin`  SET `logintime`=1528333723,`token`='c302b8f9-96ed-4c3c-8c88-e41d2d60cd69',`updatetime`=1528333723  WHERE  `id` = 1 [ RunTime:0.005713s ]
[ sql ] [ SQL ] SHOW COLUMNS FROM `fa_admin_log` [ RunTime:0.000727s ]
[ sql ] [ SQL ] INSERT INTO `fa_admin_log` (`title` , `content` , `url` , `admin_id` , `username` , `useragent` , `ip` , `createtime`) VALUES ('登录' , '{\"__token__\":\"e874648293061a63c8ff2a1f1de31433\",\"username\":\"admin\"}' , '/admin/index/login.html' , 1 , 'admin' , 'Mozilla/5.0 (Windows NT 10.0; WOW64) AppleWebKit/537.36 (KHTML, like Gecko) Chrome/63.0.3223.0 Safari/537.36' , '222.129.49.127' , 1528333724) [ RunTime:0.003182s ]
---------------------------------------------------------------
[ 2018-06-07T09:08:44+08:00 ] 172.16.125.100 222.129.49.127 GET /admin/index/index
[ info ] yingshi.oyaoyin.com/admin/index/index [运行时间：0.079391s][吞吐率：12.60req/s] [内存消耗：3,528.63kb] [文件加载：92]
[ info ] [ BEHAVIOR ] Run Closure @app_init [ RunTime:0.000020s ]
[ info ] [ CACHE ] INIT File
[ info ] [ BEHAVIOR ] Run Closure @app_init [ RunTime:0.000789s ]
[ info ] [ LANG ] /home/wwwroot/yingshi.oyaoyin.com/thinkphp/lang/zh-cn.php
[ info ] [ ROUTE ] array (
  'type' => 'module',
  'module' => 
  array (
    0 => 'admin',
    1 => 'index',
    2 => 'index',
  ),
)
[ info ] [ HEADER ] array (
  'cookie' => 'PHPSESSID=b9jvh7r42seksrrkrb6ljq1u37',
  'accept-language' => 'zh-CN,zh;q=0.9',
  'accept-encoding' => 'gzip, deflate',
  'referer' => 'http://yingshi.oyaoyin.com/admin/index/login.html',
  'accept' => 'text/html,application/xhtml+xml,application/xml;q=0.9,image/webp,image/apng,*/*;q=0.8',
  'user-agent' => 'Mozilla/5.0 (Windows NT 10.0; WOW64) AppleWebKit/537.36 (KHTML, like Gecko) Chrome/63.0.3223.0 Safari/537.36',
  'upgrade-insecure-requests' => '1',
  'connection' => 'keep-alive',
  'host' => 'yingshi.oyaoyin.com',
  'content-type' => '',
  'content-length' => '',
)
[ info ] [ PARAM ] array (
)
[ info ] [ LANG ] /home/wwwroot/yingshi.oyaoyin.com/public/../application/admin/lang/zh-cn.php
[ info ] [ BEHAVIOR ] Run app\common\behavior\Common @module_init [ RunTime:0.000150s ]
[ info ] [ SESSION ] INIT array (
  'id' => '',
  'var_session_id' => '',
  'prefix' => 'think',
  'type' => '',
  'auto_start' => true,
)
[ info ] [ LANG ] /home/wwwroot/yingshi.oyaoyin.com/public/../application/admin/lang/zh-cn/index.php
[ info ] [ RUN ] app\admin\controller\Index->index[ /home/wwwroot/yingshi.oyaoyin.com/application/admin/controller/Index.php ]
[ info ] [ DB ] INIT mysql
[ info ] [ VIEW ] /home/wwwroot/yingshi.oyaoyin.com/public/../application/admin/view/index/index.html [ array (
  0 => 'breadcrumb',
  1 => 'site',
  2 => 'config',
  3 => 'auth',
  4 => 'admin',
  5 => 'menulist',
  6 => 'title',
) ]
[ info ] [ BEHAVIOR ] Run app\admin\behavior\AdminLog @app_end [ RunTime:0.000068s ]
[ info ] [ LOG ] INIT File
[ sql ] [ DB ] CONNECT:[ UseTime:0.000409s ] mysql:host=127.0.0.1;dbname=zgys;charset=utf8
[ sql ] [ SQL ] SHOW COLUMNS FROM `fa_auth_group_access` [ RunTime:0.000687s ]
[ sql ] [ SQL ] SELECT `AuthGroupAccess`.`uid`,`AuthGroupAccess`.`group_id`,`AuthGroup`.`id`,`AuthGroup`.`pid`,`AuthGroup`.`name`,`AuthGroup`.`rules` FROM `fa_auth_group_access` `AuthGroupAccess` LEFT JOIN `fa_auth_group` `AuthGroup` ON `AuthGroupAccess`.`group_id`=`AuthGroup`.`id` WHERE  (  AuthGroupAccess.uid='1' and AuthGroup.status='normal' ) [ RunTime:0.000331s ]
[ sql ] [ SQL ] SHOW COLUMNS FROM `fa_auth_rule` [ RunTime:0.000637s ]
[ sql ] [ SQL ] SELECT `id`,`pid`,`condition`,`icon`,`name`,`title`,`ismenu` FROM `fa_auth_rule` WHERE  `status` = 'normal' [ RunTime:0.000516s ]
---------------------------------------------------------------
[ 2018-06-07T09:08:44+08:00 ] 172.16.125.100 222.129.49.127 GET /admin/ajax/lang?callback=define&controllername=index&v=1528333724
[ info ] yingshi.oyaoyin.com/admin/ajax/lang?callback=define&controllername=index&v=1528333724 [运行时间：0.024317s][吞吐率：41.12req/s] [内存消耗：2,511.04kb] [文件加载：73]
[ info ] [ BEHAVIOR ] Run Closure @app_init [ RunTime:0.000021s ]
[ info ] [ CACHE ] INIT File
[ info ] [ BEHAVIOR ] Run Closure @app_init [ RunTime:0.000824s ]
[ info ] [ LANG ] /home/wwwroot/yingshi.oyaoyin.com/thinkphp/lang/zh-cn.php
[ info ] [ ROUTE ] array (
  'type' => 'module',
  'module' => 
  array (
    0 => 'admin',
    1 => 'ajax',
    2 => 'lang',
  ),
)
[ info ] [ HEADER ] array (
  'cookie' => 'PHPSESSID=b9jvh7r42seksrrkrb6ljq1u37',
  'accept-language' => 'zh-CN,zh;q=0.9',
  'accept-encoding' => 'gzip, deflate',
  'referer' => 'http://yingshi.oyaoyin.com/admin/index/index',
  'accept' => '*/*',
  'user-agent' => 'Mozilla/5.0 (Windows NT 10.0; WOW64) AppleWebKit/537.36 (KHTML, like Gecko) Chrome/63.0.3223.0 Safari/537.36',
  'connection' => 'keep-alive',
  'host' => 'yingshi.oyaoyin.com',
  'content-type' => '',
  'content-length' => '',
)
[ info ] [ PARAM ] array (
  'callback' => 'define',
  'controllername' => 'index',
  'v' => '1528333724',
)
[ info ] [ LANG ] /home/wwwroot/yingshi.oyaoyin.com/public/../application/admin/lang/zh-cn.php
[ info ] [ BEHAVIOR ] Run app\common\behavior\Common @module_init [ RunTime:0.000173s ]
[ info ] [ SESSION ] INIT array (
  'id' => '',
  'var_session_id' => '',
  'prefix' => 'think',
  'type' => '',
  'auto_start' => true,
)
[ info ] [ RUN ] app\admin\controller\Ajax->lang[ /home/wwwroot/yingshi.oyaoyin.com/application/admin/controller/Ajax.php ]
[ info ] [ LANG ] /home/wwwroot/yingshi.oyaoyin.com/public/../application/admin/lang/zh-cn/index.php
[ info ] [ BEHAVIOR ] Run app\admin\behavior\AdminLog @app_end [ RunTime:0.000057s ]
[ info ] [ LOG ] INIT File
---------------------------------------------------------------
[ 2018-06-07T09:08:45+08:00 ] 172.16.125.100 222.129.49.127 GET /admin/dashboard?addtabs=1
[ info ] yingshi.oyaoyin.com/admin/dashboard?addtabs=1 [运行时间：0.042595s][吞吐率：23.48req/s] [内存消耗：3,501.13kb] [文件加载：88]
[ info ] [ BEHAVIOR ] Run Closure @app_init [ RunTime:0.000019s ]
[ info ] [ CACHE ] INIT File
[ info ] [ BEHAVIOR ] Run Closure @app_init [ RunTime:0.000813s ]
[ info ] [ LANG ] /home/wwwroot/yingshi.oyaoyin.com/thinkphp/lang/zh-cn.php
[ info ] [ ROUTE ] array (
  'type' => 'module',
  'module' => 
  array (
    0 => 'admin',
    1 => 'dashboard',
    2 => NULL,
  ),
)
[ info ] [ HEADER ] array (
  'cookie' => 'PHPSESSID=b9jvh7r42seksrrkrb6ljq1u37',
  'accept-language' => 'zh-CN,zh;q=0.9',
  'accept-encoding' => 'gzip, deflate',
  'referer' => 'http://yingshi.oyaoyin.com/admin/dashboard?ref=addtabs',
  'accept' => 'text/html,application/xhtml+xml,application/xml;q=0.9,image/webp,image/apng,*/*;q=0.8',
  'user-agent' => 'Mozilla/5.0 (Windows NT 10.0; WOW64) AppleWebKit/537.36 (KHTML, like Gecko) Chrome/63.0.3223.0 Safari/537.36',
  'upgrade-insecure-requests' => '1',
  'connection' => 'keep-alive',
  'host' => 'yingshi.oyaoyin.com',
  'content-type' => '',
  'content-length' => '',
)
[ info ] [ PARAM ] array (
  'addtabs' => '1',
)
[ info ] [ LANG ] /home/wwwroot/yingshi.oyaoyin.com/public/../application/admin/lang/zh-cn.php
[ info ] [ BEHAVIOR ] Run app\common\behavior\Common @module_init [ RunTime:0.000186s ]
[ info ] [ SESSION ] INIT array (
  'id' => '',
  'var_session_id' => '',
  'prefix' => 'think',
  'type' => '',
  'auto_start' => true,
)
[ info ] [ DB ] INIT mysql
[ info ] [ LANG ] /home/wwwroot/yingshi.oyaoyin.com/public/../application/admin/lang/zh-cn/dashboard.php
[ info ] [ RUN ] app\admin\controller\Dashboard->index[ /home/wwwroot/yingshi.oyaoyin.com/application/admin/controller/Dashboard.php ]
[ info ] [ VIEW ] /home/wwwroot/yingshi.oyaoyin.com/public/../application/admin/view/dashboard/index.html [ array (
  0 => 'breadcrumb',
  1 => 'site',
  2 => 'config',
  3 => 'auth',
  4 => 'admin',
  5 => 'totaluser',
  6 => 'questionstotal',
  7 => 'pdftotal',
  8 => 'activetotal',
  9 => 'paylist',
  10 => 'createlist',
  11 => 'uploadmode',
  12 => 'categorycount',
  13 => 'attachmentcount',
  14 => 'questionTrue',
  15 => 'questionFalse',
  16 => 'activetotalUser',
) ]
[ info ] [ BEHAVIOR ] Run app\admin\behavior\AdminLog @app_end [ RunTime:0.000068s ]
[ info ] [ LOG ] INIT File
[ sql ] [ DB ] CONNECT:[ UseTime:0.000430s ] mysql:host=127.0.0.1;dbname=zgys;charset=utf8
[ sql ] [ SQL ] SHOW COLUMNS FROM `fa_auth_group_access` [ RunTime:0.000672s ]
[ sql ] [ SQL ] SELECT `AuthGroupAccess`.`uid`,`AuthGroupAccess`.`group_id`,`AuthGroup`.`id`,`AuthGroup`.`pid`,`AuthGroup`.`name`,`AuthGroup`.`rules` FROM `fa_auth_group_access` `AuthGroupAccess` LEFT JOIN `fa_auth_group` `AuthGroup` ON `AuthGroupAccess`.`group_id`=`AuthGroup`.`id` WHERE  (  AuthGroupAccess.uid='1' and AuthGroup.status='normal' ) [ RunTime:0.000464s ]
[ sql ] [ SQL ] SHOW COLUMNS FROM `fa_auth_rule` [ RunTime:0.000564s ]
[ sql ] [ SQL ] SELECT `id`,`pid`,`condition`,`icon`,`name`,`title`,`ismenu` FROM `fa_auth_rule` WHERE  `status` = 'normal' [ RunTime:0.000444s ]
[ sql ] [ SQL ] SHOW COLUMNS FROM `fa_user` [ RunTime:0.000631s ]
[ sql ] [ SQL ] SELECT COUNT(*) AS tp_count FROM `fa_user` LIMIT 1 [ RunTime:0.000211s ]
[ sql ] [ SQL ] SHOW COLUMNS FROM `fa_category` [ RunTime:0.000482s ]
[ sql ] [ SQL ] SELECT COUNT(*) AS tp_count FROM `fa_category` LIMIT 1 [ RunTime:0.000199s ]
[ sql ] [ SQL ] SHOW COLUMNS FROM `fa_attachment` [ RunTime:0.000508s ]
[ sql ] [ SQL ] SELECT COUNT(*) AS tp_count FROM `fa_attachment` LIMIT 1 [ RunTime:0.000245s ]
[ sql ] [ SQL ] SHOW COLUMNS FROM `fa_questions` [ RunTime:0.000473s ]
[ sql ] [ SQL ] SELECT COUNT(*) AS tp_count FROM `fa_questions` LIMIT 1 [ RunTime:0.000144s ]
[ sql ] [ SQL ] SHOW COLUMNS FROM `fa_pdfilelist` [ RunTime:0.000449s ]
[ sql ] [ SQL ] SELECT COUNT(*) AS tp_count FROM `fa_pdfilelist` LIMIT 1 [ RunTime:0.000224s ]
[ sql ] [ SQL ] SHOW COLUMNS FROM `fa_activity` [ RunTime:0.000464s ]
[ sql ] [ SQL ] SELECT COUNT(*) AS tp_count FROM `fa_activity` LIMIT 1 [ RunTime:0.000169s ]
[ sql ] [ SQL ] SHOW COLUMNS FROM `fa_activity_user` [ RunTime:0.000485s ]
[ sql ] [ SQL ] SELECT COUNT(*) AS tp_count FROM `fa_activity_user` LIMIT 1 [ RunTime:0.000154s ]
[ sql ] [ SQL ] SELECT COUNT(*) AS tp_count FROM `fa_questions` WHERE  `status` = 1 LIMIT 1 [ RunTime:0.000190s ]
[ sql ] [ SQL ] SELECT COUNT(*) AS tp_count FROM `fa_questions` WHERE  `status` = 0 LIMIT 1 [ RunTime:0.000178s ]
[ sql ] [ SQL ] SELECT `title`,`remark` FROM `fa_auth_rule` WHERE  `name` = 'dashboard' LIMIT 1 [ RunTime:0.000197s ]
---------------------------------------------------------------
[ 2018-06-07T09:08:45+08:00 ] 172.16.125.100 222.129.49.127 GET /admin/ajax/lang?callback=define&controllername=dashboard&v=1528333725
[ info ] yingshi.oyaoyin.com/admin/ajax/lang?callback=define&controllername=dashboard&v=1528333725 [运行时间：0.024455s][吞吐率：40.89req/s] [内存消耗：2,510.34kb] [文件加载：73]
[ info ] [ BEHAVIOR ] Run Closure @app_init [ RunTime:0.000022s ]
[ info ] [ CACHE ] INIT File
[ info ] [ BEHAVIOR ] Run Closure @app_init [ RunTime:0.000771s ]
[ info ] [ LANG ] /home/wwwroot/yingshi.oyaoyin.com/thinkphp/lang/zh-cn.php
[ info ] [ ROUTE ] array (
  'type' => 'module',
  'module' => 
  array (
    0 => 'admin',
    1 => 'ajax',
    2 => 'lang',
  ),
)
[ info ] [ HEADER ] array (
  'cookie' => 'PHPSESSID=b9jvh7r42seksrrkrb6ljq1u37',
  'accept-language' => 'zh-CN,zh;q=0.9',
  'accept-encoding' => 'gzip, deflate',
  'referer' => 'http://yingshi.oyaoyin.com/admin/dashboard?addtabs=1',
  'accept' => '*/*',
  'user-agent' => 'Mozilla/5.0 (Windows NT 10.0; WOW64) AppleWebKit/537.36 (KHTML, like Gecko) Chrome/63.0.3223.0 Safari/537.36',
  'connection' => 'keep-alive',
  'host' => 'yingshi.oyaoyin.com',
  'content-type' => '',
  'content-length' => '',
)
[ info ] [ PARAM ] array (
  'callback' => 'define',
  'controllername' => 'dashboard',
  'v' => '1528333725',
)
[ info ] [ LANG ] /home/wwwroot/yingshi.oyaoyin.com/public/../application/admin/lang/zh-cn.php
[ info ] [ BEHAVIOR ] Run app\common\behavior\Common @module_init [ RunTime:0.000155s ]
[ info ] [ SESSION ] INIT array (
  'id' => '',
  'var_session_id' => '',
  'prefix' => 'think',
  'type' => '',
  'auto_start' => true,
)
[ info ] [ RUN ] app\admin\controller\Ajax->lang[ /home/wwwroot/yingshi.oyaoyin.com/application/admin/controller/Ajax.php ]
[ info ] [ LANG ] /home/wwwroot/yingshi.oyaoyin.com/public/../application/admin/lang/zh-cn/dashboard.php
[ info ] [ BEHAVIOR ] Run app\admin\behavior\AdminLog @app_end [ RunTime:0.000059s ]
[ info ] [ LOG ] INIT File
---------------------------------------------------------------
[ 2018-06-07T11:48:00+08:00 ] 172.16.125.100 123.207.136.134 POST /api/user/login
[ info ] yingshi.oyaoyin.com/api/user/login [运行时间：0.034707s][吞吐率：28.81req/s] [内存消耗：2,936.34kb] [文件加载：73]
[ info ] [ BEHAVIOR ] Run Closure @app_init [ RunTime:0.000020s ]
[ info ] [ CACHE ] INIT File
[ info ] [ BEHAVIOR ] Run Closure @app_init [ RunTime:0.000819s ]
[ info ] [ LANG ] /home/wwwroot/yingshi.oyaoyin.com/thinkphp/lang/zh-cn.php
[ info ] [ ROUTE ] array (
  'type' => 'module',
  'module' => 
  array (
    0 => 'api',
    1 => 'user',
    2 => 'login',
  ),
)
[ info ] [ HEADER ] array (
  'accept-encoding' => 'gzip',
  'cookie' => 'access_token=61420a3768a04b921cf27720c231f54a42e6c12dc7e4b877338a5b333b374c60',
  'content-type' => 'application/x-www-form-urlencoded',
  'content-length' => '64',
  'user-agent' => 'Go-http-client/1.1',
  'host' => 'yingshi.oyaoyin.com',
)
[ info ] [ PARAM ] array (
  'row' => 
  array (
    'mobile' => '13800138001',
    'password' => '123456',
    'unique' => '13dasda',
  ),
)
[ info ] [ BEHAVIOR ] Run app\common\behavior\Common @module_init [ RunTime:0.000148s ]
[ info ] [ SESSION ] INIT array (
  'id' => '',
  'var_session_id' => '',
  'prefix' => 'think',
  'type' => '',
  'auto_start' => true,
)
[ info ] [ DB ] INIT mysql
[ info ] [ RUN ] app\api\controller\User->login[ /home/wwwroot/yingshi.oyaoyin.com/application/api/controller/User.php ]
[ info ] [ LOG ] INIT File
[ sql ] [ DB ] CONNECT:[ UseTime:0.000552s ] mysql:host=127.0.0.1;dbname=zgys;charset=utf8
[ sql ] [ SQL ] SHOW COLUMNS FROM `fa_user` [ RunTime:0.000853s ]
[ sql ] [ SQL ] SELECT * FROM `fa_user` WHERE  `mobile` = '13800138001' LIMIT 1 [ RunTime:0.000382s ]
[ sql ] [ SQL ] SELECT `id`,`username`,`mobile`,`nickname`,`createtime` FROM `fa_user` WHERE  `password` = '70119da1d93181f7002698c187ddd95b' LIMIT 1 [ RunTime:0.000221s ]
[ sql ] [ SQL ] SELECT `id`,`username`,`mobile`,`nickname`,`createtime` FROM `fa_user` WHERE  `password` = '70119da1d93181f7002698c187ddd95b' LIMIT 1 [ RunTime:0.000194s ]
[ sql ] [ SQL ] UPDATE `fa_user`  SET `mobile`='13800138001',`unique`='13dasda',`access_token`='137e39e97c846762811743772a1bbc10c3f1aca7dfb19f4efe74c9eb6d9ba737'  WHERE  (  mobile = '13800138001' ) [ RunTime:0.004298s ]
---------------------------------------------------------------
[ 2018-06-07T11:48:18+08:00 ] 172.16.125.100 123.207.136.134 POST /api/user/login
[ info ] yingshi.oyaoyin.com/api/user/login [运行时间：0.036492s][吞吐率：27.40req/s] [内存消耗：2,936.27kb] [文件加载：73]
[ info ] [ BEHAVIOR ] Run Closure @app_init [ RunTime:0.000021s ]
[ info ] [ CACHE ] INIT File
[ info ] [ BEHAVIOR ] Run Closure @app_init [ RunTime:0.000784s ]
[ info ] [ LANG ] /home/wwwroot/yingshi.oyaoyin.com/thinkphp/lang/zh-cn.php
[ info ] [ ROUTE ] array (
  'type' => 'module',
  'module' => 
  array (
    0 => 'api',
    1 => 'user',
    2 => 'login',
  ),
)
[ info ] [ HEADER ] array (
  'accept-encoding' => 'gzip',
  'cookie' => 'access_token=61420a3768a04b921cf27720c231f54a42e6c12dc7e4b877338a5b333b374c60',
  'content-type' => 'application/x-www-form-urlencoded',
  'content-length' => '64',
  'user-agent' => 'Go-http-client/1.1',
  'host' => 'yingshi.oyaoyin.com',
)
[ info ] [ PARAM ] array (
  'row' => 
  array (
    'mobile' => '13800138000',
    'password' => '123456',
    'unique' => '13dasda',
  ),
)
[ info ] [ BEHAVIOR ] Run app\common\behavior\Common @module_init [ RunTime:0.000184s ]
[ info ] [ SESSION ] INIT array (
  'id' => '',
  'var_session_id' => '',
  'prefix' => 'think',
  'type' => '',
  'auto_start' => true,
)
[ info ] [ DB ] INIT mysql
[ info ] [ RUN ] app\api\controller\User->login[ /home/wwwroot/yingshi.oyaoyin.com/application/api/controller/User.php ]
[ info ] [ LOG ] INIT File
[ sql ] [ DB ] CONNECT:[ UseTime:0.000451s ] mysql:host=127.0.0.1;dbname=zgys;charset=utf8
[ sql ] [ SQL ] SHOW COLUMNS FROM `fa_user` [ RunTime:0.000862s ]
[ sql ] [ SQL ] SELECT * FROM `fa_user` WHERE  `mobile` = '13800138000' LIMIT 1 [ RunTime:0.000401s ]
[ sql ] [ SQL ] SELECT `id`,`username`,`mobile`,`nickname`,`createtime` FROM `fa_user` WHERE  `password` = '70119da1d93181f7002698c187ddd95b' LIMIT 1 [ RunTime:0.000264s ]
[ sql ] [ SQL ] SELECT `id`,`username`,`mobile`,`nickname`,`createtime` FROM `fa_user` WHERE  `password` = '70119da1d93181f7002698c187ddd95b' LIMIT 1 [ RunTime:0.000253s ]
[ sql ] [ SQL ] UPDATE `fa_user`  SET `mobile`='13800138000',`unique`='13dasda',`access_token`='a4a2211a6b3d943256ad8606630086f02f7486fd984f27a144595eca877e24eb'  WHERE  (  mobile = '13800138000' ) [ RunTime:0.005141s ]
---------------------------------------------------------------
[ 2018-06-07T11:48:30+08:00 ] 172.16.125.100 123.207.136.134 POST /api/user/login
[ info ] yingshi.oyaoyin.com/api/user/login [运行时间：0.038198s][吞吐率：26.18req/s] [内存消耗：2,935.68kb] [文件加载：73]
[ info ] [ BEHAVIOR ] Run Closure @app_init [ RunTime:0.000022s ]
[ info ] [ CACHE ] INIT File
[ info ] [ BEHAVIOR ] Run Closure @app_init [ RunTime:0.000902s ]
[ info ] [ LANG ] /home/wwwroot/yingshi.oyaoyin.com/thinkphp/lang/zh-cn.php
[ info ] [ ROUTE ] array (
  'type' => 'module',
  'module' => 
  array (
    0 => 'api',
    1 => 'user',
    2 => 'login',
  ),
)
[ info ] [ HEADER ] array (
  'accept-encoding' => 'gzip',
  'content-type' => 'application/x-www-form-urlencoded',
  'content-length' => '64',
  'user-agent' => 'Go-http-client/1.1',
  'host' => 'yingshi.oyaoyin.com',
)
[ info ] [ PARAM ] array (
  'row' => 
  array (
    'mobile' => '13800138000',
    'password' => '123456',
    'unique' => '13dasda',
  ),
)
[ info ] [ BEHAVIOR ] Run app\common\behavior\Common @module_init [ RunTime:0.000184s ]
[ info ] [ SESSION ] INIT array (
  'id' => '',
  'var_session_id' => '',
  'prefix' => 'think',
  'type' => '',
  'auto_start' => true,
)
[ info ] [ DB ] INIT mysql
[ info ] [ RUN ] app\api\controller\User->login[ /home/wwwroot/yingshi.oyaoyin.com/application/api/controller/User.php ]
[ info ] [ LOG ] INIT File
[ sql ] [ DB ] CONNECT:[ UseTime:0.000440s ] mysql:host=127.0.0.1;dbname=zgys;charset=utf8
[ sql ] [ SQL ] SHOW COLUMNS FROM `fa_user` [ RunTime:0.000978s ]
[ sql ] [ SQL ] SELECT * FROM `fa_user` WHERE  `mobile` = '13800138000' LIMIT 1 [ RunTime:0.000444s ]
[ sql ] [ SQL ] SELECT `id`,`username`,`mobile`,`nickname`,`createtime` FROM `fa_user` WHERE  `password` = '70119da1d93181f7002698c187ddd95b' LIMIT 1 [ RunTime:0.000243s ]
[ sql ] [ SQL ] SELECT `id`,`username`,`mobile`,`nickname`,`createtime` FROM `fa_user` WHERE  `password` = '70119da1d93181f7002698c187ddd95b' LIMIT 1 [ RunTime:0.000310s ]
[ sql ] [ SQL ] UPDATE `fa_user`  SET `mobile`='13800138000',`unique`='13dasda',`access_token`='a4a2211a6b3d943256ad8606630086f02f7486fd984f27a144595eca877e24eb'  WHERE  (  mobile = '13800138000' ) [ RunTime:0.003630s ]
---------------------------------------------------------------
[ 2018-06-07T11:51:15+08:00 ] 172.16.125.100 123.207.136.134 POST /api/video/index
[ info ] yingshi.oyaoyin.com/api/video/index [运行时间：0.027334s][吞吐率：36.58req/s] [内存消耗：2,888.00kb] [文件加载：73]
[ info ] [ BEHAVIOR ] Run Closure @app_init [ RunTime:0.000021s ]
[ info ] [ CACHE ] INIT File
[ info ] [ BEHAVIOR ] Run Closure @app_init [ RunTime:0.000829s ]
[ info ] [ LANG ] /home/wwwroot/yingshi.oyaoyin.com/thinkphp/lang/zh-cn.php
[ info ] [ ROUTE ] array (
  'type' => 'module',
  'module' => 
  array (
    0 => 'api',
    1 => 'video',
    2 => 'index',
  ),
)
[ info ] [ HEADER ] array (
  'accept-encoding' => 'gzip',
  'content-type' => 'application/x-www-form-urlencoded',
  'content-length' => '64',
  'user-agent' => 'Go-http-client/1.1',
  'host' => 'yingshi.oyaoyin.com',
)
[ info ] [ PARAM ] array (
  'row' => 
  array (
    'mobile' => '13800138000',
    'password' => '123456',
    'unique' => '13dasda',
  ),
)
[ info ] [ BEHAVIOR ] Run app\common\behavior\Common @module_init [ RunTime:0.000151s ]
[ info ] [ SESSION ] INIT array (
  'id' => '',
  'var_session_id' => '',
  'prefix' => 'think',
  'type' => '',
  'auto_start' => true,
)
[ info ] [ DB ] INIT mysql
[ info ] [ RUN ] app\api\controller\Video->index[ /home/wwwroot/yingshi.oyaoyin.com/application/api/controller/Video.php ]
[ info ] [ LOG ] INIT File
---------------------------------------------------------------
[ 2018-06-07T11:51:40+08:00 ] 172.16.125.100 123.207.136.134 POST /api/video/index
[ info ] yingshi.oyaoyin.com/api/video/index [运行时间：0.028490s][吞吐率：35.10req/s] [内存消耗：2,888.16kb] [文件加载：73]
[ info ] [ BEHAVIOR ] Run Closure @app_init [ RunTime:0.000022s ]
[ info ] [ CACHE ] INIT File
[ info ] [ BEHAVIOR ] Run Closure @app_init [ RunTime:0.000853s ]
[ info ] [ LANG ] /home/wwwroot/yingshi.oyaoyin.com/thinkphp/lang/zh-cn.php
[ info ] [ ROUTE ] array (
  'type' => 'module',
  'module' => 
  array (
    0 => 'api',
    1 => 'video',
    2 => 'index',
  ),
)
[ info ] [ HEADER ] array (
  'accept-encoding' => 'gzip',
  'cookie' => 'access_token=a4a2211a6b3d943256ad8606630086f02f7486fd984f27a144595eca877e24eb',
  'content-type' => 'application/x-www-form-urlencoded',
  'content-length' => '64',
  'user-agent' => 'Go-http-client/1.1',
  'host' => 'yingshi.oyaoyin.com',
)
[ info ] [ PARAM ] array (
  'row' => 
  array (
    'mobile' => '13800138000',
    'password' => '123456',
    'unique' => '13dasda',
  ),
)
[ info ] [ BEHAVIOR ] Run app\common\behavior\Common @module_init [ RunTime:0.000150s ]
[ info ] [ SESSION ] INIT array (
  'id' => '',
  'var_session_id' => '',
  'prefix' => 'think',
  'type' => '',
  'auto_start' => true,
)
[ info ] [ DB ] INIT mysql
[ info ] [ RUN ] app\api\controller\Video->index[ /home/wwwroot/yingshi.oyaoyin.com/application/api/controller/Video.php ]
[ info ] [ LOG ] INIT File
---------------------------------------------------------------
[ 2018-06-07T11:51:51+08:00 ] 172.16.125.100 123.207.136.134 POST /api/video/index
[ info ] yingshi.oyaoyin.com/api/video/index [运行时间：0.028090s][吞吐率：35.60req/s] [内存消耗：2,888.16kb] [文件加载：73]
[ info ] [ BEHAVIOR ] Run Closure @app_init [ RunTime:0.000021s ]
[ info ] [ CACHE ] INIT File
[ info ] [ BEHAVIOR ] Run Closure @app_init [ RunTime:0.000838s ]
[ info ] [ LANG ] /home/wwwroot/yingshi.oyaoyin.com/thinkphp/lang/zh-cn.php
[ info ] [ ROUTE ] array (
  'type' => 'module',
  'module' => 
  array (
    0 => 'api',
    1 => 'video',
    2 => 'index',
  ),
)
[ info ] [ HEADER ] array (
  'accept-encoding' => 'gzip',
  'cookie' => 'access_token=a4a2211a6b3d943256ad8606630086f02f7486fd984f27a144595eca877e24eb',
  'content-type' => 'application/x-www-form-urlencoded',
  'content-length' => '64',
  'user-agent' => 'Go-http-client/1.1',
  'host' => 'yingshi.oyaoyin.com',
)
[ info ] [ PARAM ] array (
  'row' => 
  array (
    'mobile' => '13800138000',
    'password' => '123456',
    'unique' => '13dasda',
  ),
)
[ info ] [ BEHAVIOR ] Run app\common\behavior\Common @module_init [ RunTime:0.000152s ]
[ info ] [ SESSION ] INIT array (
  'id' => '',
  'var_session_id' => '',
  'prefix' => 'think',
  'type' => '',
  'auto_start' => true,
)
[ info ] [ DB ] INIT mysql
[ info ] [ RUN ] app\api\controller\Video->index[ /home/wwwroot/yingshi.oyaoyin.com/application/api/controller/Video.php ]
[ info ] [ LOG ] INIT File
---------------------------------------------------------------
[ 2018-06-07T11:52:00+08:00 ] 172.16.125.100 123.207.136.134 POST /api/video/index
[ info ] yingshi.oyaoyin.com/api/video/index [运行时间：0.027315s][吞吐率：36.61req/s] [内存消耗：2,888.00kb] [文件加载：73]
[ info ] [ BEHAVIOR ] Run Closure @app_init [ RunTime:0.000021s ]
[ info ] [ CACHE ] INIT File
[ info ] [ BEHAVIOR ] Run Closure @app_init [ RunTime:0.000866s ]
[ info ] [ LANG ] /home/wwwroot/yingshi.oyaoyin.com/thinkphp/lang/zh-cn.php
[ info ] [ ROUTE ] array (
  'type' => 'module',
  'module' => 
  array (
    0 => 'api',
    1 => 'video',
    2 => 'index',
  ),
)
[ info ] [ HEADER ] array (
  'accept-encoding' => 'gzip',
  'content-type' => 'application/x-www-form-urlencoded',
  'content-length' => '64',
  'user-agent' => 'Go-http-client/1.1',
  'host' => 'yingshi.oyaoyin.com',
)
[ info ] [ PARAM ] array (
  'row' => 
  array (
    'mobile' => '13800138000',
    'password' => '123456',
    'unique' => '13dasda',
  ),
)
[ info ] [ BEHAVIOR ] Run app\common\behavior\Common @module_init [ RunTime:0.000189s ]
[ info ] [ SESSION ] INIT array (
  'id' => '',
  'var_session_id' => '',
  'prefix' => 'think',
  'type' => '',
  'auto_start' => true,
)
[ info ] [ DB ] INIT mysql
[ info ] [ RUN ] app\api\controller\Video->index[ /home/wwwroot/yingshi.oyaoyin.com/application/api/controller/Video.php ]
[ info ] [ LOG ] INIT File
---------------------------------------------------------------
[ 2018-06-07T11:52:11+08:00 ] 172.16.125.100 123.207.136.134 POST /api/video/index
[ info ] yingshi.oyaoyin.com/api/video/index [运行时间：0.027075s][吞吐率：36.93req/s] [内存消耗：2,888.16kb] [文件加载：73]
[ info ] [ BEHAVIOR ] Run Closure @app_init [ RunTime:0.000019s ]
[ info ] [ CACHE ] INIT File
[ info ] [ BEHAVIOR ] Run Closure @app_init [ RunTime:0.000779s ]
[ info ] [ LANG ] /home/wwwroot/yingshi.oyaoyin.com/thinkphp/lang/zh-cn.php
[ info ] [ ROUTE ] array (
  'type' => 'module',
  'module' => 
  array (
    0 => 'api',
    1 => 'video',
    2 => 'index',
  ),
)
[ info ] [ HEADER ] array (
  'accept-encoding' => 'gzip',
  'cookie' => 'access_token=a4a2211a6b3d943256ad8606630086f02f7486fd984f27a144595eca877e24eb',
  'content-type' => 'application/x-www-form-urlencoded',
  'content-length' => '64',
  'user-agent' => 'Go-http-client/1.1',
  'host' => 'yingshi.oyaoyin.com',
)
[ info ] [ PARAM ] array (
  'row' => 
  array (
    'mobile' => '13800138000',
    'password' => '123456',
    'unique' => '13dasda',
  ),
)
[ info ] [ BEHAVIOR ] Run app\common\behavior\Common @module_init [ RunTime:0.000143s ]
[ info ] [ SESSION ] INIT array (
  'id' => '',
  'var_session_id' => '',
  'prefix' => 'think',
  'type' => '',
  'auto_start' => true,
)
[ info ] [ DB ] INIT mysql
[ info ] [ RUN ] app\api\controller\Video->index[ /home/wwwroot/yingshi.oyaoyin.com/application/api/controller/Video.php ]
[ info ] [ LOG ] INIT File
---------------------------------------------------------------
[ 2018-06-07T11:52:22+08:00 ] 172.16.125.100 222.129.49.127 POST /api/video/index
[ info ] yingshi.oyaoyin.com/api/video/index [运行时间：0.028378s][吞吐率：35.24req/s] [内存消耗：2,890.92kb] [文件加载：73]
[ info ] [ BEHAVIOR ] Run Closure @app_init [ RunTime:0.000020s ]
[ info ] [ CACHE ] INIT File
[ info ] [ BEHAVIOR ] Run Closure @app_init [ RunTime:0.000809s ]
[ info ] [ LANG ] /home/wwwroot/yingshi.oyaoyin.com/thinkphp/lang/zh-cn.php
[ info ] [ ROUTE ] array (
  'type' => 'module',
  'module' => 
  array (
    0 => 'api',
    1 => 'video',
    2 => 'index',
  ),
)
[ info ] [ HEADER ] array (
  'connection' => 'keep-alive',
  'content-length' => '412',
  'content-type' => 'multipart/form-data; boundary=--------------------------150104407751791524595424',
  'accept-encoding' => 'gzip, deflate',
  'cookie' => 'PHPSESSID=85ruksnn568fgd0fjesq8u3gj2',
  'host' => 'yingshi.oyaoyin.com',
  'accept' => '*/*',
  'user-agent' => 'PostmanRuntime/7.1.1',
  'postman-token' => '955dff35-ccc0-4b58-9a9b-5601ce3c52ca',
  'cache-control' => 'no-cache',
)
[ info ] [ PARAM ] array (
  'row' => 
  array (
    'mobile' => '13800138001',
    'password' => '123456',
    'unique' => '13dasda',
  ),
)
[ info ] [ BEHAVIOR ] Run app\common\behavior\Common @module_init [ RunTime:0.000183s ]
[ info ] [ SESSION ] INIT array (
  'id' => '',
  'var_session_id' => '',
  'prefix' => 'think',
  'type' => '',
  'auto_start' => true,
)
[ info ] [ DB ] INIT mysql
[ info ] [ RUN ] app\api\controller\Video->index[ /home/wwwroot/yingshi.oyaoyin.com/application/api/controller/Video.php ]
[ info ] [ LOG ] INIT File
---------------------------------------------------------------
[ 2018-06-07T11:52:29+08:00 ] 172.16.125.100 222.129.49.127 POST /api/user/login
[ info ] yingshi.oyaoyin.com/api/user/login [运行时间：0.035120s][吞吐率：28.47req/s] [内存消耗：2,938.60kb] [文件加载：73]
[ info ] [ BEHAVIOR ] Run Closure @app_init [ RunTime:0.000021s ]
[ info ] [ CACHE ] INIT File
[ info ] [ BEHAVIOR ] Run Closure @app_init [ RunTime:0.000788s ]
[ info ] [ LANG ] /home/wwwroot/yingshi.oyaoyin.com/thinkphp/lang/zh-cn.php
[ info ] [ ROUTE ] array (
  'type' => 'module',
  'module' => 
  array (
    0 => 'api',
    1 => 'user',
    2 => 'login',
  ),
)
[ info ] [ HEADER ] array (
  'connection' => 'keep-alive',
  'content-length' => '412',
  'content-type' => 'multipart/form-data; boundary=--------------------------642217542066670739729976',
  'accept-encoding' => 'gzip, deflate',
  'cookie' => 'PHPSESSID=85ruksnn568fgd0fjesq8u3gj2',
  'host' => 'yingshi.oyaoyin.com',
  'accept' => '*/*',
  'user-agent' => 'PostmanRuntime/7.1.1',
  'postman-token' => 'f490567f-5df0-45dc-a123-81c7c1f7ad80',
  'cache-control' => 'no-cache',
)
[ info ] [ PARAM ] array (
  'row' => 
  array (
    'mobile' => '13800138001',
    'password' => '123456',
    'unique' => '13dasda',
  ),
)
[ info ] [ BEHAVIOR ] Run app\common\behavior\Common @module_init [ RunTime:0.000185s ]
[ info ] [ SESSION ] INIT array (
  'id' => '',
  'var_session_id' => '',
  'prefix' => 'think',
  'type' => '',
  'auto_start' => true,
)
[ info ] [ DB ] INIT mysql
[ info ] [ RUN ] app\api\controller\User->login[ /home/wwwroot/yingshi.oyaoyin.com/application/api/controller/User.php ]
[ info ] [ LOG ] INIT File
[ sql ] [ DB ] CONNECT:[ UseTime:0.000439s ] mysql:host=127.0.0.1;dbname=zgys;charset=utf8
[ sql ] [ SQL ] SHOW COLUMNS FROM `fa_user` [ RunTime:0.000972s ]
[ sql ] [ SQL ] SELECT * FROM `fa_user` WHERE  `mobile` = '13800138001' LIMIT 1 [ RunTime:0.000412s ]
[ sql ] [ SQL ] SELECT `id`,`username`,`mobile`,`nickname`,`createtime` FROM `fa_user` WHERE  `password` = '70119da1d93181f7002698c187ddd95b' LIMIT 1 [ RunTime:0.000253s ]
[ sql ] [ SQL ] SELECT `id`,`username`,`mobile`,`nickname`,`createtime` FROM `fa_user` WHERE  `password` = '70119da1d93181f7002698c187ddd95b' LIMIT 1 [ RunTime:0.000203s ]
[ sql ] [ SQL ] UPDATE `fa_user`  SET `mobile`='13800138001',`unique`='13dasda',`access_token`='137e39e97c846762811743772a1bbc10c3f1aca7dfb19f4efe74c9eb6d9ba737'  WHERE  (  mobile = '13800138001' ) [ RunTime:0.004094s ]
---------------------------------------------------------------
[ 2018-06-07T11:52:38+08:00 ] 172.16.125.100 123.207.136.134 POST /api/video/index
[ info ] yingshi.oyaoyin.com/api/video/index [运行时间：0.027044s][吞吐率：36.98req/s] [内存消耗：2,888.16kb] [文件加载：73]
[ info ] [ BEHAVIOR ] Run Closure @app_init [ RunTime:0.000022s ]
[ info ] [ CACHE ] INIT File
[ info ] [ BEHAVIOR ] Run Closure @app_init [ RunTime:0.000803s ]
[ info ] [ LANG ] /home/wwwroot/yingshi.oyaoyin.com/thinkphp/lang/zh-cn.php
[ info ] [ ROUTE ] array (
  'type' => 'module',
  'module' => 
  array (
    0 => 'api',
    1 => 'video',
    2 => 'index',
  ),
)
[ info ] [ HEADER ] array (
  'accept-encoding' => 'gzip',
  'cookie' => 'access_token=137e39e97c846762811743772a1bbc10c3f1aca7dfb19f4efe74c9eb6d9ba737',
  'content-type' => 'application/x-www-form-urlencoded',
  'content-length' => '64',
  'user-agent' => 'Go-http-client/1.1',
  'host' => 'yingshi.oyaoyin.com',
)
[ info ] [ PARAM ] array (
  'row' => 
  array (
    'mobile' => '13800138000',
    'password' => '123456',
    'unique' => '13dasda',
  ),
)
[ info ] [ BEHAVIOR ] Run app\common\behavior\Common @module_init [ RunTime:0.000218s ]
[ info ] [ SESSION ] INIT array (
  'id' => '',
  'var_session_id' => '',
  'prefix' => 'think',
  'type' => '',
  'auto_start' => true,
)
[ info ] [ DB ] INIT mysql
[ info ] [ RUN ] app\api\controller\Video->index[ /home/wwwroot/yingshi.oyaoyin.com/application/api/controller/Video.php ]
[ info ] [ LOG ] INIT File
---------------------------------------------------------------
[ 2018-06-07T11:52:44+08:00 ] 172.16.125.100 222.129.49.127 POST /api/video/index
[ info ] yingshi.oyaoyin.com/api/video/index [运行时间：0.030142s][吞吐率：33.18req/s] [内存消耗：2,890.92kb] [文件加载：73]
[ info ] [ BEHAVIOR ] Run Closure @app_init [ RunTime:0.000019s ]
[ info ] [ CACHE ] INIT File
[ info ] [ BEHAVIOR ] Run Closure @app_init [ RunTime:0.002688s ]
[ info ] [ LANG ] /home/wwwroot/yingshi.oyaoyin.com/thinkphp/lang/zh-cn.php
[ info ] [ ROUTE ] array (
  'type' => 'module',
  'module' => 
  array (
    0 => 'api',
    1 => 'video',
    2 => 'index',
  ),
)
[ info ] [ HEADER ] array (
  'connection' => 'keep-alive',
  'content-length' => '412',
  'content-type' => 'multipart/form-data; boundary=--------------------------256611839922250569343631',
  'accept-encoding' => 'gzip, deflate',
  'cookie' => 'PHPSESSID=85ruksnn568fgd0fjesq8u3gj2',
  'host' => 'yingshi.oyaoyin.com',
  'accept' => '*/*',
  'user-agent' => 'PostmanRuntime/7.1.1',
  'postman-token' => '2d1ab590-a8d7-4b1e-a46a-079035d478f6',
  'cache-control' => 'no-cache',
)
[ info ] [ PARAM ] array (
  'row' => 
  array (
    'mobile' => '13800138001',
    'password' => '123456',
    'unique' => '13dasda',
  ),
)
[ info ] [ BEHAVIOR ] Run app\common\behavior\Common @module_init [ RunTime:0.000164s ]
[ info ] [ SESSION ] INIT array (
  'id' => '',
  'var_session_id' => '',
  'prefix' => 'think',
  'type' => '',
  'auto_start' => true,
)
[ info ] [ DB ] INIT mysql
[ info ] [ RUN ] app\api\controller\Video->index[ /home/wwwroot/yingshi.oyaoyin.com/application/api/controller/Video.php ]
[ info ] [ LOG ] INIT File
---------------------------------------------------------------
[ 2018-06-07T11:52:47+08:00 ] 172.16.125.100 222.129.49.127 POST /api/user/login
[ info ] yingshi.oyaoyin.com/api/user/login [运行时间：0.033998s][吞吐率：29.41req/s] [内存消耗：2,938.60kb] [文件加载：73]
[ info ] [ BEHAVIOR ] Run Closure @app_init [ RunTime:0.000024s ]
[ info ] [ CACHE ] INIT File
[ info ] [ BEHAVIOR ] Run Closure @app_init [ RunTime:0.000821s ]
[ info ] [ LANG ] /home/wwwroot/yingshi.oyaoyin.com/thinkphp/lang/zh-cn.php
[ info ] [ ROUTE ] array (
  'type' => 'module',
  'module' => 
  array (
    0 => 'api',
    1 => 'user',
    2 => 'login',
  ),
)
[ info ] [ HEADER ] array (
  'connection' => 'keep-alive',
  'content-length' => '412',
  'content-type' => 'multipart/form-data; boundary=--------------------------161290239976841548518392',
  'accept-encoding' => 'gzip, deflate',
  'cookie' => 'PHPSESSID=85ruksnn568fgd0fjesq8u3gj2',
  'host' => 'yingshi.oyaoyin.com',
  'accept' => '*/*',
  'user-agent' => 'PostmanRuntime/7.1.1',
  'postman-token' => '41bdf7be-107f-4836-949a-0cafdaaacda3',
  'cache-control' => 'no-cache',
)
[ info ] [ PARAM ] array (
  'row' => 
  array (
    'mobile' => '13800138001',
    'password' => '123456',
    'unique' => '13dasda',
  ),
)
[ info ] [ BEHAVIOR ] Run app\common\behavior\Common @module_init [ RunTime:0.000156s ]
[ info ] [ SESSION ] INIT array (
  'id' => '',
  'var_session_id' => '',
  'prefix' => 'think',
  'type' => '',
  'auto_start' => true,
)
[ info ] [ DB ] INIT mysql
[ info ] [ RUN ] app\api\controller\User->login[ /home/wwwroot/yingshi.oyaoyin.com/application/api/controller/User.php ]
[ info ] [ LOG ] INIT File
[ sql ] [ DB ] CONNECT:[ UseTime:0.000417s ] mysql:host=127.0.0.1;dbname=zgys;charset=utf8
[ sql ] [ SQL ] SHOW COLUMNS FROM `fa_user` [ RunTime:0.000834s ]
[ sql ] [ SQL ] SELECT * FROM `fa_user` WHERE  `mobile` = '13800138001' LIMIT 1 [ RunTime:0.000396s ]
[ sql ] [ SQL ] SELECT `id`,`username`,`mobile`,`nickname`,`createtime` FROM `fa_user` WHERE  `password` = '70119da1d93181f7002698c187ddd95b' LIMIT 1 [ RunTime:0.000226s ]
[ sql ] [ SQL ] SELECT `id`,`username`,`mobile`,`nickname`,`createtime` FROM `fa_user` WHERE  `password` = '70119da1d93181f7002698c187ddd95b' LIMIT 1 [ RunTime:0.000204s ]
[ sql ] [ SQL ] UPDATE `fa_user`  SET `mobile`='13800138001',`unique`='13dasda',`access_token`='137e39e97c846762811743772a1bbc10c3f1aca7dfb19f4efe74c9eb6d9ba737'  WHERE  (  mobile = '13800138001' ) [ RunTime:0.003507s ]
---------------------------------------------------------------
[ 2018-06-07T11:52:52+08:00 ] 172.16.125.100 123.207.136.134 POST /api/video/index
[ info ] yingshi.oyaoyin.com/api/video/index [运行时间：0.027041s][吞吐率：36.98req/s] [内存消耗：2,888.00kb] [文件加载：73]
[ info ] [ BEHAVIOR ] Run Closure @app_init [ RunTime:0.000019s ]
[ info ] [ CACHE ] INIT File
[ info ] [ BEHAVIOR ] Run Closure @app_init [ RunTime:0.000825s ]
[ info ] [ LANG ] /home/wwwroot/yingshi.oyaoyin.com/thinkphp/lang/zh-cn.php
[ info ] [ ROUTE ] array (
  'type' => 'module',
  'module' => 
  array (
    0 => 'api',
    1 => 'video',
    2 => 'index',
  ),
)
[ info ] [ HEADER ] array (
  'accept-encoding' => 'gzip',
  'content-type' => 'application/x-www-form-urlencoded',
  'content-length' => '64',
  'user-agent' => 'Go-http-client/1.1',
  'host' => 'yingshi.oyaoyin.com',
)
[ info ] [ PARAM ] array (
  'row' => 
  array (
    'mobile' => '13800138000',
    'password' => '123456',
    'unique' => '13dasda',
  ),
)
[ info ] [ BEHAVIOR ] Run app\common\behavior\Common @module_init [ RunTime:0.000159s ]
[ info ] [ SESSION ] INIT array (
  'id' => '',
  'var_session_id' => '',
  'prefix' => 'think',
  'type' => '',
  'auto_start' => true,
)
[ info ] [ DB ] INIT mysql
[ info ] [ RUN ] app\api\controller\Video->index[ /home/wwwroot/yingshi.oyaoyin.com/application/api/controller/Video.php ]
[ info ] [ LOG ] INIT File
---------------------------------------------------------------
[ 2018-06-07T11:53:19+08:00 ] 172.16.125.100 123.207.136.134 POST /api/video/index
[ info ] yingshi.oyaoyin.com/api/video/index [运行时间：0.026920s][吞吐率：37.15req/s] [内存消耗：2,888.16kb] [文件加载：73]
[ info ] [ BEHAVIOR ] Run Closure @app_init [ RunTime:0.000019s ]
[ info ] [ CACHE ] INIT File
[ info ] [ BEHAVIOR ] Run Closure @app_init [ RunTime:0.000777s ]
[ info ] [ LANG ] /home/wwwroot/yingshi.oyaoyin.com/thinkphp/lang/zh-cn.php
[ info ] [ ROUTE ] array (
  'type' => 'module',
  'module' => 
  array (
    0 => 'api',
    1 => 'video',
    2 => 'index',
  ),
)
[ info ] [ HEADER ] array (
  'accept-encoding' => 'gzip',
  'cookie' => 'access_token=a4a2211a6b3d943256ad8606630086f02f7486fd984f27a144595eca877e24eb',
  'content-type' => 'application/x-www-form-urlencoded',
  'content-length' => '64',
  'user-agent' => 'Go-http-client/1.1',
  'host' => 'yingshi.oyaoyin.com',
)
[ info ] [ PARAM ] array (
  'row' => 
  array (
    'mobile' => '13800138000',
    'password' => '123456',
    'unique' => '13dasda',
  ),
)
[ info ] [ BEHAVIOR ] Run app\common\behavior\Common @module_init [ RunTime:0.000168s ]
[ info ] [ SESSION ] INIT array (
  'id' => '',
  'var_session_id' => '',
  'prefix' => 'think',
  'type' => '',
  'auto_start' => true,
)
[ info ] [ DB ] INIT mysql
[ info ] [ RUN ] app\api\controller\Video->index[ /home/wwwroot/yingshi.oyaoyin.com/application/api/controller/Video.php ]
[ info ] [ LOG ] INIT File
---------------------------------------------------------------
[ 2018-06-07T11:54:07+08:00 ] 172.16.125.100 123.207.136.134 POST /api/video/index
[ info ] yingshi.oyaoyin.com/api/video/index [运行时间：0.029732s][吞吐率：33.63req/s] [内存消耗：2,899.48kb] [文件加载：71]
[ info ] [ BEHAVIOR ] Run Closure @app_init [ RunTime:0.000020s ]
[ info ] [ CACHE ] INIT File
[ info ] [ BEHAVIOR ] Run Closure @app_init [ RunTime:0.000902s ]
[ info ] [ LANG ] /home/wwwroot/yingshi.oyaoyin.com/thinkphp/lang/zh-cn.php
[ info ] [ ROUTE ] array (
  'type' => 'module',
  'module' => 
  array (
    0 => 'api',
    1 => 'video',
    2 => 'index',
  ),
)
[ info ] [ HEADER ] array (
  'accept-encoding' => 'gzip',
  'cookie' => 'access_token=a4a2211a6b3d943256ad8606630086f02f7486fd984f27a144595eca877e24eb',
  'content-type' => 'application/x-www-form-urlencoded',
  'content-length' => '64',
  'user-agent' => 'Go-http-client/1.1',
  'host' => 'yingshi.oyaoyin.com',
)
[ info ] [ PARAM ] array (
  'row' => 
  array (
    'mobile' => '13800138000',
    'password' => '123456',
    'unique' => '13dasda',
  ),
)
[ info ] [ BEHAVIOR ] Run app\common\behavior\Common @module_init [ RunTime:0.000192s ]
[ info ] [ SESSION ] INIT array (
  'id' => '',
  'var_session_id' => '',
  'prefix' => 'think',
  'type' => '',
  'auto_start' => true,
)
[ info ] [ DB ] INIT mysql
[ info ] [ RUN ] app\api\controller\Video->index[ /home/wwwroot/yingshi.oyaoyin.com/application/api/controller/Video.php ]
[ info ] [ LOG ] INIT File
---------------------------------------------------------------
[ 2018-06-07T11:55:07+08:00 ] 172.16.125.100 123.207.136.134 POST /api/video/index
[ info ] yingshi.oyaoyin.com/api/video/index [运行时间：0.026956s][吞吐率：37.10req/s] [内存消耗：2,899.95kb] [文件加载：71]
[ info ] [ BEHAVIOR ] Run Closure @app_init [ RunTime:0.000021s ]
[ info ] [ CACHE ] INIT File
[ info ] [ BEHAVIOR ] Run Closure @app_init [ RunTime:0.000822s ]
[ info ] [ LANG ] /home/wwwroot/yingshi.oyaoyin.com/thinkphp/lang/zh-cn.php
[ info ] [ ROUTE ] array (
  'type' => 'module',
  'module' => 
  array (
    0 => 'api',
    1 => 'video',
    2 => 'index',
  ),
)
[ info ] [ HEADER ] array (
  'accept-encoding' => 'gzip',
  'cookie' => 'access_token=a4a2211a6b3d943256ad8606630086f02f7486fd984f27a144595eca877e24eb',
  'content-type' => 'application/x-www-form-urlencoded',
  'content-length' => '64',
  'user-agent' => 'Go-http-client/1.1',
  'host' => 'yingshi.oyaoyin.com',
)
[ info ] [ PARAM ] array (
  'row' => 
  array (
    'mobile' => '13800138000',
    'password' => '123456',
    'unique' => '13dasda',
  ),
)
[ info ] [ BEHAVIOR ] Run app\common\behavior\Common @module_init [ RunTime:0.000152s ]
[ info ] [ SESSION ] INIT array (
  'id' => '',
  'var_session_id' => '',
  'prefix' => 'think',
  'type' => '',
  'auto_start' => true,
)
[ info ] [ DB ] INIT mysql
[ info ] [ LOG ] INIT File
---------------------------------------------------------------
[ 2018-06-07T11:55:20+08:00 ] 172.16.125.100 123.207.136.134 POST /api/video/index
[ info ] yingshi.oyaoyin.com/api/video/index [运行时间：0.026827s][吞吐率：37.28req/s] [内存消耗：2,899.48kb] [文件加载：71]
[ info ] [ BEHAVIOR ] Run Closure @app_init [ RunTime:0.000021s ]
[ info ] [ CACHE ] INIT File
[ info ] [ BEHAVIOR ] Run Closure @app_init [ RunTime:0.000809s ]
[ info ] [ LANG ] /home/wwwroot/yingshi.oyaoyin.com/thinkphp/lang/zh-cn.php
[ info ] [ ROUTE ] array (
  'type' => 'module',
  'module' => 
  array (
    0 => 'api',
    1 => 'video',
    2 => 'index',
  ),
)
[ info ] [ HEADER ] array (
  'accept-encoding' => 'gzip',
  'cookie' => 'access_token=a4a2211a6b3d943256ad8606630086f02f7486fd984f27a144595eca877e24eb',
  'content-type' => 'application/x-www-form-urlencoded',
  'content-length' => '64',
  'user-agent' => 'Go-http-client/1.1',
  'host' => 'yingshi.oyaoyin.com',
)
[ info ] [ PARAM ] array (
  'row' => 
  array (
    'mobile' => '13800138000',
    'password' => '123456',
    'unique' => '13dasda',
  ),
)
[ info ] [ BEHAVIOR ] Run app\common\behavior\Common @module_init [ RunTime:0.000148s ]
[ info ] [ SESSION ] INIT array (
  'id' => '',
  'var_session_id' => '',
  'prefix' => 'think',
  'type' => '',
  'auto_start' => true,
)
[ info ] [ DB ] INIT mysql
[ info ] [ RUN ] app\api\controller\Video->index[ /home/wwwroot/yingshi.oyaoyin.com/application/api/controller/Video.php ]
[ info ] [ LOG ] INIT File
---------------------------------------------------------------
[ 2018-06-07T11:55:45+08:00 ] 172.16.125.100 123.207.136.134 POST /api/video/index
[ info ] yingshi.oyaoyin.com/api/video/index [运行时间：0.026680s][吞吐率：37.48req/s] [内存消耗：2,899.48kb] [文件加载：71]
[ info ] [ BEHAVIOR ] Run Closure @app_init [ RunTime:0.000045s ]
[ info ] [ CACHE ] INIT File
[ info ] [ BEHAVIOR ] Run Closure @app_init [ RunTime:0.000816s ]
[ info ] [ LANG ] /home/wwwroot/yingshi.oyaoyin.com/thinkphp/lang/zh-cn.php
[ info ] [ ROUTE ] array (
  'type' => 'module',
  'module' => 
  array (
    0 => 'api',
    1 => 'video',
    2 => 'index',
  ),
)
[ info ] [ HEADER ] array (
  'accept-encoding' => 'gzip',
  'cookie' => 'access_token=a4a2211a6b3d943256ad8606630086f02f7486fd984f27a144595eca877e24eb',
  'content-type' => 'application/x-www-form-urlencoded',
  'content-length' => '64',
  'user-agent' => 'Go-http-client/1.1',
  'host' => 'yingshi.oyaoyin.com',
)
[ info ] [ PARAM ] array (
  'row' => 
  array (
    'mobile' => '13800138000',
    'password' => '123456',
    'unique' => '13dasda',
  ),
)
[ info ] [ BEHAVIOR ] Run app\common\behavior\Common @module_init [ RunTime:0.000186s ]
[ info ] [ SESSION ] INIT array (
  'id' => '',
  'var_session_id' => '',
  'prefix' => 'think',
  'type' => '',
  'auto_start' => true,
)
[ info ] [ DB ] INIT mysql
[ info ] [ RUN ] app\api\controller\Video->index[ /home/wwwroot/yingshi.oyaoyin.com/application/api/controller/Video.php ]
[ info ] [ LOG ] INIT File
---------------------------------------------------------------
[ 2018-06-07T11:55:51+08:00 ] 172.16.125.100 123.207.136.134 POST /api/video/index
[ info ] yingshi.oyaoyin.com/api/video/index [运行时间：0.027747s][吞吐率：36.04req/s] [内存消耗：2,888.16kb] [文件加载：73]
[ info ] [ BEHAVIOR ] Run Closure @app_init [ RunTime:0.000021s ]
[ info ] [ CACHE ] INIT File
[ info ] [ BEHAVIOR ] Run Closure @app_init [ RunTime:0.000818s ]
[ info ] [ LANG ] /home/wwwroot/yingshi.oyaoyin.com/thinkphp/lang/zh-cn.php
[ info ] [ ROUTE ] array (
  'type' => 'module',
  'module' => 
  array (
    0 => 'api',
    1 => 'video',
    2 => 'index',
  ),
)
[ info ] [ HEADER ] array (
  'accept-encoding' => 'gzip',
  'cookie' => 'access_token=a4a2211a6b3d943256ad8606630086f02f7486fd984f27a144595eca877e24eb',
  'content-type' => 'application/x-www-form-urlencoded',
  'content-length' => '64',
  'user-agent' => 'Go-http-client/1.1',
  'host' => 'yingshi.oyaoyin.com',
)
[ info ] [ PARAM ] array (
  'row' => 
  array (
    'mobile' => '13800138000',
    'password' => '123456',
    'unique' => '13dasda',
  ),
)
[ info ] [ BEHAVIOR ] Run app\common\behavior\Common @module_init [ RunTime:0.000148s ]
[ info ] [ SESSION ] INIT array (
  'id' => '',
  'var_session_id' => '',
  'prefix' => 'think',
  'type' => '',
  'auto_start' => true,
)
[ info ] [ DB ] INIT mysql
[ info ] [ RUN ] app\api\controller\Video->index[ /home/wwwroot/yingshi.oyaoyin.com/application/api/controller/Video.php ]
[ info ] [ LOG ] INIT File
---------------------------------------------------------------
[ 2018-06-07T13:23:17+08:00 ] 172.16.125.100 222.129.49.127 POST /api/checks/checks
[ info ] yingshi.oyaoyin.com/api/checks/checks [运行时间：0.020922s][吞吐率：47.80req/s] [内存消耗：2,224.24kb] [文件加载：63]
[ info ] [ BEHAVIOR ] Run Closure @app_init [ RunTime:0.000021s ]
[ info ] [ CACHE ] INIT File
[ info ] [ BEHAVIOR ] Run Closure @app_init [ RunTime:0.000825s ]
[ info ] [ LANG ] /home/wwwroot/yingshi.oyaoyin.com/thinkphp/lang/zh-cn.php
[ info ] [ ROUTE ] array (
  'type' => 'module',
  'module' => 
  array (
    0 => 'api',
    1 => 'checks',
    2 => 'checks',
  ),
)
[ info ] [ HEADER ] array (
  'user-agent' => 'okhttp/3.10.0',
  'accept-encoding' => 'gzip',
  'connection' => 'Keep-Alive',
  'host' => 'yingshi.oyaoyin.com',
  'content-length' => '164',
  'content-type' => 'application/x-www-form-urlencoded',
)
[ info ] [ PARAM ] array (
  'row' => 'eyJmaWxlUGFyYW1zIjp7fSwidXJsUGFyYW1zIjp7InBhc3N3b3JkIjoiZWVlZTIyMjIiLCJtb2JpbGUiOiIxNzYxMDY3MDIyOCIsInRpbWUiOiIxMjM0NTY0NiIsImJhc2UiOiIxMjM0NTY1MTI2OSJ9fQ==',
)
[ info ] [ BEHAVIOR ] Run app\common\behavior\Common @module_init [ RunTime:0.000147s ]
[ info ] [ SESSION ] INIT array (
  'id' => '',
  'var_session_id' => '',
  'prefix' => 'think',
  'type' => '',
  'auto_start' => true,
)
[ info ] [ RUN ] app\api\controller\Checks->checks[ /home/wwwroot/yingshi.oyaoyin.com/application/api/controller/Checks.php ]
[ info ] [ LOG ] INIT File
---------------------------------------------------------------
[ 2018-06-07T13:23:19+08:00 ] 172.16.125.100 222.129.49.127 POST /api/checks/checks
[ info ] yingshi.oyaoyin.com/api/checks/checks [运行时间：0.021069s][吞吐率：47.46req/s] [内存消耗：2,224.24kb] [文件加载：63]
[ info ] [ BEHAVIOR ] Run Closure @app_init [ RunTime:0.000018s ]
[ info ] [ CACHE ] INIT File
[ info ] [ BEHAVIOR ] Run Closure @app_init [ RunTime:0.000801s ]
[ info ] [ LANG ] /home/wwwroot/yingshi.oyaoyin.com/thinkphp/lang/zh-cn.php
[ info ] [ ROUTE ] array (
  'type' => 'module',
  'module' => 
  array (
    0 => 'api',
    1 => 'checks',
    2 => 'checks',
  ),
)
[ info ] [ HEADER ] array (
  'user-agent' => 'okhttp/3.10.0',
  'accept-encoding' => 'gzip',
  'connection' => 'Keep-Alive',
  'host' => 'yingshi.oyaoyin.com',
  'content-length' => '164',
  'content-type' => 'application/x-www-form-urlencoded',
)
[ info ] [ PARAM ] array (
  'row' => 'eyJmaWxlUGFyYW1zIjp7fSwidXJsUGFyYW1zIjp7InBhc3N3b3JkIjoiZWVlZTIyMjIiLCJtb2JpbGUiOiIxNzYxMDY3MDIyOCIsInRpbWUiOiIxMjM0NTY0NiIsImJhc2UiOiIxMjM0NTY1MTI2OSJ9fQ==',
)
[ info ] [ BEHAVIOR ] Run app\common\behavior\Common @module_init [ RunTime:0.000146s ]
[ info ] [ SESSION ] INIT array (
  'id' => '',
  'var_session_id' => '',
  'prefix' => 'think',
  'type' => '',
  'auto_start' => true,
)
[ info ] [ RUN ] app\api\controller\Checks->checks[ /home/wwwroot/yingshi.oyaoyin.com/application/api/controller/Checks.php ]
[ info ] [ LOG ] INIT File
---------------------------------------------------------------
[ 2018-06-07T13:23:21+08:00 ] 172.16.125.100 222.129.49.127 POST /api/checks/checks
[ info ] yingshi.oyaoyin.com/api/checks/checks [运行时间：0.021724s][吞吐率：46.03req/s] [内存消耗：2,224.24kb] [文件加载：63]
[ info ] [ BEHAVIOR ] Run Closure @app_init [ RunTime:0.000019s ]
[ info ] [ CACHE ] INIT File
[ info ] [ BEHAVIOR ] Run Closure @app_init [ RunTime:0.000821s ]
[ info ] [ LANG ] /home/wwwroot/yingshi.oyaoyin.com/thinkphp/lang/zh-cn.php
[ info ] [ ROUTE ] array (
  'type' => 'module',
  'module' => 
  array (
    0 => 'api',
    1 => 'checks',
    2 => 'checks',
  ),
)
[ info ] [ HEADER ] array (
  'user-agent' => 'okhttp/3.10.0',
  'accept-encoding' => 'gzip',
  'connection' => 'Keep-Alive',
  'host' => 'yingshi.oyaoyin.com',
  'content-length' => '164',
  'content-type' => 'application/x-www-form-urlencoded',
)
[ info ] [ PARAM ] array (
  'row' => 'eyJmaWxlUGFyYW1zIjp7fSwidXJsUGFyYW1zIjp7InBhc3N3b3JkIjoiZWVlZTIyMjIiLCJtb2JpbGUiOiIxNzYxMDY3MDIyOCIsInRpbWUiOiIxMjM0NTY0NiIsImJhc2UiOiIxMjM0NTY1MTI2OSJ9fQ==',
)
[ info ] [ BEHAVIOR ] Run app\common\behavior\Common @module_init [ RunTime:0.000151s ]
[ info ] [ SESSION ] INIT array (
  'id' => '',
  'var_session_id' => '',
  'prefix' => 'think',
  'type' => '',
  'auto_start' => true,
)
[ info ] [ RUN ] app\api\controller\Checks->checks[ /home/wwwroot/yingshi.oyaoyin.com/application/api/controller/Checks.php ]
[ info ] [ LOG ] INIT File
---------------------------------------------------------------
[ 2018-06-07T13:26:39+08:00 ] 172.16.125.100 222.129.49.127 POST /api/checks/checks
[ info ] yingshi.oyaoyin.com/api/checks/checks [运行时间：0.020852s][吞吐率：47.96req/s] [内存消耗：2,224.24kb] [文件加载：63]
[ info ] [ BEHAVIOR ] Run Closure @app_init [ RunTime:0.000018s ]
[ info ] [ CACHE ] INIT File
[ info ] [ BEHAVIOR ] Run Closure @app_init [ RunTime:0.000774s ]
[ info ] [ LANG ] /home/wwwroot/yingshi.oyaoyin.com/thinkphp/lang/zh-cn.php
[ info ] [ ROUTE ] array (
  'type' => 'module',
  'module' => 
  array (
    0 => 'api',
    1 => 'checks',
    2 => 'checks',
  ),
)
[ info ] [ HEADER ] array (
  'user-agent' => 'okhttp/3.10.0',
  'accept-encoding' => 'gzip',
  'connection' => 'Keep-Alive',
  'host' => 'yingshi.oyaoyin.com',
  'content-length' => '164',
  'content-type' => 'application/x-www-form-urlencoded',
)
[ info ] [ PARAM ] array (
  'row' => 'eyJmaWxlUGFyYW1zIjp7fSwidXJsUGFyYW1zIjp7InBhc3N3b3JkIjoiMTIzNDU2NzgiLCJtb2JpbGUiOiIxNzYxMDY3MDIyOCIsInRpbWUiOiIxMjM0NTY0NiIsImJhc2UiOiIxMjM0NTY1MTI2OSJ9fQ==',
)
[ info ] [ BEHAVIOR ] Run app\common\behavior\Common @module_init [ RunTime:0.000147s ]
[ info ] [ SESSION ] INIT array (
  'id' => '',
  'var_session_id' => '',
  'prefix' => 'think',
  'type' => '',
  'auto_start' => true,
)
[ info ] [ RUN ] app\api\controller\Checks->checks[ /home/wwwroot/yingshi.oyaoyin.com/application/api/controller/Checks.php ]
[ info ] [ LOG ] INIT File
---------------------------------------------------------------
[ 2018-06-07T13:26:42+08:00 ] 172.16.125.100 222.129.49.127 POST /api/checks/checks
[ info ] yingshi.oyaoyin.com/api/checks/checks [运行时间：0.021615s][吞吐率：46.26req/s] [内存消耗：2,224.24kb] [文件加载：63]
[ info ] [ BEHAVIOR ] Run Closure @app_init [ RunTime:0.000020s ]
[ info ] [ CACHE ] INIT File
[ info ] [ BEHAVIOR ] Run Closure @app_init [ RunTime:0.000806s ]
[ info ] [ LANG ] /home/wwwroot/yingshi.oyaoyin.com/thinkphp/lang/zh-cn.php
[ info ] [ ROUTE ] array (
  'type' => 'module',
  'module' => 
  array (
    0 => 'api',
    1 => 'checks',
    2 => 'checks',
  ),
)
[ info ] [ HEADER ] array (
  'user-agent' => 'okhttp/3.10.0',
  'accept-encoding' => 'gzip',
  'connection' => 'Keep-Alive',
  'host' => 'yingshi.oyaoyin.com',
  'content-length' => '164',
  'content-type' => 'application/x-www-form-urlencoded',
)
[ info ] [ PARAM ] array (
  'row' => 'eyJmaWxlUGFyYW1zIjp7fSwidXJsUGFyYW1zIjp7InBhc3N3b3JkIjoiMTIzNDU2NzgiLCJtb2JpbGUiOiIxNzYxMDY3MDIyOCIsInRpbWUiOiIxMjM0NTY0NiIsImJhc2UiOiIxMjM0NTY1MTI2OSJ9fQ==',
)
[ info ] [ BEHAVIOR ] Run app\common\behavior\Common @module_init [ RunTime:0.000186s ]
[ info ] [ SESSION ] INIT array (
  'id' => '',
  'var_session_id' => '',
  'prefix' => 'think',
  'type' => '',
  'auto_start' => true,
)
[ info ] [ RUN ] app\api\controller\Checks->checks[ /home/wwwroot/yingshi.oyaoyin.com/application/api/controller/Checks.php ]
[ info ] [ LOG ] INIT File
---------------------------------------------------------------
[ 2018-06-07T13:26:42+08:00 ] 172.16.125.100 222.129.49.127 POST /api/checks/checks
[ info ] yingshi.oyaoyin.com/api/checks/checks [运行时间：0.021220s][吞吐率：47.12req/s] [内存消耗：2,224.24kb] [文件加载：63]
[ info ] [ BEHAVIOR ] Run Closure @app_init [ RunTime:0.000020s ]
[ info ] [ CACHE ] INIT File
[ info ] [ BEHAVIOR ] Run Closure @app_init [ RunTime:0.000782s ]
[ info ] [ LANG ] /home/wwwroot/yingshi.oyaoyin.com/thinkphp/lang/zh-cn.php
[ info ] [ ROUTE ] array (
  'type' => 'module',
  'module' => 
  array (
    0 => 'api',
    1 => 'checks',
    2 => 'checks',
  ),
)
[ info ] [ HEADER ] array (
  'user-agent' => 'okhttp/3.10.0',
  'accept-encoding' => 'gzip',
  'connection' => 'Keep-Alive',
  'host' => 'yingshi.oyaoyin.com',
  'content-length' => '164',
  'content-type' => 'application/x-www-form-urlencoded',
)
[ info ] [ PARAM ] array (
  'row' => 'eyJmaWxlUGFyYW1zIjp7fSwidXJsUGFyYW1zIjp7InBhc3N3b3JkIjoiMTIzNDU2NzgiLCJtb2JpbGUiOiIxNzYxMDY3MDIyOCIsInRpbWUiOiIxMjM0NTY0NiIsImJhc2UiOiIxMjM0NTY1MTI2OSJ9fQ==',
)
[ info ] [ BEHAVIOR ] Run app\common\behavior\Common @module_init [ RunTime:0.000150s ]
[ info ] [ SESSION ] INIT array (
  'id' => '',
  'var_session_id' => '',
  'prefix' => 'think',
  'type' => '',
  'auto_start' => true,
)
[ info ] [ RUN ] app\api\controller\Checks->checks[ /home/wwwroot/yingshi.oyaoyin.com/application/api/controller/Checks.php ]
[ info ] [ LOG ] INIT File
---------------------------------------------------------------
[ 2018-06-07T13:26:43+08:00 ] 172.16.125.100 222.129.49.127 POST /api/checks/checks
[ info ] yingshi.oyaoyin.com/api/checks/checks [运行时间：0.020665s][吞吐率：48.39req/s] [内存消耗：2,224.24kb] [文件加载：63]
[ info ] [ BEHAVIOR ] Run Closure @app_init [ RunTime:0.000017s ]
[ info ] [ CACHE ] INIT File
[ info ] [ BEHAVIOR ] Run Closure @app_init [ RunTime:0.000803s ]
[ info ] [ LANG ] /home/wwwroot/yingshi.oyaoyin.com/thinkphp/lang/zh-cn.php
[ info ] [ ROUTE ] array (
  'type' => 'module',
  'module' => 
  array (
    0 => 'api',
    1 => 'checks',
    2 => 'checks',
  ),
)
[ info ] [ HEADER ] array (
  'user-agent' => 'okhttp/3.10.0',
  'accept-encoding' => 'gzip',
  'connection' => 'Keep-Alive',
  'host' => 'yingshi.oyaoyin.com',
  'content-length' => '164',
  'content-type' => 'application/x-www-form-urlencoded',
)
[ info ] [ PARAM ] array (
  'row' => 'eyJmaWxlUGFyYW1zIjp7fSwidXJsUGFyYW1zIjp7InBhc3N3b3JkIjoiMTIzNDU2NzgiLCJtb2JpbGUiOiIxNzYxMDY3MDIyOCIsInRpbWUiOiIxMjM0NTY0NiIsImJhc2UiOiIxMjM0NTY1MTI2OSJ9fQ==',
)
[ info ] [ BEHAVIOR ] Run app\common\behavior\Common @module_init [ RunTime:0.000146s ]
[ info ] [ SESSION ] INIT array (
  'id' => '',
  'var_session_id' => '',
  'prefix' => 'think',
  'type' => '',
  'auto_start' => true,
)
[ info ] [ RUN ] app\api\controller\Checks->checks[ /home/wwwroot/yingshi.oyaoyin.com/application/api/controller/Checks.php ]
[ info ] [ LOG ] INIT File
---------------------------------------------------------------
[ 2018-06-07T13:27:53+08:00 ] 172.16.125.100 222.129.49.127 POST /api/checks/checks
[ info ] yingshi.oyaoyin.com/api/checks/checks [运行时间：0.020746s][吞吐率：48.20req/s] [内存消耗：2,224.24kb] [文件加载：63]
[ info ] [ BEHAVIOR ] Run Closure @app_init [ RunTime:0.000020s ]
[ info ] [ CACHE ] INIT File
[ info ] [ BEHAVIOR ] Run Closure @app_init [ RunTime:0.000823s ]
[ info ] [ LANG ] /home/wwwroot/yingshi.oyaoyin.com/thinkphp/lang/zh-cn.php
[ info ] [ ROUTE ] array (
  'type' => 'module',
  'module' => 
  array (
    0 => 'api',
    1 => 'checks',
    2 => 'checks',
  ),
)
[ info ] [ HEADER ] array (
  'user-agent' => 'okhttp/3.10.0',
  'accept-encoding' => 'gzip',
  'connection' => 'Keep-Alive',
  'host' => 'yingshi.oyaoyin.com',
  'content-length' => '164',
  'content-type' => 'application/x-www-form-urlencoded',
)
[ info ] [ PARAM ] array (
  'row' => 'eyJmaWxlUGFyYW1zIjp7fSwidXJsUGFyYW1zIjp7InBhc3N3b3JkIjoiMTIzNDU2NzgiLCJtb2JpbGUiOiIxNzYxMDY3MDIyOCIsInRpbWUiOiIxMjM0NTY0NiIsImJhc2UiOiIxMjM0NTY1MTI2OSJ9fQ==',
)
[ info ] [ BEHAVIOR ] Run app\common\behavior\Common @module_init [ RunTime:0.000147s ]
[ info ] [ SESSION ] INIT array (
  'id' => '',
  'var_session_id' => '',
  'prefix' => 'think',
  'type' => '',
  'auto_start' => true,
)
[ info ] [ RUN ] app\api\controller\Checks->checks[ /home/wwwroot/yingshi.oyaoyin.com/application/api/controller/Checks.php ]
[ info ] [ LOG ] INIT File
---------------------------------------------------------------
[ 2018-06-07T13:34:27+08:00 ] 172.16.125.100 222.129.49.127 POST /api/checks/checks
[ info ] yingshi.oyaoyin.com/api/checks/checks [运行时间：0.021546s][吞吐率：46.41req/s] [内存消耗：2,224.24kb] [文件加载：63]
[ info ] [ BEHAVIOR ] Run Closure @app_init [ RunTime:0.000020s ]
[ info ] [ CACHE ] INIT File
[ info ] [ BEHAVIOR ] Run Closure @app_init [ RunTime:0.000834s ]
[ info ] [ LANG ] /home/wwwroot/yingshi.oyaoyin.com/thinkphp/lang/zh-cn.php
[ info ] [ ROUTE ] array (
  'type' => 'module',
  'module' => 
  array (
    0 => 'api',
    1 => 'checks',
    2 => 'checks',
  ),
)
[ info ] [ HEADER ] array (
  'user-agent' => 'okhttp/3.10.0',
  'accept-encoding' => 'gzip',
  'connection' => 'Keep-Alive',
  'host' => 'yingshi.oyaoyin.com',
  'content-length' => '164',
  'content-type' => 'application/x-www-form-urlencoded',
)
[ info ] [ PARAM ] array (
  'row' => 'eyJmaWxlUGFyYW1zIjp7fSwidXJsUGFyYW1zIjp7InBhc3N3b3JkIjoicXFxcXFxcXEiLCJtb2JpbGUiOiIxNzYxMDY3MDIyOCIsInRpbWUiOiIxMjM0NTY0NiIsImJhc2UiOiIxMjM0NTY1MTI2OSJ9fQ==',
)
[ info ] [ BEHAVIOR ] Run app\common\behavior\Common @module_init [ RunTime:0.000148s ]
[ info ] [ SESSION ] INIT array (
  'id' => '',
  'var_session_id' => '',
  'prefix' => 'think',
  'type' => '',
  'auto_start' => true,
)
[ info ] [ RUN ] app\api\controller\Checks->checks[ /home/wwwroot/yingshi.oyaoyin.com/application/api/controller/Checks.php ]
[ info ] [ LOG ] INIT File
---------------------------------------------------------------
[ 2018-06-07T13:40:44+08:00 ] 172.16.125.100 222.129.49.127 POST /api/checks/checks
[ info ] yingshi.oyaoyin.com/api/checks/checks [运行时间：0.020900s][吞吐率：47.85req/s] [内存消耗：2,224.24kb] [文件加载：63]
[ info ] [ BEHAVIOR ] Run Closure @app_init [ RunTime:0.000030s ]
[ info ] [ CACHE ] INIT File
[ info ] [ BEHAVIOR ] Run Closure @app_init [ RunTime:0.000785s ]
[ info ] [ LANG ] /home/wwwroot/yingshi.oyaoyin.com/thinkphp/lang/zh-cn.php
[ info ] [ ROUTE ] array (
  'type' => 'module',
  'module' => 
  array (
    0 => 'api',
    1 => 'checks',
    2 => 'checks',
  ),
)
[ info ] [ HEADER ] array (
  'user-agent' => 'okhttp/3.10.0',
  'accept-encoding' => 'gzip',
  'connection' => 'Keep-Alive',
  'host' => 'yingshi.oyaoyin.com',
  'content-length' => '166',
  'content-type' => 'application/x-www-form-urlencoded',
)
[ info ] [ PARAM ] array (
  'row' => 'eyJmaWxlUGFyYW1zIjp7fSwidXJsUGFyYW1zIjp7InBhc3N3b3JkIjoic3NzZGZoaGdmZnl1IiwibW9iaWxlIjoiMTc2MTA2NzAyMjgiLCJ0aW1lIjoiMTIzNDU2NDYiLCJiYXNlIjoiMTIzNDU2NTEyNjkifX0=',
)
[ info ] [ BEHAVIOR ] Run app\common\behavior\Common @module_init [ RunTime:0.000159s ]
[ info ] [ SESSION ] INIT array (
  'id' => '',
  'var_session_id' => '',
  'prefix' => 'think',
  'type' => '',
  'auto_start' => true,
)
[ info ] [ RUN ] app\api\controller\Checks->checks[ /home/wwwroot/yingshi.oyaoyin.com/application/api/controller/Checks.php ]
[ info ] [ LOG ] INIT File
---------------------------------------------------------------
[ 2018-06-07T13:53:25+08:00 ] 172.16.125.100 222.129.49.127 POST /api/checks/checks
[ info ] yingshi.oyaoyin.com/api/checks/checks [运行时间：0.020848s][吞吐率：47.97req/s] [内存消耗：2,224.24kb] [文件加载：63]
[ info ] [ BEHAVIOR ] Run Closure @app_init [ RunTime:0.000019s ]
[ info ] [ CACHE ] INIT File
[ info ] [ BEHAVIOR ] Run Closure @app_init [ RunTime:0.000788s ]
[ info ] [ LANG ] /home/wwwroot/yingshi.oyaoyin.com/thinkphp/lang/zh-cn.php
[ info ] [ ROUTE ] array (
  'type' => 'module',
  'module' => 
  array (
    0 => 'api',
    1 => 'checks',
    2 => 'checks',
  ),
)
[ info ] [ HEADER ] array (
  'user-agent' => 'okhttp/3.10.0',
  'accept-encoding' => 'gzip',
  'connection' => 'Keep-Alive',
  'host' => 'yingshi.oyaoyin.com',
  'content-length' => '164',
  'content-type' => 'application/x-www-form-urlencoded',
)
[ info ] [ PARAM ] array (
  'row' => 'eyJmaWxlUGFyYW1zIjp7fSwidXJsUGFyYW1zIjp7InBhc3N3b3JkIjoiMTIzNDU2NzgiLCJtb2JpbGUiOiIxNzYxMDY3MDIyOCIsInRpbWUiOiIxMjM0NTY0NiIsImJhc2UiOiIxMjM0NTY1MTI2OSJ9fQ==',
)
[ info ] [ BEHAVIOR ] Run app\common\behavior\Common @module_init [ RunTime:0.000147s ]
[ info ] [ SESSION ] INIT array (
  'id' => '',
  'var_session_id' => '',
  'prefix' => 'think',
  'type' => '',
  'auto_start' => true,
)
[ info ] [ RUN ] app\api\controller\Checks->checks[ /home/wwwroot/yingshi.oyaoyin.com/application/api/controller/Checks.php ]
[ info ] [ LOG ] INIT File
---------------------------------------------------------------
[ 2018-06-07T13:54:40+08:00 ] 172.16.125.100 222.129.49.127 POST /api/user/login
[ info ] yingshi.oyaoyin.com/api/user/login [运行时间：0.034093s][吞吐率：29.33req/s] [内存消耗：2,938.60kb] [文件加载：73]
[ info ] [ BEHAVIOR ] Run Closure @app_init [ RunTime:0.000018s ]
[ info ] [ CACHE ] INIT File
[ info ] [ BEHAVIOR ] Run Closure @app_init [ RunTime:0.000778s ]
[ info ] [ LANG ] /home/wwwroot/yingshi.oyaoyin.com/thinkphp/lang/zh-cn.php
[ info ] [ ROUTE ] array (
  'type' => 'module',
  'module' => 
  array (
    0 => 'api',
    1 => 'user',
    2 => 'login',
  ),
)
[ info ] [ HEADER ] array (
  'connection' => 'keep-alive',
  'content-length' => '412',
  'content-type' => 'multipart/form-data; boundary=--------------------------955372479193182945430146',
  'accept-encoding' => 'gzip, deflate',
  'cookie' => 'PHPSESSID=85ruksnn568fgd0fjesq8u3gj2',
  'host' => 'yingshi.oyaoyin.com',
  'accept' => '*/*',
  'user-agent' => 'PostmanRuntime/7.1.1',
  'postman-token' => '97aa595d-aa5d-4436-bd5a-4b7ff50ca692',
  'cache-control' => 'no-cache',
)
[ info ] [ PARAM ] array (
  'row' => 
  array (
    'mobile' => '13800138001',
    'password' => '123456',
    'unique' => '13dasda',
  ),
)
[ info ] [ BEHAVIOR ] Run app\common\behavior\Common @module_init [ RunTime:0.000158s ]
[ info ] [ SESSION ] INIT array (
  'id' => '',
  'var_session_id' => '',
  'prefix' => 'think',
  'type' => '',
  'auto_start' => true,
)
[ info ] [ DB ] INIT mysql
[ info ] [ RUN ] app\api\controller\User->login[ /home/wwwroot/yingshi.oyaoyin.com/application/api/controller/User.php ]
[ info ] [ LOG ] INIT File
[ sql ] [ DB ] CONNECT:[ UseTime:0.000380s ] mysql:host=127.0.0.1;dbname=zgys;charset=utf8
[ sql ] [ SQL ] SHOW COLUMNS FROM `fa_user` [ RunTime:0.000870s ]
[ sql ] [ SQL ] SELECT * FROM `fa_user` WHERE  `mobile` = '13800138001' LIMIT 1 [ RunTime:0.000368s ]
[ sql ] [ SQL ] SELECT `id`,`username`,`mobile`,`nickname`,`createtime` FROM `fa_user` WHERE  `password` = '70119da1d93181f7002698c187ddd95b' LIMIT 1 [ RunTime:0.000203s ]
[ sql ] [ SQL ] SELECT `id`,`username`,`mobile`,`nickname`,`createtime` FROM `fa_user` WHERE  `password` = '70119da1d93181f7002698c187ddd95b' LIMIT 1 [ RunTime:0.000184s ]
[ sql ] [ SQL ] UPDATE `fa_user`  SET `mobile`='13800138001',`unique`='13dasda',`access_token`='3e2adf089252dfa23fb81e9dcf445d510044867b5869a832ef9465fed6747d01'  WHERE  (  mobile = '13800138001' ) [ RunTime:0.004144s ]
---------------------------------------------------------------
[ 2018-06-07T15:42:44+08:00 ] 172.16.125.100 106.11.226.61 GET /
[ info ] yingshi.oyaoyin.com/ [运行时间：0.020820s][吞吐率：48.03req/s] [内存消耗：2,182.98kb] [文件加载：64]
[ info ] [ BEHAVIOR ] Run Closure @app_init [ RunTime:0.000018s ]
[ info ] [ CACHE ] INIT File
[ info ] [ BEHAVIOR ] Run Closure @app_init [ RunTime:0.000805s ]
[ info ] [ LANG ] /home/wwwroot/yingshi.oyaoyin.com/thinkphp/lang/zh-cn.php
[ info ] [ ROUTE ] array (
  'type' => 'module',
  'module' => 
  array (
    0 => '',
    1 => NULL,
    2 => NULL,
  ),
)
[ info ] [ HEADER ] array (
  'connection' => 'keep-alive',
  'accept' => 'text/html, image/gif, image/jpeg, *; q=.2, */*; q=.2',
  'host' => 'yingshi.oyaoyin.com',
  'pragma' => 'no-cache',
  'cache-control' => 'no-cache',
  'user-agent' => 'Mozilla/5.0 (iPad; CPU OS 9_1 like Mac OS X) AppleWebKit/601.1.46 (KHTML, like Gecko) Version/9.0 Mobile/13B143 Safari/601.1',
  'accept-encoding' => 'gzip',
  'content-type' => '',
  'content-length' => '',
)
[ info ] [ PARAM ] array (
)
[ info ] [ LANG ] /home/wwwroot/yingshi.oyaoyin.com/public/../application/index/lang/zh-cn.php
[ info ] [ BEHAVIOR ] Run app\common\behavior\Common @module_init [ RunTime:0.000165s ]
[ info ] [ LANG ] /home/wwwroot/yingshi.oyaoyin.com/public/../application/index/lang/zh-cn/index.php
[ info ] [ RUN ] app\index\controller\Index->index[ /home/wwwroot/yingshi.oyaoyin.com/application/index/controller/Index.php ]
[ info ] [ VIEW ] /home/wwwroot/yingshi.oyaoyin.com/public/../application/index/view/index/index.html [ array (
  0 => 'site',
  1 => 'config',
) ]
[ info ] [ LOG ] INIT File
---------------------------------------------------------------
[ 2018-06-07T17:34:04+08:00 ] 172.16.125.100 123.207.136.134 POST /api/video/index
[ info ] yingshi.oyaoyin.com/api/video/index [运行时间：0.027212s][吞吐率：36.75req/s] [内存消耗：2,888.16kb] [文件加载：73]
[ info ] [ BEHAVIOR ] Run Closure @app_init [ RunTime:0.000020s ]
[ info ] [ CACHE ] INIT File
[ info ] [ BEHAVIOR ] Run Closure @app_init [ RunTime:0.000822s ]
[ info ] [ LANG ] /home/wwwroot/yingshi.oyaoyin.com/thinkphp/lang/zh-cn.php
[ info ] [ ROUTE ] array (
  'type' => 'module',
  'module' => 
  array (
    0 => 'api',
    1 => 'video',
    2 => 'index',
  ),
)
[ info ] [ HEADER ] array (
  'accept-encoding' => 'gzip',
  'cookie' => 'access_token=a4a2211a6b3d943256ad8606630086f02f7486fd984f27a144595eca877e24eb',
  'content-type' => 'application/x-www-form-urlencoded',
  'content-length' => '64',
  'user-agent' => 'Go-http-client/1.1',
  'host' => 'yingshi.oyaoyin.com',
)
[ info ] [ PARAM ] array (
  'row' => 
  array (
    'mobile' => '13800138000',
    'password' => '123456',
    'unique' => '13dasda',
  ),
)
[ info ] [ BEHAVIOR ] Run app\common\behavior\Common @module_init [ RunTime:0.000144s ]
[ info ] [ SESSION ] INIT array (
  'id' => '',
  'var_session_id' => '',
  'prefix' => 'think',
  'type' => '',
  'auto_start' => true,
)
[ info ] [ DB ] INIT mysql
[ info ] [ RUN ] app\api\controller\Video->index[ /home/wwwroot/yingshi.oyaoyin.com/application/api/controller/Video.php ]
[ info ] [ LOG ] INIT File
---------------------------------------------------------------
[ 2018-06-07T17:49:44+08:00 ] 172.16.125.100 222.129.49.127 POST /api/user/login
[ info ] yingshi.oyaoyin.com/api/user/login [运行时间：0.036766s][吞吐率：27.20req/s] [内存消耗：2,938.60kb] [文件加载：73]
[ info ] [ BEHAVIOR ] Run Closure @app_init [ RunTime:0.000019s ]
[ info ] [ CACHE ] INIT File
[ info ] [ BEHAVIOR ] Run Closure @app_init [ RunTime:0.000801s ]
[ info ] [ LANG ] /home/wwwroot/yingshi.oyaoyin.com/thinkphp/lang/zh-cn.php
[ info ] [ ROUTE ] array (
  'type' => 'module',
  'module' => 
  array (
    0 => 'api',
    1 => 'user',
    2 => 'login',
  ),
)
[ info ] [ HEADER ] array (
  'connection' => 'keep-alive',
  'content-length' => '412',
  'content-type' => 'multipart/form-data; boundary=--------------------------040633338005637878894686',
  'accept-encoding' => 'gzip, deflate',
  'cookie' => 'PHPSESSID=85ruksnn568fgd0fjesq8u3gj2',
  'host' => 'yingshi.oyaoyin.com',
  'accept' => '*/*',
  'user-agent' => 'PostmanRuntime/7.1.1',
  'postman-token' => '7d0f16d2-f75b-4d45-809f-d4f5123c1213',
  'cache-control' => 'no-cache',
)
[ info ] [ PARAM ] array (
  'row' => 
  array (
    'mobile' => '13800138001',
    'password' => '123456',
    'unique' => '13dasda',
  ),
)
[ info ] [ BEHAVIOR ] Run app\common\behavior\Common @module_init [ RunTime:0.000184s ]
[ info ] [ SESSION ] INIT array (
  'id' => '',
  'var_session_id' => '',
  'prefix' => 'think',
  'type' => '',
  'auto_start' => true,
)
[ info ] [ DB ] INIT mysql
[ info ] [ RUN ] app\api\controller\User->login[ /home/wwwroot/yingshi.oyaoyin.com/application/api/controller/User.php ]
[ info ] [ LOG ] INIT File
[ sql ] [ DB ] CONNECT:[ UseTime:0.000412s ] mysql:host=127.0.0.1;dbname=zgys;charset=utf8
[ sql ] [ SQL ] SHOW COLUMNS FROM `fa_user` [ RunTime:0.000877s ]
[ sql ] [ SQL ] SELECT * FROM `fa_user` WHERE  `mobile` = '13800138001' LIMIT 1 [ RunTime:0.000499s ]
[ sql ] [ SQL ] SELECT `id`,`username`,`mobile`,`nickname`,`createtime` FROM `fa_user` WHERE  `password` = '70119da1d93181f7002698c187ddd95b' LIMIT 1 [ RunTime:0.000228s ]
[ sql ] [ SQL ] SELECT `id`,`username`,`mobile`,`nickname`,`createtime` FROM `fa_user` WHERE  `password` = '70119da1d93181f7002698c187ddd95b' LIMIT 1 [ RunTime:0.000227s ]
[ sql ] [ SQL ] UPDATE `fa_user`  SET `mobile`='13800138001',`unique`='13dasda',`access_token`='af406355dbc19daf12260cbed64715e5e8e111116e3033473f05a3953708a055'  WHERE  (  mobile = '13800138001' ) [ RunTime:0.005976s ]
---------------------------------------------------------------
[ 2018-06-07T17:49:55+08:00 ] 172.16.125.100 123.207.167.163 POST /api/video/index
[ info ] yingshi.oyaoyin.com/api/video/index [运行时间：0.027122s][吞吐率：36.87req/s] [内存消耗：2,888.16kb] [文件加载：73]
[ info ] [ BEHAVIOR ] Run Closure @app_init [ RunTime:0.000020s ]
[ info ] [ CACHE ] INIT File
[ info ] [ BEHAVIOR ] Run Closure @app_init [ RunTime:0.000822s ]
[ info ] [ LANG ] /home/wwwroot/yingshi.oyaoyin.com/thinkphp/lang/zh-cn.php
[ info ] [ ROUTE ] array (
  'type' => 'module',
  'module' => 
  array (
    0 => 'api',
    1 => 'video',
    2 => 'index',
  ),
)
[ info ] [ HEADER ] array (
  'accept-encoding' => 'gzip',
  'cookie' => 'access_token=af406355dbc19daf12260cbed64715e5e8e111116e3033473f05a3953708a055',
  'content-type' => 'application/x-www-form-urlencoded',
  'content-length' => '64',
  'user-agent' => 'Go-http-client/1.1',
  'host' => 'yingshi.oyaoyin.com',
)
[ info ] [ PARAM ] array (
  'row' => 
  array (
    'mobile' => '13800138000',
    'password' => '123456',
    'unique' => '13dasda',
  ),
)
[ info ] [ BEHAVIOR ] Run app\common\behavior\Common @module_init [ RunTime:0.000149s ]
[ info ] [ SESSION ] INIT array (
  'id' => '',
  'var_session_id' => '',
  'prefix' => 'think',
  'type' => '',
  'auto_start' => true,
)
[ info ] [ DB ] INIT mysql
[ info ] [ RUN ] app\api\controller\Video->index[ /home/wwwroot/yingshi.oyaoyin.com/application/api/controller/Video.php ]
[ info ] [ LOG ] INIT File
---------------------------------------------------------------
[ 2018-06-07T18:27:44+08:00 ] 172.16.125.100 222.129.49.127 GET /share.html
[ info ] yingshi.oyaoyin.com/share.html [运行时间：0.016313s][吞吐率：61.30req/s] [内存消耗：1,638.59kb] [文件加载：53]
[ info ] [ BEHAVIOR ] Run Closure @app_init [ RunTime:0.000019s ]
[ info ] [ CACHE ] INIT File
[ info ] [ BEHAVIOR ] Run Closure @app_init [ RunTime:0.000794s ]
[ info ] [ LANG ] /home/wwwroot/yingshi.oyaoyin.com/thinkphp/lang/zh-cn.php
[ info ] [ ROUTE ] array (
  'type' => 'module',
  'module' => 
  array (
    0 => 'share',
    1 => NULL,
    2 => NULL,
  ),
)
[ info ] [ HEADER ] array (
  'accept-language' => 'zh-CN,zh;q=0.9',
  'accept-encoding' => 'gzip, deflate',
  'accept' => 'text/html,application/xhtml+xml,application/xml;q=0.9,image/webp,image/apng,*/*;q=0.8',
  'upgrade-insecure-requests' => '1',
  'user-agent' => 'Mozilla/5.0 (Windows NT 10.0; WOW64) AppleWebKit/537.36 (KHTML, like Gecko) Chrome/63.0.3223.0 Safari/537.36',
  'connection' => 'keep-alive',
  'host' => 'yingshi.oyaoyin.com',
  'content-type' => '',
  'content-length' => '',
)
[ info ] [ PARAM ] array (
)
[ info ] [ LOG ] INIT File
---------------------------------------------------------------
[ 2018-06-07T18:27:44+08:00 ] 172.16.125.100 222.129.49.127 GET /favicon.ico
[ info ] yingshi.oyaoyin.com/favicon.ico [运行时间：0.016443s][吞吐率：60.82req/s] [内存消耗：1,638.41kb] [文件加载：53]
[ info ] [ BEHAVIOR ] Run Closure @app_init [ RunTime:0.000018s ]
[ info ] [ CACHE ] INIT File
[ info ] [ BEHAVIOR ] Run Closure @app_init [ RunTime:0.000813s ]
[ info ] [ LANG ] /home/wwwroot/yingshi.oyaoyin.com/thinkphp/lang/zh-cn.php
[ info ] [ ROUTE ] array (
  'type' => 'module',
  'module' => 
  array (
    0 => 'favicon.ico',
    1 => NULL,
    2 => NULL,
  ),
)
[ info ] [ HEADER ] array (
  'accept-language' => 'zh-CN,zh;q=0.9',
  'accept-encoding' => 'gzip, deflate',
  'referer' => 'http://yingshi.oyaoyin.com/share.html',
  'accept' => 'image/webp,image/apng,image/*,*/*;q=0.8',
  'user-agent' => 'Mozilla/5.0 (Windows NT 10.0; WOW64) AppleWebKit/537.36 (KHTML, like Gecko) Chrome/63.0.3223.0 Safari/537.36',
  'connection' => 'keep-alive',
  'host' => 'yingshi.oyaoyin.com',
  'content-type' => '',
  'content-length' => '',
)
[ info ] [ PARAM ] array (
)
[ info ] [ LOG ] INIT File
---------------------------------------------------------------
[ 2018-06-07T18:28:24+08:00 ] 172.16.125.100 222.129.49.127 GET /favicon.ico
[ info ] yingshi.oyaoyin.com/favicon.ico [运行时间：0.016466s][吞吐率：60.73req/s] [内存消耗：1,638.60kb] [文件加载：53]
[ info ] [ BEHAVIOR ] Run Closure @app_init [ RunTime:0.000021s ]
[ info ] [ CACHE ] INIT File
[ info ] [ BEHAVIOR ] Run Closure @app_init [ RunTime:0.000816s ]
[ info ] [ LANG ] /home/wwwroot/yingshi.oyaoyin.com/thinkphp/lang/zh-cn.php
[ info ] [ ROUTE ] array (
  'type' => 'module',
  'module' => 
  array (
    0 => 'favicon.ico',
    1 => NULL,
    2 => NULL,
  ),
)
[ info ] [ HEADER ] array (
  'accept-language' => 'zh-CN,zh;q=0.9',
  'accept-encoding' => 'gzip, deflate',
  'referer' => 'http://yingshi.oyaoyin.com/share.html',
  'accept' => 'image/webp,image/apng,image/*,*/*;q=0.8',
  'user-agent' => 'Mozilla/5.0 (Windows NT 10.0; WOW64) AppleWebKit/537.36 (KHTML, like Gecko) Chrome/63.0.3223.0 Safari/537.36',
  'cache-control' => 'no-cache',
  'pragma' => 'no-cache',
  'connection' => 'keep-alive',
  'host' => 'yingshi.oyaoyin.com',
  'content-type' => '',
  'content-length' => '',
)
[ info ] [ PARAM ] array (
)
[ info ] [ LOG ] INIT File
---------------------------------------------------------------
[ 2018-06-07T18:28:25+08:00 ] 172.16.125.100 222.129.49.127 GET /favicon.ico
[ info ] yingshi.oyaoyin.com/favicon.ico [运行时间：0.016073s][吞吐率：62.22req/s] [内存消耗：1,638.60kb] [文件加载：53]
[ info ] [ BEHAVIOR ] Run Closure @app_init [ RunTime:0.000019s ]
[ info ] [ CACHE ] INIT File
[ info ] [ BEHAVIOR ] Run Closure @app_init [ RunTime:0.000802s ]
[ info ] [ LANG ] /home/wwwroot/yingshi.oyaoyin.com/thinkphp/lang/zh-cn.php
[ info ] [ ROUTE ] array (
  'type' => 'module',
  'module' => 
  array (
    0 => 'favicon.ico',
    1 => NULL,
    2 => NULL,
  ),
)
[ info ] [ HEADER ] array (
  'accept-language' => 'zh-CN,zh;q=0.9',
  'accept-encoding' => 'gzip, deflate',
  'referer' => 'http://yingshi.oyaoyin.com/share.html',
  'accept' => 'image/webp,image/apng,image/*,*/*;q=0.8',
  'user-agent' => 'Mozilla/5.0 (Windows NT 10.0; WOW64) AppleWebKit/537.36 (KHTML, like Gecko) Chrome/63.0.3223.0 Safari/537.36',
  'cache-control' => 'no-cache',
  'pragma' => 'no-cache',
  'connection' => 'keep-alive',
  'host' => 'yingshi.oyaoyin.com',
  'content-type' => '',
  'content-length' => '',
)
[ info ] [ PARAM ] array (
)
[ info ] [ LOG ] INIT File
---------------------------------------------------------------
[ 2018-06-07T18:28:26+08:00 ] 172.16.125.100 222.129.49.127 GET /favicon.ico
[ info ] yingshi.oyaoyin.com/favicon.ico [运行时间：0.016294s][吞吐率：61.37req/s] [内存消耗：1,638.60kb] [文件加载：53]
[ info ] [ BEHAVIOR ] Run Closure @app_init [ RunTime:0.000023s ]
[ info ] [ CACHE ] INIT File
[ info ] [ BEHAVIOR ] Run Closure @app_init [ RunTime:0.000812s ]
[ info ] [ LANG ] /home/wwwroot/yingshi.oyaoyin.com/thinkphp/lang/zh-cn.php
[ info ] [ ROUTE ] array (
  'type' => 'module',
  'module' => 
  array (
    0 => 'favicon.ico',
    1 => NULL,
    2 => NULL,
  ),
)
[ info ] [ HEADER ] array (
  'accept-language' => 'zh-CN,zh;q=0.9',
  'accept-encoding' => 'gzip, deflate',
  'referer' => 'http://yingshi.oyaoyin.com/share.html',
  'accept' => 'image/webp,image/apng,image/*,*/*;q=0.8',
  'user-agent' => 'Mozilla/5.0 (Windows NT 10.0; WOW64) AppleWebKit/537.36 (KHTML, like Gecko) Chrome/63.0.3223.0 Safari/537.36',
  'cache-control' => 'no-cache',
  'pragma' => 'no-cache',
  'connection' => 'keep-alive',
  'host' => 'yingshi.oyaoyin.com',
  'content-type' => '',
  'content-length' => '',
)
[ info ] [ PARAM ] array (
)
[ info ] [ LOG ] INIT File
