---------------------------------------------------------------
[ 2018-07-16T10:04:15+08:00 ] 127.0.0.1 127.0.0.1 POST /api/user/login
[ info ] fire.cc/api/user/login [运行时间：0.149938s][吞吐率：6.67req/s] [内存消耗：2,596.05kb] [文件加载：77]
[ info ] [ BEHAVIOR ] Run Closure @app_init [ RunTime:0.002921s ]
[ info ] [ CACHE ] INIT File
[ info ] [ BEHAVIOR ] Run Closure @app_init [ RunTime:0.004645s ]
[ info ] [ LANG ] D:\phpStudy\WWW\fire\thinkphp\lang\zh-cn.php
[ info ] [ ROUTE ] array (
  'type' => 'module',
  'module' => 
  array (
    0 => 'api',
    1 => 'user',
    2 => 'login',
  ),
)
[ info ] [ HEADER ] array (
  'connection' => 'keep-alive',
  'content-length' => '242',
  'content-type' => 'multipart/form-data; boundary=--------------------------595177533439701702896134',
  'accept-encoding' => 'gzip, deflate',
  'host' => 'fire.cc',
  'accept' => '*/*',
  'user-agent' => 'PostmanRuntime/7.1.1',
  'postman-token' => 'bcc33f9b-c904-4fc0-a786-ffb205cf1676',
  'cache-control' => 'no-cache',
  'cookie' => 'access_token=28e67a6108c2fc863c9f996144d26ba7ccc3b8dc47c94a5d2d324bf831bd1105; PHPSESSID=3ts79ev326rakk6jvnbf05veo3',
)
[ info ] [ PARAM ] array (
  'row' => 'eyJtb2JpbGUiOiIxMzgwMDEzODAwMCIsInBhc3N3b3JkIjoiMTIzNDU2IiwidW5pcXVlIjoiMTIzNDU2In0=',
)
[ info ] [ BEHAVIOR ] Run app\common\behavior\Common @module_init [ RunTime:0.001475s ]
[ info ] [ DB ] INIT mysql
[ info ] [ SESSION ] INIT array (
  'id' => '',
  'var_session_id' => '',
  'prefix' => 'think',
  'type' => '',
  'auto_start' => true,
)
[ info ] [ RUN ] app\api\controller\User->login[ D:\phpStudy\WWW\fire\application\api\controller\User.php ]
[ info ] [ LOG ] INIT File
[ sql ] [ DB ] CONNECT:[ UseTime:0.006561s ] mysql:host=127.0.0.1;dbname=zgys;charset=utf8
[ sql ] [ SQL ] SHOW COLUMNS FROM `fa_config` [ RunTime:0.023958s ]
[ sql ] [ SQL ] SELECT `value` FROM `fa_config` WHERE  `name` = 'website' LIMIT 1 [ RunTime:0.003643s ]
[ sql ] [ SQL ] SHOW COLUMNS FROM `fa_user` [ RunTime:0.013616s ]
[ sql ] [ SQL ] SELECT * FROM `fa_user` WHERE  `mobile` = '13800138000' LIMIT 1 [ RunTime:0.000701s ]
[ sql ] [ SQL ] SELECT `id`,`username`,`mobile`,`nickname`,`createtime` FROM `fa_user` WHERE  `password` = '70119da1d93181f7002698c187ddd95b' LIMIT 1 [ RunTime:0.000363s ]
[ sql ] [ SQL ] SELECT `id`,`username`,`mobile`,`nickname`,`createtime` FROM `fa_user` WHERE  `password` = '70119da1d93181f7002698c187ddd95b' LIMIT 1 [ RunTime:0.000346s ]
[ sql ] [ SQL ] UPDATE `fa_user`  SET `mobile`='13800138000',`unique`='123456',`access_token`='53249797059593acd1333c5f033b1affb01a3ea064eaff22eee1ffa5f9a22766'  WHERE  (  mobile = '13800138000' ) [ RunTime:0.002325s ]
